mode: atomic
github.com/brizzai/brizz-code/internal/github/pr.go:25.27,28.2 2 0
github.com/brizzai/brizz-code/internal/github/pr.go:48.59,49.38 1 0
github.com/brizzai/brizz-code/internal/github/pr.go:49.38,51.3 1 0
github.com/brizzai/brizz-code/internal/github/pr.go:53.2,58.16 4 0
github.com/brizzai/brizz-code/internal/github/pr.go:58.16,61.3 1 0
github.com/brizzai/brizz-code/internal/github/pr.go:63.2,64.54 2 0
github.com/brizzai/brizz-code/internal/github/pr.go:64.54,67.3 2 0
github.com/brizzai/brizz-code/internal/github/pr.go:69.2,80.16 2 0
github.com/brizzai/brizz-code/internal/github/pr.go:84.80,88.20 3 0
github.com/brizzai/brizz-code/internal/github/pr.go:88.20,91.3 2 0
github.com/brizzai/brizz-code/internal/github/pr.go:92.2,107.16 6 0
github.com/brizzai/brizz-code/internal/github/pr.go:107.16,110.3 2 0
github.com/brizzai/brizz-code/internal/github/pr.go:112.2,125.56 2 0
github.com/brizzai/brizz-code/internal/github/pr.go:125.56,128.3 2 0
github.com/brizzai/brizz-code/internal/github/pr.go:130.2,131.75 2 0
github.com/brizzai/brizz-code/internal/github/pr.go:131.75,132.20 1 0
github.com/brizzai/brizz-code/internal/github/pr.go:132.20,134.4 1 0
github.com/brizzai/brizz-code/internal/github/pr.go:136.2,136.14 1 0
github.com/brizzai/brizz-code/internal/github/pr.go:140.55,141.22 1 10
github.com/brizzai/brizz-code/internal/github/pr.go:141.22,143.3 1 1
github.com/brizzai/brizz-code/internal/github/pr.go:145.2,148.31 3 9
github.com/brizzai/brizz-code/internal/github/pr.go:148.31,150.23 1 14
github.com/brizzai/brizz-code/internal/github/pr.go:150.23,151.12 1 2
github.com/brizzai/brizz-code/internal/github/pr.go:153.3,156.84 3 12
github.com/brizzai/brizz-code/internal/github/pr.go:156.84,158.4 1 4
github.com/brizzai/brizz-code/internal/github/pr.go:158.9,158.102 1 8
github.com/brizzai/brizz-code/internal/github/pr.go:158.102,160.4 1 3
github.com/brizzai/brizz-code/internal/github/pr.go:163.2,163.16 1 9
github.com/brizzai/brizz-code/internal/github/pr.go:163.16,165.3 1 4
github.com/brizzai/brizz-code/internal/github/pr.go:166.2,166.16 1 5
github.com/brizzai/brizz-code/internal/github/pr.go:166.16,168.3 1 2
github.com/brizzai/brizz-code/internal/github/pr.go:169.2,169.18 1 3
github.com/brizzai/brizz-code/internal/tmux/control.go:30.49,35.16 4 0
github.com/brizzai/brizz-code/internal/tmux/control.go:35.16,37.3 1 0
github.com/brizzai/brizz-code/internal/tmux/control.go:39.2,52.16 5 0
github.com/brizzai/brizz-code/internal/tmux/control.go:55.57,58.2 2 0
github.com/brizzai/brizz-code/internal/tmux/control.go:61.79,64.15 3 0
github.com/brizzai/brizz-code/internal/tmux/control.go:64.15,66.3 1 0
github.com/brizzai/brizz-code/internal/tmux/control.go:67.2,68.80 2 0
github.com/brizzai/brizz-code/internal/tmux/control.go:72.76,75.15 3 0
github.com/brizzai/brizz-code/internal/tmux/control.go:75.15,77.3 1 0
github.com/brizzai/brizz-code/internal/tmux/control.go:78.2,78.94 1 0
github.com/brizzai/brizz-code/internal/tmux/control.go:82.42,86.2 3 0
github.com/brizzai/brizz-code/internal/tmux/control.go:89.34,92.15 3 0
github.com/brizzai/brizz-code/internal/tmux/control.go:92.15,94.3 1 0
github.com/brizzai/brizz-code/internal/tmux/control.go:95.2,100.79 5 0
github.com/brizzai/brizz-code/internal/tmux/control.go:105.33,107.2 1 0
github.com/brizzai/brizz-code/internal/tmux/pty.go:25.53,26.17 1 0
github.com/brizzai/brizz-code/internal/tmux/pty.go:26.17,28.3 1 0
github.com/brizzai/brizz-code/internal/tmux/pty.go:30.2,36.16 5 0
github.com/brizzai/brizz-code/internal/tmux/pty.go:36.16,38.3 1 0
github.com/brizzai/brizz-code/internal/tmux/pty.go:39.2,43.16 3 0
github.com/brizzai/brizz-code/internal/tmux/pty.go:43.16,45.3 1 0
github.com/brizzai/brizz-code/internal/tmux/pty.go:46.2,46.15 1 0
github.com/brizzai/brizz-code/internal/tmux/pty.go:46.15,46.65 1 0
github.com/brizzai/brizz-code/internal/tmux/pty.go:49.2,52.15 4 0
github.com/brizzai/brizz-code/internal/tmux/pty.go:52.15,55.3 2 0
github.com/brizzai/brizz-code/internal/tmux/pty.go:57.2,61.12 3 0
github.com/brizzai/brizz-code/internal/tmux/pty.go:61.12,63.7 2 0
github.com/brizzai/brizz-code/internal/tmux/pty.go:63.7,64.11 1 0
github.com/brizzai/brizz-code/internal/tmux/pty.go:65.24,66.11 1 0
github.com/brizzai/brizz-code/internal/tmux/pty.go:67.29,68.12 1 0
github.com/brizzai/brizz-code/internal/tmux/pty.go:68.12,70.6 1 0
github.com/brizzai/brizz-code/internal/tmux/pty.go:71.5,71.57 1 0
github.com/brizzai/brizz-code/internal/tmux/pty.go:71.57,73.6 1 0
github.com/brizzai/brizz-code/internal/tmux/pty.go:78.2,88.12 8 0
github.com/brizzai/brizz-code/internal/tmux/pty.go:88.12,92.34 4 0
github.com/brizzai/brizz-code/internal/tmux/pty.go:92.34,93.11 1 0
github.com/brizzai/brizz-code/internal/tmux/pty.go:94.59,94.59 0 0
github.com/brizzai/brizz-code/internal/tmux/pty.go:95.12,95.12 0 0
github.com/brizzai/brizz-code/internal/tmux/pty.go:101.2,102.12 2 0
github.com/brizzai/brizz-code/internal/tmux/pty.go:102.12,105.7 3 0
github.com/brizzai/brizz-code/internal/tmux/pty.go:105.7,107.18 2 0
github.com/brizzai/brizz-code/internal/tmux/pty.go:107.18,108.22 1 0
github.com/brizzai/brizz-code/internal/tmux/pty.go:108.22,109.13 1 0
github.com/brizzai/brizz-code/internal/tmux/pty.go:110.63,110.63 0 0
github.com/brizzai/brizz-code/internal/tmux/pty.go:111.14,111.14 0 0
github.com/brizzai/brizz-code/internal/tmux/pty.go:114.5,114.11 1 0
github.com/brizzai/brizz-code/internal/tmux/pty.go:118.4,118.49 1 0
github.com/brizzai/brizz-code/internal/tmux/pty.go:118.49,119.13 1 0
github.com/brizzai/brizz-code/internal/tmux/pty.go:123.4,123.53 1 0
github.com/brizzai/brizz-code/internal/tmux/pty.go:123.53,124.16 1 0
github.com/brizzai/brizz-code/internal/tmux/pty.go:124.16,125.55 1 0
github.com/brizzai/brizz-code/internal/tmux/pty.go:125.55,126.14 1 0
github.com/brizzai/brizz-code/internal/tmux/pty.go:127.64,127.64 0 0
github.com/brizzai/brizz-code/internal/tmux/pty.go:128.15,128.15 0 0
github.com/brizzai/brizz-code/internal/tmux/pty.go:130.7,130.13 1 0
github.com/brizzai/brizz-code/internal/tmux/pty.go:133.5,135.11 3 0
github.com/brizzai/brizz-code/internal/tmux/pty.go:139.4,139.51 1 0
github.com/brizzai/brizz-code/internal/tmux/pty.go:139.51,140.12 1 0
github.com/brizzai/brizz-code/internal/tmux/pty.go:141.62,141.62 0 0
github.com/brizzai/brizz-code/internal/tmux/pty.go:142.13,142.13 0 0
github.com/brizzai/brizz-code/internal/tmux/pty.go:144.5,144.11 1 0
github.com/brizzai/brizz-code/internal/tmux/pty.go:150.2,152.12 3 0
github.com/brizzai/brizz-code/internal/tmux/pty.go:152.12,155.3 2 0
github.com/brizzai/brizz-code/internal/tmux/pty.go:157.2,157.26 1 0
github.com/brizzai/brizz-code/internal/tmux/pty.go:157.26,160.10 3 0
github.com/brizzai/brizz-code/internal/tmux/pty.go:161.21,161.21 0 0
github.com/brizzai/brizz-code/internal/tmux/pty.go:162.44,162.44 0 0
github.com/brizzai/brizz-code/internal/tmux/pty.go:164.3,164.51 1 0
github.com/brizzai/brizz-code/internal/tmux/pty.go:168.2,169.9 2 0
github.com/brizzai/brizz-code/internal/tmux/pty.go:170.18,171.18 1 0
github.com/brizzai/brizz-code/internal/tmux/pty.go:172.24,173.17 1 0
github.com/brizzai/brizz-code/internal/tmux/pty.go:173.17,174.48 1 0
github.com/brizzai/brizz-code/internal/tmux/pty.go:174.48,175.59 1 0
github.com/brizzai/brizz-code/internal/tmux/pty.go:175.59,177.6 1 0
github.com/brizzai/brizz-code/internal/tmux/pty.go:177.11,179.6 1 0
github.com/brizzai/brizz-code/internal/tmux/pty.go:180.10,182.5 1 0
github.com/brizzai/brizz-code/internal/tmux/pty.go:183.4,183.24 1 0
github.com/brizzai/brizz-code/internal/tmux/pty.go:183.24,185.5 1 0
github.com/brizzai/brizz-code/internal/tmux/pty.go:187.20,188.18 1 0
github.com/brizzai/brizz-code/internal/tmux/pty.go:191.2,192.18 2 0
github.com/brizzai/brizz-code/internal/tmux/tmux.go:44.30,46.34 2 0
github.com/brizzai/brizz-code/internal/tmux/tmux.go:46.34,48.3 1 0
github.com/brizzai/brizz-code/internal/tmux/tmux.go:49.2,49.12 1 0
github.com/brizzai/brizz-code/internal/tmux/tmux.go:53.55,61.2 3 1
github.com/brizzai/brizz-code/internal/tmux/tmux.go:64.71,70.2 1 1
github.com/brizzai/brizz-code/internal/tmux/tmux.go:75.62,78.24 2 0
github.com/brizzai/brizz-code/internal/tmux/tmux.go:78.24,80.3 1 0
github.com/brizzai/brizz-code/internal/tmux/tmux.go:81.2,82.53 2 0
github.com/brizzai/brizz-code/internal/tmux/tmux.go:82.53,85.3 2 0
github.com/brizzai/brizz-code/internal/tmux/tmux.go:86.2,99.19 5 0
github.com/brizzai/brizz-code/internal/tmux/tmux.go:99.19,101.58 2 0
github.com/brizzai/brizz-code/internal/tmux/tmux.go:101.58,103.4 1 0
github.com/brizzai/brizz-code/internal/tmux/tmux.go:107.2,111.29 3 0
github.com/brizzai/brizz-code/internal/tmux/tmux.go:111.29,113.3 1 0
github.com/brizzai/brizz-code/internal/tmux/tmux.go:114.2,117.12 3 0
github.com/brizzai/brizz-code/internal/tmux/tmux.go:121.40,131.34 4 0
github.com/brizzai/brizz-code/internal/tmux/tmux.go:131.34,133.3 1 0
github.com/brizzai/brizz-code/internal/tmux/tmux.go:138.68,141.24 3 0
github.com/brizzai/brizz-code/internal/tmux/tmux.go:141.24,143.3 1 0
github.com/brizzai/brizz-code/internal/tmux/tmux.go:144.2,146.34 3 0
github.com/brizzai/brizz-code/internal/tmux/tmux.go:146.34,149.3 2 0
github.com/brizzai/brizz-code/internal/tmux/tmux.go:150.2,150.12 1 0
github.com/brizzai/brizz-code/internal/tmux/tmux.go:154.37,156.16 2 0
github.com/brizzai/brizz-code/internal/tmux/tmux.go:156.16,159.3 2 0
github.com/brizzai/brizz-code/internal/tmux/tmux.go:160.2,160.46 1 0
github.com/brizzai/brizz-code/internal/tmux/tmux.go:164.33,167.79 2 0
github.com/brizzai/brizz-code/internal/tmux/tmux.go:167.79,171.3 3 0
github.com/brizzai/brizz-code/internal/tmux/tmux.go:172.2,176.25 3 0
github.com/brizzai/brizz-code/internal/tmux/tmux.go:180.50,184.34 4 0
github.com/brizzai/brizz-code/internal/tmux/tmux.go:184.34,187.3 2 0
github.com/brizzai/brizz-code/internal/tmux/tmux.go:188.2,188.12 1 0
github.com/brizzai/brizz-code/internal/tmux/tmux.go:192.54,195.34 3 0
github.com/brizzai/brizz-code/internal/tmux/tmux.go:195.34,198.3 2 0
github.com/brizzai/brizz-code/internal/tmux/tmux.go:199.2,199.12 1 0
github.com/brizzai/brizz-code/internal/tmux/tmux.go:203.54,209.2 5 0
github.com/brizzai/brizz-code/internal/tmux/tmux.go:212.32,215.34 3 0
github.com/brizzai/brizz-code/internal/tmux/tmux.go:215.34,218.3 2 0
github.com/brizzai/brizz-code/internal/tmux/tmux.go:221.2,225.12 4 0
github.com/brizzai/brizz-code/internal/tmux/tmux.go:229.49,232.71 2 0
github.com/brizzai/brizz-code/internal/tmux/tmux.go:232.71,236.3 3 0
github.com/brizzai/brizz-code/internal/tmux/tmux.go:237.2,240.71 2 0
github.com/brizzai/brizz-code/internal/tmux/tmux.go:240.71,246.17 5 0
github.com/brizzai/brizz-code/internal/tmux/tmux.go:246.17,247.45 1 0
github.com/brizzai/brizz-code/internal/tmux/tmux.go:247.45,253.21 5 0
github.com/brizzai/brizz-code/internal/tmux/tmux.go:253.21,255.6 1 0
github.com/brizzai/brizz-code/internal/tmux/tmux.go:257.4,258.57 2 0
github.com/brizzai/brizz-code/internal/tmux/tmux.go:261.3,269.22 6 0
github.com/brizzai/brizz-code/internal/tmux/tmux.go:272.2,272.16 1 0
github.com/brizzai/brizz-code/internal/tmux/tmux.go:272.16,274.3 1 0
github.com/brizzai/brizz-code/internal/tmux/tmux.go:275.2,275.29 1 0
github.com/brizzai/brizz-code/internal/tmux/tmux.go:279.28,282.16 3 0
github.com/brizzai/brizz-code/internal/tmux/tmux.go:282.16,284.3 1 0
github.com/brizzai/brizz-code/internal/tmux/tmux.go:286.2,287.78 2 0
github.com/brizzai/brizz-code/internal/tmux/tmux.go:287.78,288.17 1 0
github.com/brizzai/brizz-code/internal/tmux/tmux.go:288.17,289.12 1 0
github.com/brizzai/brizz-code/internal/tmux/tmux.go:291.3,292.21 2 0
github.com/brizzai/brizz-code/internal/tmux/tmux.go:292.21,293.12 1 0
github.com/brizzai/brizz-code/internal/tmux/tmux.go:295.3,298.28 4 0
github.com/brizzai/brizz-code/internal/tmux/tmux.go:301.2,304.25 4 0
github.com/brizzai/brizz-code/internal/tmux/tmux.go:308.30,313.37 4 0
github.com/brizzai/brizz-code/internal/tmux/tmux.go:313.37,314.45 1 0
github.com/brizzai/brizz-code/internal/tmux/tmux.go:314.45,316.4 1 0
github.com/brizzai/brizz-code/internal/tmux/tmux.go:318.2,318.17 1 0
github.com/brizzai/brizz-code/internal/tmux/tmux.go:322.47,327.2 4 0
github.com/brizzai/brizz-code/internal/tmux/tmux.go:329.31,333.2 3 101
github.com/brizzai/brizz-code/internal/tmux/tmux.go:335.39,337.25 2 17
github.com/brizzai/brizz-code/internal/tmux/tmux.go:337.25,338.93 1 241
github.com/brizzai/brizz-code/internal/tmux/tmux.go:338.93,340.4 1 220
github.com/brizzai/brizz-code/internal/tmux/tmux.go:340.9,342.4 1 21
github.com/brizzai/brizz-code/internal/tmux/tmux.go:344.2,347.32 3 17
github.com/brizzai/brizz-code/internal/tmux/tmux.go:347.32,349.3 1 4
github.com/brizzai/brizz-code/internal/tmux/tmux.go:350.2,350.13 1 17
github.com/brizzai/brizz-code/internal/tmux/tmux.go:350.13,352.3 1 2
github.com/brizzai/brizz-code/internal/tmux/tmux.go:354.2,354.17 1 17
github.com/brizzai/brizz-code/internal/tmux/tmux.go:354.17,356.3 1 1
github.com/brizzai/brizz-code/internal/tmux/tmux.go:357.2,357.10 1 17
github.com/brizzai/brizz-code/internal/config/config.go:24.43,25.31 1 3
github.com/brizzai/brizz-code/internal/config/config.go:25.31,27.3 1 1
github.com/brizzai/brizz-code/internal/config/config.go:28.2,28.28 1 2
github.com/brizzai/brizz-code/internal/config/config.go:32.45,33.25 1 3
github.com/brizzai/brizz-code/internal/config/config.go:33.25,35.3 1 1
github.com/brizzai/brizz-code/internal/config/config.go:36.2,36.22 1 2
github.com/brizzai/brizz-code/internal/config/config.go:40.33,43.2 2 0
github.com/brizzai/brizz-code/internal/config/config.go:46.21,53.16 4 0
github.com/brizzai/brizz-code/internal/config/config.go:53.16,56.3 2 0
github.com/brizzai/brizz-code/internal/config/config.go:58.2,58.50 1 0
github.com/brizzai/brizz-code/internal/config/config.go:58.50,60.3 1 0
github.com/brizzai/brizz-code/internal/config/config.go:60.8,62.3 1 0
github.com/brizzai/brizz-code/internal/config/config.go:65.2,65.29 1 0
github.com/brizzai/brizz-code/internal/config/config.go:65.29,67.3 1 0
github.com/brizzai/brizz-code/internal/config/config.go:69.2,69.12 1 0
github.com/brizzai/brizz-code/internal/config/config.go:73.31,75.62 2 0
github.com/brizzai/brizz-code/internal/config/config.go:75.62,78.3 2 0
github.com/brizzai/brizz-code/internal/config/config.go:79.2,80.16 2 0
github.com/brizzai/brizz-code/internal/config/config.go:80.16,83.3 2 0
github.com/brizzai/brizz-code/internal/config/config.go:84.2,84.55 1 0
github.com/brizzai/brizz-code/internal/config/config.go:84.55,87.3 2 0
github.com/brizzai/brizz-code/internal/config/config.go:88.2,88.12 1 0
github.com/brizzai/brizz-code/internal/config/config.go:92.53,93.33 1 3
github.com/brizzai/brizz-code/internal/config/config.go:93.33,95.3 1 1
github.com/brizzai/brizz-code/internal/config/config.go:96.2,96.30 1 2
github.com/brizzai/brizz-code/internal/config/config.go:100.40,101.28 1 4
github.com/brizzai/brizz-code/internal/config/config.go:101.28,103.3 1 1
github.com/brizzai/brizz-code/internal/config/config.go:104.2,104.17 1 3
github.com/brizzai/brizz-code/internal/config/config.go:108.37,109.20 1 3
github.com/brizzai/brizz-code/internal/config/config.go:109.20,111.3 1 1
github.com/brizzai/brizz-code/internal/config/config.go:112.2,112.49 1 2
github.com/brizzai/brizz-code/internal/config/config.go:112.49,114.3 1 1
github.com/brizzai/brizz-code/internal/config/config.go:115.2,115.15 1 1
github.com/brizzai/brizz-code/internal/workspace/provider.go:38.78,44.16 5 0
github.com/brizzai/brizz-code/internal/workspace/provider.go:44.16,45.47 1 0
github.com/brizzai/brizz-code/internal/workspace/provider.go:45.47,48.4 2 0
github.com/brizzai/brizz-code/internal/workspace/provider.go:49.3,50.55 2 0
github.com/brizzai/brizz-code/internal/workspace/provider.go:53.2,58.25 4 0
github.com/brizzai/brizz-code/internal/workspace/provider.go:58.25,60.23 2 0
github.com/brizzai/brizz-code/internal/workspace/provider.go:60.23,61.12 1 0
github.com/brizzai/brizz-code/internal/workspace/provider.go:63.3,63.30 1 0
github.com/brizzai/brizz-code/internal/workspace/provider.go:65.2,65.20 1 0
github.com/brizzai/brizz-code/internal/workspace/provider.go:68.105,78.22 6 0
github.com/brizzai/brizz-code/internal/workspace/provider.go:78.22,80.3 1 0
github.com/brizzai/brizz-code/internal/workspace/provider.go:81.2,82.50 2 0
github.com/brizzai/brizz-code/internal/workspace/provider.go:82.50,87.55 4 0
github.com/brizzai/brizz-code/internal/workspace/provider.go:87.55,90.20 2 0
github.com/brizzai/brizz-code/internal/workspace/provider.go:90.20,92.5 1 0
github.com/brizzai/brizz-code/internal/workspace/provider.go:93.4,94.58 2 0
github.com/brizzai/brizz-code/internal/workspace/provider.go:98.2,103.8 2 0
github.com/brizzai/brizz-code/internal/workspace/provider.go:106.68,116.16 6 0
github.com/brizzai/brizz-code/internal/workspace/provider.go:116.16,117.47 1 0
github.com/brizzai/brizz-code/internal/workspace/provider.go:117.47,120.4 2 0
github.com/brizzai/brizz-code/internal/workspace/provider.go:121.3,122.50 2 0
github.com/brizzai/brizz-code/internal/workspace/provider.go:124.2,125.19 2 0
github.com/brizzai/brizz-code/internal/workspace/provider.go:125.19,128.3 2 0
github.com/brizzai/brizz-code/internal/workspace/provider.go:132.2,141.25 5 0
github.com/brizzai/brizz-code/internal/workspace/provider.go:141.25,143.24 2 0
github.com/brizzai/brizz-code/internal/workspace/provider.go:143.24,144.12 1 0
github.com/brizzai/brizz-code/internal/workspace/provider.go:146.3,146.66 1 0
github.com/brizzai/brizz-code/internal/workspace/provider.go:146.66,148.9 2 0
github.com/brizzai/brizz-code/internal/workspace/provider.go:151.2,151.18 1 0
github.com/brizzai/brizz-code/internal/workspace/provider.go:151.18,154.3 2 0
github.com/brizzai/brizz-code/internal/workspace/provider.go:156.2,157.52 2 0
github.com/brizzai/brizz-code/internal/workspace/provider.go:157.52,160.3 2 0
github.com/brizzai/brizz-code/internal/workspace/provider.go:161.2,162.12 2 0
github.com/brizzai/brizz-code/internal/workspace/provider.go:165.49,165.64 1 0
github.com/brizzai/brizz-code/internal/workspace/provider.go:166.49,166.64 1 0
github.com/brizzai/brizz-code/internal/workspace/provider.go:167.49,167.65 1 0
github.com/brizzai/brizz-code/internal/workspace/provider.go:178.72,179.21 1 0
github.com/brizzai/brizz-code/internal/workspace/provider.go:179.21,181.3 1 0
github.com/brizzai/brizz-code/internal/workspace/provider.go:183.2,189.16 6 0
github.com/brizzai/brizz-code/internal/workspace/provider.go:189.16,190.47 1 0
github.com/brizzai/brizz-code/internal/workspace/provider.go:190.47,193.4 2 0
github.com/brizzai/brizz-code/internal/workspace/provider.go:194.3,195.57 2 0
github.com/brizzai/brizz-code/internal/workspace/provider.go:198.2,199.57 2 0
github.com/brizzai/brizz-code/internal/workspace/provider.go:199.57,202.3 2 0
github.com/brizzai/brizz-code/internal/workspace/provider.go:203.2,203.24 1 0
github.com/brizzai/brizz-code/internal/workspace/provider.go:206.99,207.23 1 0
github.com/brizzai/brizz-code/internal/workspace/provider.go:207.23,209.3 1 0
github.com/brizzai/brizz-code/internal/workspace/provider.go:211.2,214.18 3 0
github.com/brizzai/brizz-code/internal/workspace/provider.go:214.18,219.3 3 0
github.com/brizzai/brizz-code/internal/workspace/provider.go:219.8,221.3 1 0
github.com/brizzai/brizz-code/internal/workspace/provider.go:223.2,229.16 6 0
github.com/brizzai/brizz-code/internal/workspace/provider.go:229.16,230.47 1 0
github.com/brizzai/brizz-code/internal/workspace/provider.go:230.47,233.4 2 0
github.com/brizzai/brizz-code/internal/workspace/provider.go:234.3,235.59 2 0
github.com/brizzai/brizz-code/internal/workspace/provider.go:239.2,240.51 2 0
github.com/brizzai/brizz-code/internal/workspace/provider.go:240.51,243.3 2 0
github.com/brizzai/brizz-code/internal/workspace/provider.go:246.2,246.21 1 0
github.com/brizzai/brizz-code/internal/workspace/provider.go:246.21,248.21 2 0
github.com/brizzai/brizz-code/internal/workspace/provider.go:248.21,249.34 1 0
github.com/brizzai/brizz-code/internal/workspace/provider.go:249.34,250.24 1 0
github.com/brizzai/brizz-code/internal/workspace/provider.go:250.24,253.6 2 0
github.com/brizzai/brizz-code/internal/workspace/provider.go:259.2,260.56 2 0
github.com/brizzai/brizz-code/internal/workspace/provider.go:263.62,264.24 1 0
github.com/brizzai/brizz-code/internal/workspace/provider.go:264.24,266.3 1 0
github.com/brizzai/brizz-code/internal/workspace/provider.go:268.2,277.50 7 0
github.com/brizzai/brizz-code/internal/workspace/provider.go:277.50,280.3 2 0
github.com/brizzai/brizz-code/internal/workspace/provider.go:281.2,282.12 2 0
github.com/brizzai/brizz-code/internal/workspace/provider.go:285.43,285.71 1 0
github.com/brizzai/brizz-code/internal/workspace/provider.go:286.43,286.72 1 0
github.com/brizzai/brizz-code/internal/workspace/provider.go:287.43,287.58 1 0
github.com/brizzai/brizz-code/internal/workspace/provider.go:292.60,297.51 4 5
github.com/brizzai/brizz-code/internal/workspace/provider.go:297.51,299.43 2 20
github.com/brizzai/brizz-code/internal/workspace/provider.go:299.43,300.19 1 4
github.com/brizzai/brizz-code/internal/workspace/provider.go:300.19,302.5 1 1
github.com/brizzai/brizz-code/internal/workspace/provider.go:303.4,308.22 3 4
github.com/brizzai/brizz-code/internal/workspace/provider.go:309.9,309.59 1 16
github.com/brizzai/brizz-code/internal/workspace/provider.go:309.59,311.4 1 3
github.com/brizzai/brizz-code/internal/workspace/provider.go:313.2,313.17 1 5
github.com/brizzai/brizz-code/internal/workspace/provider.go:313.17,315.3 1 3
github.com/brizzai/brizz-code/internal/workspace/provider.go:316.2,316.15 1 5
github.com/brizzai/brizz-code/internal/workspace/provider.go:321.47,326.2 4 6
github.com/brizzai/brizz-code/internal/workspace/provider.go:330.55,335.2 4 2
github.com/brizzai/brizz-code/internal/workspace/provider.go:338.62,342.2 3 0
github.com/brizzai/brizz-code/internal/workspace/repo_config.go:24.48,30.22 4 0
github.com/brizzai/brizz-code/internal/workspace/repo_config.go:30.22,32.3 1 0
github.com/brizzai/brizz-code/internal/workspace/repo_config.go:33.2,33.24 1 0
github.com/brizzai/brizz-code/internal/workspace/repo_config.go:33.24,35.3 1 0
github.com/brizzai/brizz-code/internal/workspace/repo_config.go:36.2,36.25 1 0
github.com/brizzai/brizz-code/internal/workspace/repo_config.go:36.25,38.3 1 0
github.com/brizzai/brizz-code/internal/workspace/repo_config.go:41.2,41.70 1 0
github.com/brizzai/brizz-code/internal/workspace/repo_config.go:41.70,47.3 1 0
github.com/brizzai/brizz-code/internal/workspace/repo_config.go:50.2,50.31 1 0
github.com/brizzai/brizz-code/internal/workspace/repo_config.go:53.46,55.16 2 0
github.com/brizzai/brizz-code/internal/workspace/repo_config.go:55.16,57.3 1 0
github.com/brizzai/brizz-code/internal/workspace/repo_config.go:58.2,60.22 3 0
github.com/brizzai/brizz-code/internal/naming/naming.go:28.42,30.55 1 16
github.com/brizzai/brizz-code/internal/naming/naming.go:30.55,32.3 1 1
github.com/brizzai/brizz-code/internal/naming/naming.go:33.2,34.18 2 16
github.com/brizzai/brizz-code/internal/naming/naming.go:34.18,36.3 1 2
github.com/brizzai/brizz-code/internal/naming/naming.go:39.2,39.41 1 14
github.com/brizzai/brizz-code/internal/naming/naming.go:39.41,40.65 1 2
github.com/brizzai/brizz-code/internal/naming/naming.go:40.65,42.4 1 1
github.com/brizzai/brizz-code/internal/naming/naming.go:42.9,45.4 1 1
github.com/brizzai/brizz-code/internal/naming/naming.go:49.2,49.40 1 14
github.com/brizzai/brizz-code/internal/naming/naming.go:49.40,50.57 1 141
github.com/brizzai/brizz-code/internal/naming/naming.go:50.57,52.9 2 5
github.com/brizzai/brizz-code/internal/naming/naming.go:55.2,57.18 2 14
github.com/brizzai/brizz-code/internal/naming/naming.go:57.18,59.3 1 0
github.com/brizzai/brizz-code/internal/naming/naming.go:62.2,63.31 2 14
github.com/brizzai/brizz-code/internal/naming/naming.go:63.31,65.50 2 2
github.com/brizzai/brizz-code/internal/naming/naming.go:65.50,67.4 1 7
github.com/brizzai/brizz-code/internal/naming/naming.go:68.3,68.25 1 2
github.com/brizzai/brizz-code/internal/naming/naming.go:68.25,70.4 1 2
github.com/brizzai/brizz-code/internal/naming/naming.go:70.9,72.4 1 0
github.com/brizzai/brizz-code/internal/naming/naming.go:73.3,73.19 1 2
github.com/brizzai/brizz-code/internal/naming/naming.go:76.2,76.15 1 14
github.com/brizzai/brizz-code/internal/naming/naming.go:76.15,78.3 1 2
github.com/brizzai/brizz-code/internal/naming/naming.go:80.2,80.15 1 14
github.com/brizzai/brizz-code/internal/session/claude_name.go:13.72,14.48 1 8
github.com/brizzai/brizz-code/internal/session/claude_name.go:14.48,16.3 1 3
github.com/brizzai/brizz-code/internal/session/claude_name.go:18.2,19.16 2 5
github.com/brizzai/brizz-code/internal/session/claude_name.go:19.16,21.3 1 0
github.com/brizzai/brizz-code/internal/session/claude_name.go:24.2,29.16 4 5
github.com/brizzai/brizz-code/internal/session/claude_name.go:29.16,31.3 1 1
github.com/brizzai/brizz-code/internal/session/claude_name.go:32.2,38.21 5 4
github.com/brizzai/brizz-code/internal/session/claude_name.go:38.21,41.46 2 12
github.com/brizzai/brizz-code/internal/session/claude_name.go:41.46,42.12 1 6
github.com/brizzai/brizz-code/internal/session/claude_name.go:45.3,49.62 2 6
github.com/brizzai/brizz-code/internal/session/claude_name.go:49.62,50.12 1 2
github.com/brizzai/brizz-code/internal/session/claude_name.go:52.3,52.62 1 4
github.com/brizzai/brizz-code/internal/session/claude_name.go:52.62,54.4 1 3
github.com/brizzai/brizz-code/internal/session/claude_name.go:57.2,57.18 1 4
github.com/brizzai/brizz-code/internal/session/session.go:61.53,74.2 3 0
github.com/brizzai/brizz-code/internal/session/session.go:77.43,79.24 2 0
github.com/brizzai/brizz-code/internal/session/session.go:79.24,81.3 1 0
github.com/brizzai/brizz-code/internal/session/session.go:81.8,81.36 1 0
github.com/brizzai/brizz-code/internal/session/session.go:81.36,83.3 1 0
github.com/brizzai/brizz-code/internal/session/session.go:84.2,84.12 1 0
github.com/brizzai/brizz-code/internal/session/session.go:88.41,93.2 1 0
github.com/brizzai/brizz-code/internal/session/session.go:96.33,103.68 6 0
github.com/brizzai/brizz-code/internal/session/session.go:103.68,109.3 5 0
github.com/brizzai/brizz-code/internal/session/session.go:111.2,116.12 6 0
github.com/brizzai/brizz-code/internal/session/session.go:120.32,127.2 6 0
github.com/brizzai/brizz-code/internal/session/session.go:130.38,134.2 3 0
github.com/brizzai/brizz-code/internal/session/session.go:137.44,141.56 4 0
github.com/brizzai/brizz-code/internal/session/session.go:141.56,143.3 1 0
github.com/brizzai/brizz-code/internal/session/session.go:147.42,151.2 3 0
github.com/brizzai/brizz-code/internal/session/session.go:154.34,156.2 1 0
github.com/brizzai/brizz-code/internal/session/session.go:159.50,161.2 1 0
github.com/brizzai/brizz-code/internal/session/session.go:164.34,168.2 3 0
github.com/brizzai/brizz-code/internal/session/session.go:171.33,175.32 4 0
github.com/brizzai/brizz-code/internal/session/session.go:175.32,177.3 1 0
github.com/brizzai/brizz-code/internal/session/session.go:191.52,192.15 1 0
github.com/brizzai/brizz-code/internal/session/session.go:192.15,194.3 1 0
github.com/brizzai/brizz-code/internal/session/session.go:195.2,198.31 3 0
github.com/brizzai/brizz-code/internal/session/session.go:198.31,201.3 2 0
github.com/brizzai/brizz-code/internal/session/session.go:202.2,204.24 3 0
github.com/brizzai/brizz-code/internal/session/session.go:204.24,206.3 1 0
github.com/brizzai/brizz-code/internal/session/session.go:208.2,208.36 1 0
github.com/brizzai/brizz-code/internal/session/session.go:208.36,210.26 2 0
github.com/brizzai/brizz-code/internal/session/session.go:210.26,212.4 1 0
github.com/brizzai/brizz-code/internal/session/session.go:213.8,213.55 1 0
github.com/brizzai/brizz-code/internal/session/session.go:213.55,215.3 1 0
github.com/brizzai/brizz-code/internal/session/session.go:219.35,222.28 2 0
github.com/brizzai/brizz-code/internal/session/session.go:222.28,224.3 1 0
github.com/brizzai/brizz-code/internal/session/session.go:227.2,234.68 7 0
github.com/brizzai/brizz-code/internal/session/session.go:234.68,240.3 5 0
github.com/brizzai/brizz-code/internal/session/session.go:242.2,246.12 5 0
github.com/brizzai/brizz-code/internal/session/session.go:250.41,258.74 7 0
github.com/brizzai/brizz-code/internal/session/session.go:258.74,264.3 5 0
github.com/brizzai/brizz-code/internal/session/session.go:267.2,273.12 6 0
github.com/brizzai/brizz-code/internal/session/session.go:277.34,281.18 3 0
github.com/brizzai/brizz-code/internal/session/session.go:281.18,285.3 3 0
github.com/brizzai/brizz-code/internal/session/session.go:288.2,288.32 1 0
github.com/brizzai/brizz-code/internal/session/session.go:288.32,292.3 3 0
github.com/brizzai/brizz-code/internal/session/session.go:296.2,302.13 6 0
github.com/brizzai/brizz-code/internal/session/session.go:302.13,306.62 3 0
github.com/brizzai/brizz-code/internal/session/session.go:306.62,309.4 2 0
github.com/brizzai/brizz-code/internal/session/session.go:311.3,313.21 3 0
github.com/brizzai/brizz-code/internal/session/session.go:314.18,321.35 3 0
github.com/brizzai/brizz-code/internal/session/session.go:321.35,324.5 2 0
github.com/brizzai/brizz-code/internal/session/session.go:325.4,325.25 1 0
github.com/brizzai/brizz-code/internal/session/session.go:325.25,328.34 2 0
github.com/brizzai/brizz-code/internal/session/session.go:328.34,331.6 2 0
github.com/brizzai/brizz-code/internal/session/session.go:331.11,331.101 1 0
github.com/brizzai/brizz-code/internal/session/session.go:331.101,334.33 1 0
github.com/brizzai/brizz-code/internal/session/session.go:334.33,337.7 2 0
github.com/brizzai/brizz-code/internal/session/session.go:337.12,339.7 1 0
github.com/brizzai/brizz-code/internal/session/session.go:340.6,341.66 1 0
github.com/brizzai/brizz-code/internal/session/session.go:344.18,357.25 3 0
github.com/brizzai/brizz-code/internal/session/session.go:357.25,360.32 2 0
github.com/brizzai/brizz-code/internal/session/session.go:360.32,364.6 2 0
github.com/brizzai/brizz-code/internal/session/session.go:364.11,364.41 1 0
github.com/brizzai/brizz-code/internal/session/session.go:364.41,372.6 4 0
github.com/brizzai/brizz-code/internal/session/session.go:374.19,377.35 3 0
github.com/brizzai/brizz-code/internal/session/session.go:377.35,382.5 2 0
github.com/brizzai/brizz-code/internal/session/session.go:382.10,382.29 1 0
github.com/brizzai/brizz-code/internal/session/session.go:382.29,384.5 1 0
github.com/brizzai/brizz-code/internal/session/session.go:384.10,386.5 1 0
github.com/brizzai/brizz-code/internal/session/session.go:387.15,390.26 3 0
github.com/brizzai/brizz-code/internal/session/session.go:392.3,392.28 1 0
github.com/brizzai/brizz-code/internal/session/session.go:392.28,394.4 1 0
github.com/brizzai/brizz-code/internal/session/session.go:395.3,395.9 1 0
github.com/brizzai/brizz-code/internal/session/session.go:399.2,402.16 3 0
github.com/brizzai/brizz-code/internal/session/session.go:402.16,405.3 2 0
github.com/brizzai/brizz-code/internal/session/session.go:408.2,415.16 5 0
github.com/brizzai/brizz-code/internal/session/session.go:416.21,418.25 2 0
github.com/brizzai/brizz-code/internal/session/session.go:419.21,421.25 2 0
github.com/brizzai/brizz-code/internal/session/session.go:422.22,423.21 1 0
github.com/brizzai/brizz-code/internal/session/session.go:423.21,425.4 1 0
github.com/brizzai/brizz-code/internal/session/session.go:425.9,427.4 1 0
github.com/brizzai/brizz-code/internal/session/session.go:428.10,430.79 1 0
github.com/brizzai/brizz-code/internal/session/session.go:433.2,433.27 1 0
github.com/brizzai/brizz-code/internal/session/session.go:433.27,435.3 1 0
github.com/brizzai/brizz-code/internal/session/session.go:439.39,458.2 3 0
github.com/brizzai/brizz-code/internal/session/session.go:461.40,483.2 3 0
github.com/brizzai/brizz-code/internal/session/session.go:513.60,514.19 1 13
github.com/brizzai/brizz-code/internal/session/session.go:514.19,517.3 2 1
github.com/brizzai/brizz-code/internal/session/session.go:519.2,523.64 3 12
github.com/brizzai/brizz-code/internal/session/session.go:523.64,525.17 2 17
github.com/brizzai/brizz-code/internal/session/session.go:525.17,527.4 1 17
github.com/brizzai/brizz-code/internal/session/session.go:529.2,533.39 3 12
github.com/brizzai/brizz-code/internal/session/session.go:533.39,534.46 1 23
github.com/brizzai/brizz-code/internal/session/session.go:534.46,537.4 2 2
github.com/brizzai/brizz-code/internal/session/session.go:541.2,541.35 1 10
github.com/brizzai/brizz-code/internal/session/session.go:541.35,542.35 1 13
github.com/brizzai/brizz-code/internal/session/session.go:542.35,543.34 1 169
github.com/brizzai/brizz-code/internal/session/session.go:543.34,546.5 2 1
github.com/brizzai/brizz-code/internal/session/session.go:553.2,553.35 1 9
github.com/brizzai/brizz-code/internal/session/session.go:553.35,555.77 2 12
github.com/brizzai/brizz-code/internal/session/session.go:555.77,558.4 2 1
github.com/brizzai/brizz-code/internal/session/session.go:562.2,562.43 1 8
github.com/brizzai/brizz-code/internal/session/session.go:562.43,563.47 1 43
github.com/brizzai/brizz-code/internal/session/session.go:563.47,566.4 2 3
github.com/brizzai/brizz-code/internal/session/session.go:571.2,571.26 1 5
github.com/brizzai/brizz-code/internal/session/session.go:571.26,573.35 2 5
github.com/brizzai/brizz-code/internal/session/session.go:573.35,575.4 1 5
github.com/brizzai/brizz-code/internal/session/session.go:576.3,576.34 1 5
github.com/brizzai/brizz-code/internal/session/session.go:576.34,578.104 2 6
github.com/brizzai/brizz-code/internal/session/session.go:578.104,581.5 2 3
github.com/brizzai/brizz-code/internal/session/session.go:585.3,585.40 1 2
github.com/brizzai/brizz-code/internal/session/session.go:585.40,586.48 1 4
github.com/brizzai/brizz-code/internal/session/session.go:586.48,589.5 2 1
github.com/brizzai/brizz-code/internal/session/session.go:592.3,597.4 2 1
github.com/brizzai/brizz-code/internal/session/session.go:598.8,600.3 1 0
github.com/brizzai/brizz-code/internal/session/session.go:602.2,602.11 1 1
github.com/brizzai/brizz-code/internal/session/session.go:607.46,610.34 2 1
github.com/brizzai/brizz-code/internal/session/session.go:610.34,612.3 1 14
github.com/brizzai/brizz-code/internal/session/session.go:614.2,617.29 4 1
github.com/brizzai/brizz-code/internal/session/session.go:617.29,620.25 3 5
github.com/brizzai/brizz-code/internal/session/session.go:620.25,621.12 1 2
github.com/brizzai/brizz-code/internal/session/session.go:623.3,624.20 2 3
github.com/brizzai/brizz-code/internal/session/session.go:626.2,626.35 1 1
github.com/brizzai/brizz-code/internal/session/session.go:630.41,633.2 2 3
github.com/brizzai/brizz-code/internal/session/session.go:637.39,639.86 1 10
github.com/brizzai/brizz-code/internal/session/session.go:639.86,641.3 1 4
github.com/brizzai/brizz-code/internal/session/session.go:643.2,647.23 4 6
github.com/brizzai/brizz-code/internal/session/session.go:647.23,648.27 1 50
github.com/brizzai/brizz-code/internal/session/session.go:648.27,650.45 2 13
github.com/brizzai/brizz-code/internal/session/session.go:650.45,653.70 2 7
github.com/brizzai/brizz-code/internal/session/session.go:653.70,655.6 1 11
github.com/brizzai/brizz-code/internal/session/session.go:656.5,656.69 1 7
github.com/brizzai/brizz-code/internal/session/session.go:656.69,658.6 1 7
github.com/brizzai/brizz-code/internal/session/session.go:659.10,659.52 1 6
github.com/brizzai/brizz-code/internal/session/session.go:659.52,662.26 2 6
github.com/brizzai/brizz-code/internal/session/session.go:662.26,663.30 1 65
github.com/brizzai/brizz-code/internal/session/session.go:663.30,665.12 2 4
github.com/brizzai/brizz-code/internal/session/session.go:667.6,667.76 1 61
github.com/brizzai/brizz-code/internal/session/session.go:667.76,669.12 2 2
github.com/brizzai/brizz-code/internal/session/session.go:671.6,671.9 1 59
github.com/brizzai/brizz-code/internal/session/session.go:673.10,675.25 1 0
github.com/brizzai/brizz-code/internal/session/session.go:675.25,677.6 1 0
github.com/brizzai/brizz-code/internal/session/session.go:679.9,679.34 1 37
github.com/brizzai/brizz-code/internal/session/session.go:679.34,682.69 2 2
github.com/brizzai/brizz-code/internal/session/session.go:682.69,684.5 1 3
github.com/brizzai/brizz-code/internal/session/session.go:685.4,685.68 1 2
github.com/brizzai/brizz-code/internal/session/session.go:685.68,687.5 1 2
github.com/brizzai/brizz-code/internal/session/session.go:688.9,691.4 2 35
github.com/brizzai/brizz-code/internal/session/session.go:694.2,694.19 1 6
github.com/brizzai/brizz-code/internal/session/session.go:705.45,707.48 2 0
github.com/brizzai/brizz-code/internal/session/session.go:707.48,710.3 2 0
github.com/brizzai/brizz-code/internal/session/session.go:711.2,716.16 5 0
github.com/brizzai/brizz-code/internal/session/session.go:716.16,718.3 1 0
github.com/brizzai/brizz-code/internal/session/session.go:720.2,724.13 4 0
github.com/brizzai/brizz-code/internal/session/session.go:728.61,730.29 2 0
github.com/brizzai/brizz-code/internal/session/session.go:730.29,733.3 2 0
github.com/brizzai/brizz-code/internal/session/session.go:734.2,734.15 1 0
github.com/brizzai/brizz-code/internal/session/session.go:737.26,741.2 3 2
github.com/brizzai/brizz-code/internal/session/session.go:744.40,746.2 1 4
github.com/brizzai/brizz-code/internal/session/storage.go:38.29,41.2 2 0
github.com/brizzai/brizz-code/internal/session/storage.go:44.44,47.64 2 14
github.com/brizzai/brizz-code/internal/session/storage.go:47.64,50.3 2 0
github.com/brizzai/brizz-code/internal/session/storage.go:52.2,53.16 2 14
github.com/brizzai/brizz-code/internal/session/storage.go:53.16,56.3 2 0
github.com/brizzai/brizz-code/internal/session/storage.go:59.2,64.28 2 14
github.com/brizzai/brizz-code/internal/session/storage.go:64.28,65.39 1 42
github.com/brizzai/brizz-code/internal/session/storage.go:65.39,69.4 3 0
github.com/brizzai/brizz-code/internal/session/storage.go:72.2,73.36 2 14
github.com/brizzai/brizz-code/internal/session/storage.go:73.36,77.3 3 0
github.com/brizzai/brizz-code/internal/session/storage.go:79.2,80.15 2 14
github.com/brizzai/brizz-code/internal/session/storage.go:84.33,87.2 2 14
github.com/brizzai/brizz-code/internal/session/storage.go:89.35,102.16 2 14
github.com/brizzai/brizz-code/internal/session/storage.go:102.16,105.3 2 0
github.com/brizzai/brizz-code/internal/session/storage.go:108.2,108.51 1 14
github.com/brizzai/brizz-code/internal/session/storage.go:108.51,110.17 2 13
github.com/brizzai/brizz-code/internal/session/storage.go:110.17,113.4 2 0
github.com/brizzai/brizz-code/internal/session/storage.go:117.2,117.48 1 14
github.com/brizzai/brizz-code/internal/session/storage.go:117.48,119.17 2 13
github.com/brizzai/brizz-code/internal/session/storage.go:119.17,122.4 2 0
github.com/brizzai/brizz-code/internal/session/storage.go:126.2,126.50 1 14
github.com/brizzai/brizz-code/internal/session/storage.go:126.50,128.17 2 13
github.com/brizzai/brizz-code/internal/session/storage.go:128.17,131.4 2 0
github.com/brizzai/brizz-code/internal/session/storage.go:133.2,133.46 1 14
github.com/brizzai/brizz-code/internal/session/storage.go:133.46,135.17 2 13
github.com/brizzai/brizz-code/internal/session/storage.go:135.17,138.4 2 0
github.com/brizzai/brizz-code/internal/session/storage.go:140.2,140.49 1 14
github.com/brizzai/brizz-code/internal/session/storage.go:140.49,142.17 2 13
github.com/brizzai/brizz-code/internal/session/storage.go:142.17,145.4 2 0
github.com/brizzai/brizz-code/internal/session/storage.go:147.2,147.46 1 14
github.com/brizzai/brizz-code/internal/session/storage.go:147.46,149.17 2 13
github.com/brizzai/brizz-code/internal/session/storage.go:149.17,152.4 2 0
github.com/brizzai/brizz-code/internal/session/storage.go:155.2,155.12 1 14
github.com/brizzai/brizz-code/internal/session/storage.go:158.56,160.16 2 84
github.com/brizzai/brizz-code/internal/session/storage.go:160.16,162.3 1 0
github.com/brizzai/brizz-code/internal/session/storage.go:163.2,164.18 2 84
github.com/brizzai/brizz-code/internal/session/storage.go:164.18,170.83 6 888
github.com/brizzai/brizz-code/internal/session/storage.go:170.83,171.12 1 0
github.com/brizzai/brizz-code/internal/session/storage.go:173.3,173.21 1 888
github.com/brizzai/brizz-code/internal/session/storage.go:173.21,175.4 1 6
github.com/brizzai/brizz-code/internal/session/storage.go:177.2,177.14 1 78
github.com/brizzai/brizz-code/internal/session/storage.go:181.54,192.16 2 14
github.com/brizzai/brizz-code/internal/session/storage.go:192.16,194.3 1 0
github.com/brizzai/brizz-code/internal/session/storage.go:195.2,195.12 1 14
github.com/brizzai/brizz-code/internal/session/storage.go:199.57,204.16 2 16
github.com/brizzai/brizz-code/internal/session/storage.go:204.16,207.3 2 0
github.com/brizzai/brizz-code/internal/session/storage.go:208.2,211.18 3 16
github.com/brizzai/brizz-code/internal/session/storage.go:211.18,215.233 4 17
github.com/brizzai/brizz-code/internal/session/storage.go:215.233,218.4 2 0
github.com/brizzai/brizz-code/internal/session/storage.go:219.3,224.34 6 17
github.com/brizzai/brizz-code/internal/session/storage.go:226.2,226.35 1 16
github.com/brizzai/brizz-code/internal/session/storage.go:226.35,229.3 2 0
github.com/brizzai/brizz-code/internal/session/storage.go:230.2,231.22 2 16
github.com/brizzai/brizz-code/internal/session/storage.go:235.50,238.16 3 3
github.com/brizzai/brizz-code/internal/session/storage.go:238.16,240.3 1 0
github.com/brizzai/brizz-code/internal/session/storage.go:241.2,241.12 1 3
github.com/brizzai/brizz-code/internal/session/storage.go:245.57,251.16 2 2
github.com/brizzai/brizz-code/internal/session/storage.go:251.16,253.3 1 0
github.com/brizzai/brizz-code/internal/session/storage.go:254.2,254.12 1 2
github.com/brizzai/brizz-code/internal/session/storage.go:258.62,261.2 2 1
github.com/brizzai/brizz-code/internal/session/storage.go:264.55,267.2 2 0
github.com/brizzai/brizz-code/internal/session/storage.go:270.67,273.2 2 0
github.com/brizzai/brizz-code/internal/session/storage.go:276.75,278.16 2 1
github.com/brizzai/brizz-code/internal/session/storage.go:278.16,280.3 1 0
github.com/brizzai/brizz-code/internal/session/storage.go:281.2,281.12 1 1
github.com/brizzai/brizz-code/internal/session/storage.go:285.55,287.16 2 1
github.com/brizzai/brizz-code/internal/session/storage.go:287.16,289.3 1 0
github.com/brizzai/brizz-code/internal/session/storage.go:290.2,290.12 1 1
github.com/brizzai/brizz-code/internal/session/storage.go:294.62,297.2 2 0
github.com/brizzai/brizz-code/internal/session/storage.go:300.56,303.2 2 1
github.com/brizzai/brizz-code/internal/session/storage.go:306.62,309.2 2 0
github.com/brizzai/brizz-code/internal/session/storage.go:312.55,315.2 2 1
github.com/brizzai/brizz-code/internal/session/storage.go:318.56,321.2 2 1
github.com/brizzai/brizz-code/internal/session/storage.go:324.65,327.2 2 1
github.com/brizzai/brizz-code/internal/session/storage.go:329.28,330.7 1 45
github.com/brizzai/brizz-code/internal/session/storage.go:330.7,332.3 1 6
github.com/brizzai/brizz-code/internal/session/storage.go:333.2,333.10 1 39
github.com/brizzai/brizz-code/internal/hooks/claude_hooks.go:45.34,46.54 1 0
github.com/brizzai/brizz-code/internal/hooks/claude_hooks.go:46.54,48.3 1 0
github.com/brizzai/brizz-code/internal/hooks/claude_hooks.go:49.2,50.16 2 0
github.com/brizzai/brizz-code/internal/hooks/claude_hooks.go:50.16,52.3 1 0
github.com/brizzai/brizz-code/internal/hooks/claude_hooks.go:53.2,53.39 1 0
github.com/brizzai/brizz-code/internal/hooks/claude_hooks.go:57.30,59.16 2 35
github.com/brizzai/brizz-code/internal/hooks/claude_hooks.go:59.16,61.3 1 0
github.com/brizzai/brizz-code/internal/hooks/claude_hooks.go:63.2,64.16 2 35
github.com/brizzai/brizz-code/internal/hooks/claude_hooks.go:64.16,66.3 1 0
github.com/brizzai/brizz-code/internal/hooks/claude_hooks.go:67.2,67.35 1 35
github.com/brizzai/brizz-code/internal/hooks/claude_hooks.go:71.48,77.2 1 17
github.com/brizzai/brizz-code/internal/hooks/claude_hooks.go:81.56,86.16 4 2
github.com/brizzai/brizz-code/internal/hooks/claude_hooks.go:86.16,87.26 1 1
github.com/brizzai/brizz-code/internal/hooks/claude_hooks.go:87.26,90.4 2 0
github.com/brizzai/brizz-code/internal/hooks/claude_hooks.go:91.3,91.49 1 1
github.com/brizzai/brizz-code/internal/hooks/claude_hooks.go:92.8,93.60 1 1
github.com/brizzai/brizz-code/internal/hooks/claude_hooks.go:93.60,96.4 2 0
github.com/brizzai/brizz-code/internal/hooks/claude_hooks.go:99.2,100.41 2 2
github.com/brizzai/brizz-code/internal/hooks/claude_hooks.go:100.41,101.61 1 0
github.com/brizzai/brizz-code/internal/hooks/claude_hooks.go:101.61,104.4 2 0
github.com/brizzai/brizz-code/internal/hooks/claude_hooks.go:105.8,107.3 1 2
github.com/brizzai/brizz-code/internal/hooks/claude_hooks.go:109.2,109.115 1 2
github.com/brizzai/brizz-code/internal/hooks/claude_hooks.go:109.115,112.3 2 0
github.com/brizzai/brizz-code/internal/hooks/claude_hooks.go:114.2,114.39 1 2
github.com/brizzai/brizz-code/internal/hooks/claude_hooks.go:114.39,116.3 1 14
github.com/brizzai/brizz-code/internal/hooks/claude_hooks.go:119.2,122.16 3 2
github.com/brizzai/brizz-code/internal/hooks/claude_hooks.go:122.16,124.3 1 0
github.com/brizzai/brizz-code/internal/hooks/claude_hooks.go:125.2,128.16 3 2
github.com/brizzai/brizz-code/internal/hooks/claude_hooks.go:128.16,130.3 1 0
github.com/brizzai/brizz-code/internal/hooks/claude_hooks.go:132.2,132.53 1 2
github.com/brizzai/brizz-code/internal/hooks/claude_hooks.go:132.53,134.3 1 0
github.com/brizzai/brizz-code/internal/hooks/claude_hooks.go:136.2,137.63 2 2
github.com/brizzai/brizz-code/internal/hooks/claude_hooks.go:137.63,139.3 1 0
github.com/brizzai/brizz-code/internal/hooks/claude_hooks.go:140.2,140.57 1 2
github.com/brizzai/brizz-code/internal/hooks/claude_hooks.go:140.57,144.3 3 0
github.com/brizzai/brizz-code/internal/hooks/claude_hooks.go:146.2,147.18 2 2
github.com/brizzai/brizz-code/internal/hooks/claude_hooks.go:151.56,156.16 4 1
github.com/brizzai/brizz-code/internal/hooks/claude_hooks.go:156.16,157.25 1 1
github.com/brizzai/brizz-code/internal/hooks/claude_hooks.go:157.25,160.4 2 1
github.com/brizzai/brizz-code/internal/hooks/claude_hooks.go:161.3,162.58 2 0
github.com/brizzai/brizz-code/internal/hooks/claude_hooks.go:165.2,166.59 2 0
github.com/brizzai/brizz-code/internal/hooks/claude_hooks.go:166.59,169.3 2 0
github.com/brizzai/brizz-code/internal/hooks/claude_hooks.go:171.2,172.9 2 0
github.com/brizzai/brizz-code/internal/hooks/claude_hooks.go:172.9,175.3 2 0
github.com/brizzai/brizz-code/internal/hooks/claude_hooks.go:177.2,178.65 2 0
github.com/brizzai/brizz-code/internal/hooks/claude_hooks.go:178.65,181.3 2 0
github.com/brizzai/brizz-code/internal/hooks/claude_hooks.go:183.2,184.39 2 0
github.com/brizzai/brizz-code/internal/hooks/claude_hooks.go:184.39,185.46 1 0
github.com/brizzai/brizz-code/internal/hooks/claude_hooks.go:185.46,187.17 2 0
github.com/brizzai/brizz-code/internal/hooks/claude_hooks.go:187.17,189.23 2 0
github.com/brizzai/brizz-code/internal/hooks/claude_hooks.go:189.23,191.6 1 0
github.com/brizzai/brizz-code/internal/hooks/claude_hooks.go:191.11,193.6 1 0
github.com/brizzai/brizz-code/internal/hooks/claude_hooks.go:198.2,198.14 1 0
github.com/brizzai/brizz-code/internal/hooks/claude_hooks.go:198.14,201.3 2 0
github.com/brizzai/brizz-code/internal/hooks/claude_hooks.go:203.2,203.29 1 0
github.com/brizzai/brizz-code/internal/hooks/claude_hooks.go:203.29,205.3 1 0
github.com/brizzai/brizz-code/internal/hooks/claude_hooks.go:205.8,208.3 2 0
github.com/brizzai/brizz-code/internal/hooks/claude_hooks.go:210.2,211.16 2 0
github.com/brizzai/brizz-code/internal/hooks/claude_hooks.go:211.16,213.3 1 0
github.com/brizzai/brizz-code/internal/hooks/claude_hooks.go:215.2,216.63 2 0
github.com/brizzai/brizz-code/internal/hooks/claude_hooks.go:216.63,219.3 2 0
github.com/brizzai/brizz-code/internal/hooks/claude_hooks.go:220.2,220.57 1 0
github.com/brizzai/brizz-code/internal/hooks/claude_hooks.go:220.57,224.3 3 0
github.com/brizzai/brizz-code/internal/hooks/claude_hooks.go:226.2,227.18 2 0
github.com/brizzai/brizz-code/internal/hooks/claude_hooks.go:231.47,234.16 3 3
github.com/brizzai/brizz-code/internal/hooks/claude_hooks.go:234.16,236.3 1 1
github.com/brizzai/brizz-code/internal/hooks/claude_hooks.go:238.2,239.59 2 2
github.com/brizzai/brizz-code/internal/hooks/claude_hooks.go:239.59,241.3 1 0
github.com/brizzai/brizz-code/internal/hooks/claude_hooks.go:243.2,244.9 2 2
github.com/brizzai/brizz-code/internal/hooks/claude_hooks.go:244.9,246.3 1 1
github.com/brizzai/brizz-code/internal/hooks/claude_hooks.go:248.2,249.65 2 1
github.com/brizzai/brizz-code/internal/hooks/claude_hooks.go:249.65,251.3 1 0
github.com/brizzai/brizz-code/internal/hooks/claude_hooks.go:253.2,253.45 1 1
github.com/brizzai/brizz-code/internal/hooks/claude_hooks.go:257.64,259.39 2 3
github.com/brizzai/brizz-code/internal/hooks/claude_hooks.go:259.39,261.3 1 21
github.com/brizzai/brizz-code/internal/hooks/claude_hooks.go:262.2,262.32 1 3
github.com/brizzai/brizz-code/internal/hooks/claude_hooks.go:262.32,263.26 1 8
github.com/brizzai/brizz-code/internal/hooks/claude_hooks.go:263.26,264.12 1 6
github.com/brizzai/brizz-code/internal/hooks/claude_hooks.go:266.3,266.33 1 2
github.com/brizzai/brizz-code/internal/hooks/claude_hooks.go:266.33,268.4 1 1
github.com/brizzai/brizz-code/internal/hooks/claude_hooks.go:270.2,270.14 1 2
github.com/brizzai/brizz-code/internal/hooks/claude_hooks.go:274.61,276.39 2 5
github.com/brizzai/brizz-code/internal/hooks/claude_hooks.go:276.39,278.3 1 35
github.com/brizzai/brizz-code/internal/hooks/claude_hooks.go:280.2,280.32 1 5
github.com/brizzai/brizz-code/internal/hooks/claude_hooks.go:280.32,281.26 1 20
github.com/brizzai/brizz-code/internal/hooks/claude_hooks.go:281.26,282.12 1 18
github.com/brizzai/brizz-code/internal/hooks/claude_hooks.go:284.3,284.34 1 2
github.com/brizzai/brizz-code/internal/hooks/claude_hooks.go:284.34,285.12 1 0
github.com/brizzai/brizz-code/internal/hooks/claude_hooks.go:287.3,288.16 2 2
github.com/brizzai/brizz-code/internal/hooks/claude_hooks.go:288.16,289.22 1 2
github.com/brizzai/brizz-code/internal/hooks/claude_hooks.go:289.22,291.5 1 1
github.com/brizzai/brizz-code/internal/hooks/claude_hooks.go:291.10,293.5 1 1
github.com/brizzai/brizz-code/internal/hooks/claude_hooks.go:299.67,300.39 1 6
github.com/brizzai/brizz-code/internal/hooks/claude_hooks.go:300.39,302.10 2 18
github.com/brizzai/brizz-code/internal/hooks/claude_hooks.go:302.10,304.4 1 4
github.com/brizzai/brizz-code/internal/hooks/claude_hooks.go:305.3,305.24 1 14
github.com/brizzai/brizz-code/internal/hooks/claude_hooks.go:305.24,306.59 1 4
github.com/brizzai/brizz-code/internal/hooks/claude_hooks.go:306.59,308.5 1 0
github.com/brizzai/brizz-code/internal/hooks/claude_hooks.go:309.9,310.35 1 10
github.com/brizzai/brizz-code/internal/hooks/claude_hooks.go:310.35,312.5 1 0
github.com/brizzai/brizz-code/internal/hooks/claude_hooks.go:315.2,315.13 1 2
github.com/brizzai/brizz-code/internal/hooks/claude_hooks.go:319.61,321.39 2 0
github.com/brizzai/brizz-code/internal/hooks/claude_hooks.go:321.39,323.10 2 0
github.com/brizzai/brizz-code/internal/hooks/claude_hooks.go:323.10,324.12 1 0
github.com/brizzai/brizz-code/internal/hooks/claude_hooks.go:326.3,327.56 2 0
github.com/brizzai/brizz-code/internal/hooks/claude_hooks.go:327.56,328.12 1 0
github.com/brizzai/brizz-code/internal/hooks/claude_hooks.go:330.3,330.30 1 0
github.com/brizzai/brizz-code/internal/hooks/claude_hooks.go:330.30,332.53 1 0
github.com/brizzai/brizz-code/internal/hooks/claude_hooks.go:332.53,333.13 1 0
github.com/brizzai/brizz-code/internal/hooks/claude_hooks.go:335.4,335.30 1 0
github.com/brizzai/brizz-code/internal/hooks/claude_hooks.go:335.30,336.84 1 0
github.com/brizzai/brizz-code/internal/hooks/claude_hooks.go:336.84,338.6 1 0
github.com/brizzai/brizz-code/internal/hooks/claude_hooks.go:342.2,342.14 1 0
github.com/brizzai/brizz-code/internal/hooks/claude_hooks.go:346.81,348.55 2 7
github.com/brizzai/brizz-code/internal/hooks/claude_hooks.go:348.55,350.3 1 0
github.com/brizzai/brizz-code/internal/hooks/claude_hooks.go:351.2,351.29 1 7
github.com/brizzai/brizz-code/internal/hooks/claude_hooks.go:351.29,352.27 1 9
github.com/brizzai/brizz-code/internal/hooks/claude_hooks.go:352.27,353.12 1 3
github.com/brizzai/brizz-code/internal/hooks/claude_hooks.go:355.3,355.29 1 6
github.com/brizzai/brizz-code/internal/hooks/claude_hooks.go:355.29,356.56 1 6
github.com/brizzai/brizz-code/internal/hooks/claude_hooks.go:356.56,358.5 1 5
github.com/brizzai/brizz-code/internal/hooks/claude_hooks.go:361.2,361.14 1 2
github.com/brizzai/brizz-code/internal/hooks/claude_hooks.go:365.54,367.55 2 19
github.com/brizzai/brizz-code/internal/hooks/claude_hooks.go:367.55,369.3 1 1
github.com/brizzai/brizz-code/internal/hooks/claude_hooks.go:370.2,370.29 1 18
github.com/brizzai/brizz-code/internal/hooks/claude_hooks.go:370.29,371.29 1 18
github.com/brizzai/brizz-code/internal/hooks/claude_hooks.go:371.29,372.56 1 18
github.com/brizzai/brizz-code/internal/hooks/claude_hooks.go:372.56,374.5 1 15
github.com/brizzai/brizz-code/internal/hooks/claude_hooks.go:377.2,377.14 1 3
github.com/brizzai/brizz-code/internal/hooks/claude_hooks.go:381.91,384.21 2 18
github.com/brizzai/brizz-code/internal/hooks/claude_hooks.go:384.21,385.61 1 5
github.com/brizzai/brizz-code/internal/hooks/claude_hooks.go:385.61,387.4 1 0
github.com/brizzai/brizz-code/internal/hooks/claude_hooks.go:390.2,393.29 2 18
github.com/brizzai/brizz-code/internal/hooks/claude_hooks.go:393.29,394.27 1 5
github.com/brizzai/brizz-code/internal/hooks/claude_hooks.go:394.27,395.30 1 2
github.com/brizzai/brizz-code/internal/hooks/claude_hooks.go:395.30,396.57 1 2
github.com/brizzai/brizz-code/internal/hooks/claude_hooks.go:396.57,398.33 1 1
github.com/brizzai/brizz-code/internal/hooks/claude_hooks.go:398.33,400.7 1 1
github.com/brizzai/brizz-code/internal/hooks/claude_hooks.go:401.6,402.19 2 1
github.com/brizzai/brizz-code/internal/hooks/claude_hooks.go:406.4,408.17 3 1
github.com/brizzai/brizz-code/internal/hooks/claude_hooks.go:413.2,419.15 4 16
github.com/brizzai/brizz-code/internal/hooks/claude_hooks.go:423.76,425.55 2 5
github.com/brizzai/brizz-code/internal/hooks/claude_hooks.go:425.55,427.3 1 0
github.com/brizzai/brizz-code/internal/hooks/claude_hooks.go:429.2,432.29 3 5
github.com/brizzai/brizz-code/internal/hooks/claude_hooks.go:432.29,434.29 2 5
github.com/brizzai/brizz-code/internal/hooks/claude_hooks.go:434.29,435.56 1 7
github.com/brizzai/brizz-code/internal/hooks/claude_hooks.go:435.56,437.13 2 4
github.com/brizzai/brizz-code/internal/hooks/claude_hooks.go:439.4,439.26 1 3
github.com/brizzai/brizz-code/internal/hooks/claude_hooks.go:441.3,441.20 1 5
github.com/brizzai/brizz-code/internal/hooks/claude_hooks.go:441.20,444.4 2 3
github.com/brizzai/brizz-code/internal/hooks/claude_hooks.go:447.2,447.14 1 5
github.com/brizzai/brizz-code/internal/hooks/claude_hooks.go:447.14,449.3 1 1
github.com/brizzai/brizz-code/internal/hooks/claude_hooks.go:450.2,450.23 1 4
github.com/brizzai/brizz-code/internal/hooks/claude_hooks.go:450.23,452.3 1 2
github.com/brizzai/brizz-code/internal/hooks/claude_hooks.go:454.2,455.21 2 2
github.com/brizzai/brizz-code/internal/hooks/hook_watcher.go:41.27,43.16 2 0
github.com/brizzai/brizz-code/internal/hooks/hook_watcher.go:43.16,45.3 1 0
github.com/brizzai/brizz-code/internal/hooks/hook_watcher.go:46.2,46.62 1 0
github.com/brizzai/brizz-code/internal/hooks/hook_watcher.go:50.45,53.52 2 0
github.com/brizzai/brizz-code/internal/hooks/hook_watcher.go:53.52,56.3 2 0
github.com/brizzai/brizz-code/internal/hooks/hook_watcher.go:58.2,59.16 2 0
github.com/brizzai/brizz-code/internal/hooks/hook_watcher.go:59.16,62.3 2 0
github.com/brizzai/brizz-code/internal/hooks/hook_watcher.go:64.2,73.8 3 0
github.com/brizzai/brizz-code/internal/hooks/hook_watcher.go:77.31,78.50 1 0
github.com/brizzai/brizz-code/internal/hooks/hook_watcher.go:78.50,81.3 2 0
github.com/brizzai/brizz-code/internal/hooks/hook_watcher.go:83.2,89.6 5 0
github.com/brizzai/brizz-code/internal/hooks/hook_watcher.go:89.6,90.10 1 0
github.com/brizzai/brizz-code/internal/hooks/hook_watcher.go:91.23,92.10 1 0
github.com/brizzai/brizz-code/internal/hooks/hook_watcher.go:94.40,95.11 1 0
github.com/brizzai/brizz-code/internal/hooks/hook_watcher.go:95.11,97.5 1 0
github.com/brizzai/brizz-code/internal/hooks/hook_watcher.go:99.4,99.43 1 0
github.com/brizzai/brizz-code/internal/hooks/hook_watcher.go:99.43,100.13 1 0
github.com/brizzai/brizz-code/internal/hooks/hook_watcher.go:102.4,102.54 1 0
github.com/brizzai/brizz-code/internal/hooks/hook_watcher.go:102.54,103.13 1 0
github.com/brizzai/brizz-code/internal/hooks/hook_watcher.go:106.4,108.28 3 0
github.com/brizzai/brizz-code/internal/hooks/hook_watcher.go:108.28,110.5 1 0
github.com/brizzai/brizz-code/internal/hooks/hook_watcher.go:111.4,111.56 1 0
github.com/brizzai/brizz-code/internal/hooks/hook_watcher.go:111.56,114.33 3 0
github.com/brizzai/brizz-code/internal/hooks/hook_watcher.go:114.33,116.6 1 0
github.com/brizzai/brizz-code/internal/hooks/hook_watcher.go:117.5,120.29 3 0
github.com/brizzai/brizz-code/internal/hooks/hook_watcher.go:120.29,122.6 1 0
github.com/brizzai/brizz-code/internal/hooks/hook_watcher.go:124.4,124.22 1 0
github.com/brizzai/brizz-code/internal/hooks/hook_watcher.go:126.43,127.11 1 0
github.com/brizzai/brizz-code/internal/hooks/hook_watcher.go:127.11,129.5 1 0
github.com/brizzai/brizz-code/internal/hooks/hook_watcher.go:130.4,130.74 1 0
github.com/brizzai/brizz-code/internal/hooks/hook_watcher.go:136.30,139.2 2 0
github.com/brizzai/brizz-code/internal/hooks/hook_watcher.go:142.63,146.2 3 0
github.com/brizzai/brizz-code/internal/hooks/hook_watcher.go:149.38,151.16 2 0
github.com/brizzai/brizz-code/internal/hooks/hook_watcher.go:151.16,154.3 2 0
github.com/brizzai/brizz-code/internal/hooks/hook_watcher.go:156.2,157.32 2 0
github.com/brizzai/brizz-code/internal/hooks/hook_watcher.go:157.32,158.61 1 0
github.com/brizzai/brizz-code/internal/hooks/hook_watcher.go:158.61,159.12 1 0
github.com/brizzai/brizz-code/internal/hooks/hook_watcher.go:161.3,162.10 2 0
github.com/brizzai/brizz-code/internal/hooks/hook_watcher.go:164.2,164.85 1 0
github.com/brizzai/brizz-code/internal/hooks/hook_watcher.go:168.52,170.16 2 0
github.com/brizzai/brizz-code/internal/hooks/hook_watcher.go:170.16,173.3 2 0
github.com/brizzai/brizz-code/internal/hooks/hook_watcher.go:175.2,189.15 6 0
github.com/brizzai/brizz-code/internal/hooks/status_file.go:20.73,21.52 1 4
github.com/brizzai/brizz-code/internal/hooks/status_file.go:21.52,23.3 1 0
github.com/brizzai/brizz-code/internal/hooks/status_file.go:25.2,26.16 2 4
github.com/brizzai/brizz-code/internal/hooks/status_file.go:26.16,28.3 1 0
github.com/brizzai/brizz-code/internal/hooks/status_file.go:30.2,32.58 3 4
github.com/brizzai/brizz-code/internal/hooks/status_file.go:32.58,34.3 1 0
github.com/brizzai/brizz-code/internal/hooks/status_file.go:35.2,35.53 1 4
github.com/brizzai/brizz-code/internal/hooks/status_file.go:35.53,38.3 2 0
github.com/brizzai/brizz-code/internal/hooks/status_file.go:39.2,39.12 1 4
github.com/brizzai/brizz-code/internal/hooks/status_file.go:43.55,45.16 2 5
github.com/brizzai/brizz-code/internal/hooks/status_file.go:45.16,47.3 1 1
github.com/brizzai/brizz-code/internal/hooks/status_file.go:49.2,50.50 2 4
github.com/brizzai/brizz-code/internal/hooks/status_file.go:50.50,52.3 1 1
github.com/brizzai/brizz-code/internal/hooks/status_file.go:53.2,53.17 1 3
github.com/brizzai/brizz-code/internal/git/git.go:16.44,19.16 3 0
github.com/brizzai/brizz-code/internal/git/git.go:19.16,21.3 1 0
github.com/brizzai/brizz-code/internal/git/git.go:22.2,22.42 1 0
github.com/brizzai/brizz-code/internal/git/git.go:26.50,29.16 3 0
github.com/brizzai/brizz-code/internal/git/git.go:29.16,31.3 1 0
github.com/brizzai/brizz-code/internal/git/git.go:32.2,32.48 1 0
github.com/brizzai/brizz-code/internal/git/git.go:46.58,52.16 3 0
github.com/brizzai/brizz-code/internal/git/git.go:52.16,55.3 2 0
github.com/brizzai/brizz-code/internal/git/git.go:57.2,63.29 5 0
github.com/brizzai/brizz-code/internal/git/git.go:63.29,64.17 1 0
github.com/brizzai/brizz-code/internal/git/git.go:64.17,65.12 1 0
github.com/brizzai/brizz-code/internal/git/git.go:67.3,71.22 5 0
github.com/brizzai/brizz-code/internal/git/git.go:71.22,72.67 1 0
github.com/brizzai/brizz-code/internal/git/git.go:72.67,74.5 1 0
github.com/brizzai/brizz-code/internal/git/git.go:76.3,76.22 1 0
github.com/brizzai/brizz-code/internal/git/git.go:76.22,78.4 1 0
github.com/brizzai/brizz-code/internal/git/git.go:80.3,80.41 1 0
github.com/brizzai/brizz-code/internal/git/git.go:80.41,82.28 2 0
github.com/brizzai/brizz-code/internal/git/git.go:82.28,83.13 1 0
github.com/brizzai/brizz-code/internal/git/git.go:85.4,85.28 1 0
github.com/brizzai/brizz-code/internal/git/git.go:85.28,86.13 1 0
github.com/brizzai/brizz-code/internal/git/git.go:88.4,94.6 1 0
github.com/brizzai/brizz-code/internal/git/git.go:95.9,104.4 2 0
github.com/brizzai/brizz-code/internal/git/git.go:108.2,108.29 1 0
github.com/brizzai/brizz-code/internal/git/git.go:108.29,109.27 1 0
github.com/brizzai/brizz-code/internal/git/git.go:109.27,111.9 2 0
github.com/brizzai/brizz-code/internal/git/git.go:115.2,115.22 1 0
github.com/brizzai/brizz-code/internal/git/git.go:119.43,122.16 3 0
github.com/brizzai/brizz-code/internal/git/git.go:122.16,124.3 1 0
github.com/brizzai/brizz-code/internal/git/git.go:125.2,125.42 1 0
github.com/brizzai/brizz-code/internal/git/git.go:130.52,133.16 3 0
github.com/brizzai/brizz-code/internal/git/git.go:133.16,136.3 2 0
github.com/brizzai/brizz-code/internal/git/git.go:137.2,137.12 1 0
github.com/brizzai/brizz-code/internal/git/git.go:142.47,145.45 2 0
github.com/brizzai/brizz-code/internal/git/git.go:145.45,148.3 2 0
github.com/brizzai/brizz-code/internal/git/git.go:148.8,150.3 1 0
github.com/brizzai/brizz-code/internal/git/git.go:152.2,152.50 1 0
github.com/brizzai/brizz-code/internal/git/git.go:152.50,154.23 2 0
github.com/brizzai/brizz-code/internal/git/git.go:154.23,156.4 1 0
github.com/brizzai/brizz-code/internal/git/git.go:158.2,159.15 2 0
github.com/brizzai/brizz-code/internal/git/git.go:163.39,166.16 3 0
github.com/brizzai/brizz-code/internal/git/git.go:166.16,168.3 1 0
github.com/brizzai/brizz-code/internal/git/git.go:170.2,172.16 3 0
github.com/brizzai/brizz-code/internal/git/git.go:172.16,174.3 1 0
github.com/brizzai/brizz-code/internal/git/git.go:176.2,180.33 3 0
github.com/brizzai/brizz-code/internal/git/git.go:180.33,182.3 1 0
github.com/brizzai/brizz-code/internal/git/git.go:183.2,183.36 1 0
github.com/brizzai/brizz-code/internal/git/git.go:183.36,185.3 1 0
github.com/brizzai/brizz-code/internal/git/git.go:187.2,190.36 3 0
github.com/brizzai/brizz-code/internal/git/repo_info.go:22.48,29.2 1 0
github.com/brizzai/brizz-code/internal/git/repo_info.go:33.53,35.16 2 0
github.com/brizzai/brizz-code/internal/git/repo_info.go:35.16,37.3 1 0
github.com/brizzai/brizz-code/internal/git/repo_info.go:38.2,39.33 2 0
