mode: atomic
github.com/brizzai/brizz-code/internal/github/pr.go:25.27,28.2 2 0
github.com/brizzai/brizz-code/internal/github/pr.go:48.59,49.38 1 0
github.com/brizzai/brizz-code/internal/github/pr.go:49.38,51.3 1 0
github.com/brizzai/brizz-code/internal/github/pr.go:53.2,58.16 4 0
github.com/brizzai/brizz-code/internal/github/pr.go:58.16,61.3 1 0
github.com/brizzai/brizz-code/internal/github/pr.go:63.2,64.54 2 0
github.com/brizzai/brizz-code/internal/github/pr.go:64.54,67.3 2 0
github.com/brizzai/brizz-code/internal/github/pr.go:69.2,80.16 2 0
github.com/brizzai/brizz-code/internal/github/pr.go:84.80,88.20 3 0
github.com/brizzai/brizz-code/internal/github/pr.go:88.20,91.3 2 0
github.com/brizzai/brizz-code/internal/github/pr.go:92.2,107.16 6 0
github.com/brizzai/brizz-code/internal/github/pr.go:107.16,110.3 2 0
github.com/brizzai/brizz-code/internal/github/pr.go:112.2,125.56 2 0
github.com/brizzai/brizz-code/internal/github/pr.go:125.56,128.3 2 0
github.com/brizzai/brizz-code/internal/github/pr.go:130.2,131.75 2 0
github.com/brizzai/brizz-code/internal/github/pr.go:131.75,132.20 1 0
github.com/brizzai/brizz-code/internal/github/pr.go:132.20,134.4 1 0
github.com/brizzai/brizz-code/internal/github/pr.go:136.2,136.14 1 0
github.com/brizzai/brizz-code/internal/github/pr.go:140.55,141.22 1 10
github.com/brizzai/brizz-code/internal/github/pr.go:141.22,143.3 1 1
github.com/brizzai/brizz-code/internal/github/pr.go:145.2,148.31 3 9
github.com/brizzai/brizz-code/internal/github/pr.go:148.31,150.23 1 14
github.com/brizzai/brizz-code/internal/github/pr.go:150.23,151.12 1 2
github.com/brizzai/brizz-code/internal/github/pr.go:153.3,156.84 3 12
github.com/brizzai/brizz-code/internal/github/pr.go:156.84,158.4 1 4
github.com/brizzai/brizz-code/internal/github/pr.go:158.9,158.102 1 8
github.com/brizzai/brizz-code/internal/github/pr.go:158.102,160.4 1 3
github.com/brizzai/brizz-code/internal/github/pr.go:163.2,163.16 1 9
github.com/brizzai/brizz-code/internal/github/pr.go:163.16,165.3 1 4
github.com/brizzai/brizz-code/internal/github/pr.go:166.2,166.16 1 5
github.com/brizzai/brizz-code/internal/github/pr.go:166.16,168.3 1 2
github.com/brizzai/brizz-code/internal/github/pr.go:169.2,169.18 1 3
github.com/brizzai/brizz-code/internal/tmux/control.go:30.49,35.16 4 0
github.com/brizzai/brizz-code/internal/tmux/control.go:35.16,37.3 1 0
github.com/brizzai/brizz-code/internal/tmux/control.go:39.2,52.16 5 0
github.com/brizzai/brizz-code/internal/tmux/control.go:55.57,58.2 2 0
github.com/brizzai/brizz-code/internal/tmux/control.go:61.79,64.15 3 0
github.com/brizzai/brizz-code/internal/tmux/control.go:64.15,66.3 1 0
github.com/brizzai/brizz-code/internal/tmux/control.go:67.2,68.80 2 0
github.com/brizzai/brizz-code/internal/tmux/control.go:72.76,75.15 3 0
github.com/brizzai/brizz-code/internal/tmux/control.go:75.15,77.3 1 0
github.com/brizzai/brizz-code/internal/tmux/control.go:78.2,78.94 1 0
github.com/brizzai/brizz-code/internal/tmux/control.go:82.42,86.2 3 0
github.com/brizzai/brizz-code/internal/tmux/control.go:89.34,92.15 3 0
github.com/brizzai/brizz-code/internal/tmux/control.go:92.15,94.3 1 0
github.com/brizzai/brizz-code/internal/tmux/control.go:95.2,100.79 5 0
github.com/brizzai/brizz-code/internal/tmux/control.go:105.33,107.2 1 0
github.com/brizzai/brizz-code/internal/tmux/pty.go:25.53,26.17 1 0
github.com/brizzai/brizz-code/internal/tmux/pty.go:26.17,28.3 1 0
github.com/brizzai/brizz-code/internal/tmux/pty.go:30.2,36.16 5 0
github.com/brizzai/brizz-code/internal/tmux/pty.go:36.16,38.3 1 0
github.com/brizzai/brizz-code/internal/tmux/pty.go:39.2,43.16 3 0
github.com/brizzai/brizz-code/internal/tmux/pty.go:43.16,45.3 1 0
github.com/brizzai/brizz-code/internal/tmux/pty.go:46.2,46.15 1 0
github.com/brizzai/brizz-code/internal/tmux/pty.go:46.15,46.65 1 0
github.com/brizzai/brizz-code/internal/tmux/pty.go:49.2,52.15 4 0
github.com/brizzai/brizz-code/internal/tmux/pty.go:52.15,55.3 2 0
github.com/brizzai/brizz-code/internal/tmux/pty.go:57.2,61.12 3 0
github.com/brizzai/brizz-code/internal/tmux/pty.go:61.12,63.7 2 0
github.com/brizzai/brizz-code/internal/tmux/pty.go:63.7,64.11 1 0
github.com/brizzai/brizz-code/internal/tmux/pty.go:65.24,66.11 1 0
github.com/brizzai/brizz-code/internal/tmux/pty.go:67.29,68.12 1 0
github.com/brizzai/brizz-code/internal/tmux/pty.go:68.12,70.6 1 0
github.com/brizzai/brizz-code/internal/tmux/pty.go:71.5,71.57 1 0
github.com/brizzai/brizz-code/internal/tmux/pty.go:71.57,73.6 1 0
github.com/brizzai/brizz-code/internal/tmux/pty.go:78.2,88.12 8 0
github.com/brizzai/brizz-code/internal/tmux/pty.go:88.12,92.34 4 0
github.com/brizzai/brizz-code/internal/tmux/pty.go:92.34,93.11 1 0
github.com/brizzai/brizz-code/internal/tmux/pty.go:94.59,94.59 0 0
github.com/brizzai/brizz-code/internal/tmux/pty.go:95.12,95.12 0 0
github.com/brizzai/brizz-code/internal/tmux/pty.go:101.2,102.12 2 0
github.com/brizzai/brizz-code/internal/tmux/pty.go:102.12,105.7 3 0
github.com/brizzai/brizz-code/internal/tmux/pty.go:105.7,107.18 2 0
github.com/brizzai/brizz-code/internal/tmux/pty.go:107.18,108.22 1 0
github.com/brizzai/brizz-code/internal/tmux/pty.go:108.22,109.13 1 0
github.com/brizzai/brizz-code/internal/tmux/pty.go:110.63,110.63 0 0
github.com/brizzai/brizz-code/internal/tmux/pty.go:111.14,111.14 0 0
github.com/brizzai/brizz-code/internal/tmux/pty.go:114.5,114.11 1 0
github.com/brizzai/brizz-code/internal/tmux/pty.go:118.4,118.49 1 0
github.com/brizzai/brizz-code/internal/tmux/pty.go:118.49,119.13 1 0
github.com/brizzai/brizz-code/internal/tmux/pty.go:123.4,123.53 1 0
github.com/brizzai/brizz-code/internal/tmux/pty.go:123.53,124.16 1 0
github.com/brizzai/brizz-code/internal/tmux/pty.go:124.16,125.55 1 0
github.com/brizzai/brizz-code/internal/tmux/pty.go:125.55,126.14 1 0
github.com/brizzai/brizz-code/internal/tmux/pty.go:127.64,127.64 0 0
github.com/brizzai/brizz-code/internal/tmux/pty.go:128.15,128.15 0 0
github.com/brizzai/brizz-code/internal/tmux/pty.go:130.7,130.13 1 0
github.com/brizzai/brizz-code/internal/tmux/pty.go:133.5,135.11 3 0
github.com/brizzai/brizz-code/internal/tmux/pty.go:139.4,139.51 1 0
github.com/brizzai/brizz-code/internal/tmux/pty.go:139.51,140.12 1 0
github.com/brizzai/brizz-code/internal/tmux/pty.go:141.62,141.62 0 0
github.com/brizzai/brizz-code/internal/tmux/pty.go:142.13,142.13 0 0
github.com/brizzai/brizz-code/internal/tmux/pty.go:144.5,144.11 1 0
github.com/brizzai/brizz-code/internal/tmux/pty.go:150.2,152.12 3 0
github.com/brizzai/brizz-code/internal/tmux/pty.go:152.12,155.3 2 0
github.com/brizzai/brizz-code/internal/tmux/pty.go:157.2,157.26 1 0
github.com/brizzai/brizz-code/internal/tmux/pty.go:157.26,160.10 3 0
github.com/brizzai/brizz-code/internal/tmux/pty.go:161.21,161.21 0 0
github.com/brizzai/brizz-code/internal/tmux/pty.go:162.44,162.44 0 0
github.com/brizzai/brizz-code/internal/tmux/pty.go:164.3,164.51 1 0
github.com/brizzai/brizz-code/internal/tmux/pty.go:168.2,169.9 2 0
github.com/brizzai/brizz-code/internal/tmux/pty.go:170.18,171.18 1 0
github.com/brizzai/brizz-code/internal/tmux/pty.go:172.24,173.17 1 0
github.com/brizzai/brizz-code/internal/tmux/pty.go:173.17,174.48 1 0
github.com/brizzai/brizz-code/internal/tmux/pty.go:174.48,175.59 1 0
github.com/brizzai/brizz-code/internal/tmux/pty.go:175.59,177.6 1 0
github.com/brizzai/brizz-code/internal/tmux/pty.go:177.11,179.6 1 0
github.com/brizzai/brizz-code/internal/tmux/pty.go:180.10,182.5 1 0
github.com/brizzai/brizz-code/internal/tmux/pty.go:183.4,183.24 1 0
github.com/brizzai/brizz-code/internal/tmux/pty.go:183.24,185.5 1 0
github.com/brizzai/brizz-code/internal/tmux/pty.go:187.20,188.18 1 0
github.com/brizzai/brizz-code/internal/tmux/pty.go:191.2,192.18 2 0
github.com/brizzai/brizz-code/internal/tmux/tmux.go:44.30,46.34 2 0
github.com/brizzai/brizz-code/internal/tmux/tmux.go:46.34,48.3 1 0
github.com/brizzai/brizz-code/internal/tmux/tmux.go:49.2,49.12 1 0
github.com/brizzai/brizz-code/internal/tmux/tmux.go:53.55,61.2 3 1
github.com/brizzai/brizz-code/internal/tmux/tmux.go:64.71,70.2 1 1
github.com/brizzai/brizz-code/internal/tmux/tmux.go:75.62,78.24 2 0
github.com/brizzai/brizz-code/internal/tmux/tmux.go:78.24,80.3 1 0
github.com/brizzai/brizz-code/internal/tmux/tmux.go:81.2,82.53 2 0
github.com/brizzai/brizz-code/internal/tmux/tmux.go:82.53,85.3 2 0
github.com/brizzai/brizz-code/internal/tmux/tmux.go:86.2,99.19 5 0
github.com/brizzai/brizz-code/internal/tmux/tmux.go:99.19,101.58 2 0
github.com/brizzai/brizz-code/internal/tmux/tmux.go:101.58,103.4 1 0
github.com/brizzai/brizz-code/internal/tmux/tmux.go:107.2,111.29 3 0
github.com/brizzai/brizz-code/internal/tmux/tmux.go:111.29,113.3 1 0
github.com/brizzai/brizz-code/internal/tmux/tmux.go:114.2,117.12 3 0
github.com/brizzai/brizz-code/internal/tmux/tmux.go:121.40,131.34 4 0
github.com/brizzai/brizz-code/internal/tmux/tmux.go:131.34,133.3 1 0
github.com/brizzai/brizz-code/internal/tmux/tmux.go:138.68,141.24 3 0
github.com/brizzai/brizz-code/internal/tmux/tmux.go:141.24,143.3 1 0
github.com/brizzai/brizz-code/internal/tmux/tmux.go:144.2,146.34 3 0
github.com/brizzai/brizz-code/internal/tmux/tmux.go:146.34,149.3 2 0
github.com/brizzai/brizz-code/internal/tmux/tmux.go:150.2,150.12 1 0
github.com/brizzai/brizz-code/internal/tmux/tmux.go:154.37,156.16 2 0
github.com/brizzai/brizz-code/internal/tmux/tmux.go:156.16,159.3 2 0
github.com/brizzai/brizz-code/internal/tmux/tmux.go:160.2,160.46 1 0
github.com/brizzai/brizz-code/internal/tmux/tmux.go:164.33,167.79 2 0
github.com/brizzai/brizz-code/internal/tmux/tmux.go:167.79,171.3 3 0
github.com/brizzai/brizz-code/internal/tmux/tmux.go:172.2,176.25 3 0
github.com/brizzai/brizz-code/internal/tmux/tmux.go:180.50,184.34 4 0
github.com/brizzai/brizz-code/internal/tmux/tmux.go:184.34,187.3 2 0
github.com/brizzai/brizz-code/internal/tmux/tmux.go:188.2,188.12 1 0
github.com/brizzai/brizz-code/internal/tmux/tmux.go:192.54,195.34 3 0
github.com/brizzai/brizz-code/internal/tmux/tmux.go:195.34,198.3 2 0
github.com/brizzai/brizz-code/internal/tmux/tmux.go:199.2,199.12 1 0
github.com/brizzai/brizz-code/internal/tmux/tmux.go:203.54,209.2 5 0
github.com/brizzai/brizz-code/internal/tmux/tmux.go:212.32,215.34 3 0
github.com/brizzai/brizz-code/internal/tmux/tmux.go:215.34,218.3 2 0
github.com/brizzai/brizz-code/internal/tmux/tmux.go:221.2,225.12 4 0
github.com/brizzai/brizz-code/internal/tmux/tmux.go:229.49,232.71 2 0
github.com/brizzai/brizz-code/internal/tmux/tmux.go:232.71,236.3 3 0
github.com/brizzai/brizz-code/internal/tmux/tmux.go:237.2,240.71 2 0
github.com/brizzai/brizz-code/internal/tmux/tmux.go:240.71,246.17 5 0
github.com/brizzai/brizz-code/internal/tmux/tmux.go:246.17,247.45 1 0
github.com/brizzai/brizz-code/internal/tmux/tmux.go:247.45,253.21 5 0
github.com/brizzai/brizz-code/internal/tmux/tmux.go:253.21,255.6 1 0
github.com/brizzai/brizz-code/internal/tmux/tmux.go:257.4,258.57 2 0
github.com/brizzai/brizz-code/internal/tmux/tmux.go:261.3,269.22 6 0
github.com/brizzai/brizz-code/internal/tmux/tmux.go:272.2,272.16 1 0
github.com/brizzai/brizz-code/internal/tmux/tmux.go:272.16,274.3 1 0
github.com/brizzai/brizz-code/internal/tmux/tmux.go:275.2,275.29 1 0
github.com/brizzai/brizz-code/internal/tmux/tmux.go:279.28,282.16 3 0
github.com/brizzai/brizz-code/internal/tmux/tmux.go:282.16,284.3 1 0
github.com/brizzai/brizz-code/internal/tmux/tmux.go:286.2,287.78 2 0
github.com/brizzai/brizz-code/internal/tmux/tmux.go:287.78,288.17 1 0
github.com/brizzai/brizz-code/internal/tmux/tmux.go:288.17,289.12 1 0
github.com/brizzai/brizz-code/internal/tmux/tmux.go:291.3,292.21 2 0
github.com/brizzai/brizz-code/internal/tmux/tmux.go:292.21,293.12 1 0
github.com/brizzai/brizz-code/internal/tmux/tmux.go:295.3,298.28 4 0
github.com/brizzai/brizz-code/internal/tmux/tmux.go:301.2,304.25 4 0
github.com/brizzai/brizz-code/internal/tmux/tmux.go:308.30,313.37 4 0
github.com/brizzai/brizz-code/internal/tmux/tmux.go:313.37,314.45 1 0
github.com/brizzai/brizz-code/internal/tmux/tmux.go:314.45,316.4 1 0
github.com/brizzai/brizz-code/internal/tmux/tmux.go:318.2,318.17 1 0
github.com/brizzai/brizz-code/internal/tmux/tmux.go:322.47,327.2 4 0
github.com/brizzai/brizz-code/internal/tmux/tmux.go:329.31,333.2 3 101
github.com/brizzai/brizz-code/internal/tmux/tmux.go:335.39,337.25 2 17
github.com/brizzai/brizz-code/internal/tmux/tmux.go:337.25,338.93 1 241
github.com/brizzai/brizz-code/internal/tmux/tmux.go:338.93,340.4 1 220
github.com/brizzai/brizz-code/internal/tmux/tmux.go:340.9,342.4 1 21
github.com/brizzai/brizz-code/internal/tmux/tmux.go:344.2,347.32 3 17
github.com/brizzai/brizz-code/internal/tmux/tmux.go:347.32,349.3 1 4
github.com/brizzai/brizz-code/internal/tmux/tmux.go:350.2,350.13 1 17
github.com/brizzai/brizz-code/internal/tmux/tmux.go:350.13,352.3 1 2
github.com/brizzai/brizz-code/internal/tmux/tmux.go:354.2,354.17 1 17
github.com/brizzai/brizz-code/internal/tmux/tmux.go:354.17,356.3 1 1
github.com/brizzai/brizz-code/internal/tmux/tmux.go:357.2,357.10 1 17
github.com/brizzai/brizz-code/internal/config/config.go:24.43,25.31 1 3
github.com/brizzai/brizz-code/internal/config/config.go:25.31,27.3 1 1
github.com/brizzai/brizz-code/internal/config/config.go:28.2,28.28 1 2
github.com/brizzai/brizz-code/internal/config/config.go:32.45,33.25 1 3
github.com/brizzai/brizz-code/internal/config/config.go:33.25,35.3 1 1
github.com/brizzai/brizz-code/internal/config/config.go:36.2,36.22 1 2
github.com/brizzai/brizz-code/internal/config/config.go:40.33,43.2 2 0
github.com/brizzai/brizz-code/internal/config/config.go:46.21,53.16 4 0
github.com/brizzai/brizz-code/internal/config/config.go:53.16,56.3 2 0
github.com/brizzai/brizz-code/internal/config/config.go:58.2,58.50 1 0
github.com/brizzai/brizz-code/internal/config/config.go:58.50,60.3 1 0
github.com/brizzai/brizz-code/internal/config/config.go:60.8,62.3 1 0
github.com/brizzai/brizz-code/internal/config/config.go:65.2,65.29 1 0
github.com/brizzai/brizz-code/internal/config/config.go:65.29,67.3 1 0
github.com/brizzai/brizz-code/internal/config/config.go:69.2,69.12 1 0
github.com/brizzai/brizz-code/internal/config/config.go:73.31,75.62 2 0
github.com/brizzai/brizz-code/internal/config/config.go:75.62,78.3 2 0
github.com/brizzai/brizz-code/internal/config/config.go:79.2,80.16 2 0
github.com/brizzai/brizz-code/internal/config/config.go:80.16,83.3 2 0
github.com/brizzai/brizz-code/internal/config/config.go:84.2,84.55 1 0
github.com/brizzai/brizz-code/internal/config/config.go:84.55,87.3 2 0
github.com/brizzai/brizz-code/internal/config/config.go:88.2,88.12 1 0
github.com/brizzai/brizz-code/internal/config/config.go:92.53,93.33 1 3
github.com/brizzai/brizz-code/internal/config/config.go:93.33,95.3 1 1
github.com/brizzai/brizz-code/internal/config/config.go:96.2,96.30 1 2
github.com/brizzai/brizz-code/internal/config/config.go:100.40,101.28 1 4
github.com/brizzai/brizz-code/internal/config/config.go:101.28,103.3 1 1
github.com/brizzai/brizz-code/internal/config/config.go:104.2,104.17 1 3
github.com/brizzai/brizz-code/internal/config/config.go:108.37,109.20 1 3
github.com/brizzai/brizz-code/internal/config/config.go:109.20,111.3 1 1
github.com/brizzai/brizz-code/internal/config/config.go:112.2,112.49 1 2
github.com/brizzai/brizz-code/internal/config/config.go:112.49,114.3 1 1
github.com/brizzai/brizz-code/internal/config/config.go:115.2,115.15 1 1
github.com/brizzai/brizz-code/internal/workspace/provider.go:38.78,44.16 5 0
github.com/brizzai/brizz-code/internal/workspace/provider.go:44.16,45.47 1 0
github.com/brizzai/brizz-code/internal/workspace/provider.go:45.47,48.4 2 0
github.com/brizzai/brizz-code/internal/workspace/provider.go:49.3,50.55 2 0
github.com/brizzai/brizz-code/internal/workspace/provider.go:53.2,58.25 4 0
github.com/brizzai/brizz-code/internal/workspace/provider.go:58.25,60.23 2 0
github.com/brizzai/brizz-code/internal/workspace/provider.go:60.23,61.12 1 0
github.com/brizzai/brizz-code/internal/workspace/provider.go:63.3,63.30 1 0
github.com/brizzai/brizz-code/internal/workspace/provider.go:65.2,65.20 1 0
github.com/brizzai/brizz-code/internal/workspace/provider.go:68.105,78.22 6 0
github.com/brizzai/brizz-code/internal/workspace/provider.go:78.22,80.3 1 0
github.com/brizzai/brizz-code/internal/workspace/provider.go:81.2,82.50 2 0
github.com/brizzai/brizz-code/internal/workspace/provider.go:82.50,87.55 4 0
github.com/brizzai/brizz-code/internal/workspace/provider.go:87.55,90.20 2 0
github.com/brizzai/brizz-code/internal/workspace/provider.go:90.20,92.5 1 0
github.com/brizzai/brizz-code/internal/workspace/provider.go:93.4,94.58 2 0
github.com/brizzai/brizz-code/internal/workspace/provider.go:98.2,103.8 2 0
github.com/brizzai/brizz-code/internal/workspace/provider.go:106.68,116.16 6 0
github.com/brizzai/brizz-code/internal/workspace/provider.go:116.16,117.47 1 0
github.com/brizzai/brizz-code/internal/workspace/provider.go:117.47,120.4 2 0
github.com/brizzai/brizz-code/internal/workspace/provider.go:121.3,122.50 2 0
github.com/brizzai/brizz-code/internal/workspace/provider.go:124.2,125.19 2 0
github.com/brizzai/brizz-code/internal/workspace/provider.go:125.19,128.3 2 0
github.com/brizzai/brizz-code/internal/workspace/provider.go:132.2,141.25 5 0
github.com/brizzai/brizz-code/internal/workspace/provider.go:141.25,143.24 2 0
github.com/brizzai/brizz-code/internal/workspace/provider.go:143.24,144.12 1 0
github.com/brizzai/brizz-code/internal/workspace/provider.go:146.3,146.66 1 0
github.com/brizzai/brizz-code/internal/workspace/provider.go:146.66,148.9 2 0
github.com/brizzai/brizz-code/internal/workspace/provider.go:151.2,151.18 1 0
github.com/brizzai/brizz-code/internal/workspace/provider.go:151.18,154.3 2 0
github.com/brizzai/brizz-code/internal/workspace/provider.go:156.2,157.52 2 0
github.com/brizzai/brizz-code/internal/workspace/provider.go:157.52,160.3 2 0
github.com/brizzai/brizz-code/internal/workspace/provider.go:161.2,162.12 2 0
github.com/brizzai/brizz-code/internal/workspace/provider.go:165.49,165.64 1 0
github.com/brizzai/brizz-code/internal/workspace/provider.go:166.49,166.64 1 0
github.com/brizzai/brizz-code/internal/workspace/provider.go:167.49,167.65 1 0
github.com/brizzai/brizz-code/internal/workspace/provider.go:178.72,179.21 1 0
github.com/brizzai/brizz-code/internal/workspace/provider.go:179.21,181.3 1 0
github.com/brizzai/brizz-code/internal/workspace/provider.go:183.2,189.16 6 0
github.com/brizzai/brizz-code/internal/workspace/provider.go:189.16,190.47 1 0
github.com/brizzai/brizz-code/internal/workspace/provider.go:190.47,193.4 2 0
github.com/brizzai/brizz-code/internal/workspace/provider.go:194.3,195.57 2 0
github.com/brizzai/brizz-code/internal/workspace/provider.go:198.2,199.57 2 0
github.com/brizzai/brizz-code/internal/workspace/provider.go:199.57,202.3 2 0
github.com/brizzai/brizz-code/internal/workspace/provider.go:203.2,203.24 1 0
github.com/brizzai/brizz-code/internal/workspace/provider.go:206.99,207.23 1 0
github.com/brizzai/brizz-code/internal/workspace/provider.go:207.23,209.3 1 0
github.com/brizzai/brizz-code/internal/workspace/provider.go:211.2,214.18 3 0
github.com/brizzai/brizz-code/internal/workspace/provider.go:214.18,219.3 3 0
github.com/brizzai/brizz-code/internal/workspace/provider.go:219.8,221.3 1 0
github.com/brizzai/brizz-code/internal/workspace/provider.go:223.2,229.16 6 0
github.com/brizzai/brizz-code/internal/workspace/provider.go:229.16,230.47 1 0
github.com/brizzai/brizz-code/internal/workspace/provider.go:230.47,233.4 2 0
github.com/brizzai/brizz-code/internal/workspace/provider.go:234.3,235.59 2 0
github.com/brizzai/brizz-code/internal/workspace/provider.go:239.2,240.51 2 0
github.com/brizzai/brizz-code/internal/workspace/provider.go:240.51,243.3 2 0
github.com/brizzai/brizz-code/internal/workspace/provider.go:246.2,246.21 1 0
github.com/brizzai/brizz-code/internal/workspace/provider.go:246.21,248.21 2 0
github.com/brizzai/brizz-code/internal/workspace/provider.go:248.21,249.34 1 0
github.com/brizzai/brizz-code/internal/workspace/provider.go:249.34,250.24 1 0
github.com/brizzai/brizz-code/internal/workspace/provider.go:250.24,253.6 2 0
github.com/brizzai/brizz-code/internal/workspace/provider.go:259.2,260.56 2 0
github.com/brizzai/brizz-code/internal/workspace/provider.go:263.62,264.24 1 0
github.com/brizzai/brizz-code/internal/workspace/provider.go:264.24,266.3 1 0
github.com/brizzai/brizz-code/internal/workspace/provider.go:268.2,277.50 7 0
github.com/brizzai/brizz-code/internal/workspace/provider.go:277.50,280.3 2 0
github.com/brizzai/brizz-code/internal/workspace/provider.go:281.2,282.12 2 0
github.com/brizzai/brizz-code/internal/workspace/provider.go:285.43,285.71 1 0
github.com/brizzai/brizz-code/internal/workspace/provider.go:286.43,286.72 1 0
github.com/brizzai/brizz-code/internal/workspace/provider.go:287.43,287.58 1 0
github.com/brizzai/brizz-code/internal/workspace/provider.go:292.60,297.51 4 5
github.com/brizzai/brizz-code/internal/workspace/provider.go:297.51,299.43 2 20
github.com/brizzai/brizz-code/internal/workspace/provider.go:299.43,300.19 1 4
github.com/brizzai/brizz-code/internal/workspace/provider.go:300.19,302.5 1 1
github.com/brizzai/brizz-code/internal/workspace/provider.go:303.4,308.22 3 4
github.com/brizzai/brizz-code/internal/workspace/provider.go:309.9,309.59 1 16
github.com/brizzai/brizz-code/internal/workspace/provider.go:309.59,311.4 1 3
github.com/brizzai/brizz-code/internal/workspace/provider.go:313.2,313.17 1 5
github.com/brizzai/brizz-code/internal/workspace/provider.go:313.17,315.3 1 3
github.com/brizzai/brizz-code/internal/workspace/provider.go:316.2,316.15 1 5
github.com/brizzai/brizz-code/internal/workspace/provider.go:321.47,326.2 4 6
github.com/brizzai/brizz-code/internal/workspace/provider.go:330.55,335.2 4 2
github.com/brizzai/brizz-code/internal/workspace/provider.go:338.62,342.2 3 0
github.com/brizzai/brizz-code/internal/workspace/repo_config.go:24.48,30.22 4 0
github.com/brizzai/brizz-code/internal/workspace/repo_config.go:30.22,32.3 1 0
github.com/brizzai/brizz-code/internal/workspace/repo_config.go:33.2,33.24 1 0
github.com/brizzai/brizz-code/internal/workspace/repo_config.go:33.24,35.3 1 0
github.com/brizzai/brizz-code/internal/workspace/repo_config.go:36.2,36.25 1 0
github.com/brizzai/brizz-code/internal/workspace/repo_config.go:36.25,38.3 1 0
github.com/brizzai/brizz-code/internal/workspace/repo_config.go:41.2,41.70 1 0
github.com/brizzai/brizz-code/internal/workspace/repo_config.go:41.70,47.3 1 0
github.com/brizzai/brizz-code/internal/workspace/repo_config.go:50.2,50.31 1 0
github.com/brizzai/brizz-code/internal/workspace/repo_config.go:53.46,55.16 2 0
github.com/brizzai/brizz-code/internal/workspace/repo_config.go:55.16,57.3 1 0
github.com/brizzai/brizz-code/internal/workspace/repo_config.go:58.2,60.22 3 0
github.com/brizzai/brizz-code/internal/naming/naming.go:28.42,30.55 1 16
github.com/brizzai/brizz-code/internal/naming/naming.go:30.55,32.3 1 1
github.com/brizzai/brizz-code/internal/naming/naming.go:33.2,34.18 2 16
github.com/brizzai/brizz-code/internal/naming/naming.go:34.18,36.3 1 2
github.com/brizzai/brizz-code/internal/naming/naming.go:39.2,39.41 1 14
github.com/brizzai/brizz-code/internal/naming/naming.go:39.41,40.65 1 2
github.com/brizzai/brizz-code/internal/naming/naming.go:40.65,42.4 1 1
github.com/brizzai/brizz-code/internal/naming/naming.go:42.9,45.4 1 1
github.com/brizzai/brizz-code/internal/naming/naming.go:49.2,49.40 1 14
github.com/brizzai/brizz-code/internal/naming/naming.go:49.40,50.57 1 141
github.com/brizzai/brizz-code/internal/naming/naming.go:50.57,52.9 2 5
github.com/brizzai/brizz-code/internal/naming/naming.go:55.2,57.18 2 14
github.com/brizzai/brizz-code/internal/naming/naming.go:57.18,59.3 1 0
github.com/brizzai/brizz-code/internal/naming/naming.go:62.2,63.31 2 14
github.com/brizzai/brizz-code/internal/naming/naming.go:63.31,65.50 2 2
github.com/brizzai/brizz-code/internal/naming/naming.go:65.50,67.4 1 7
github.com/brizzai/brizz-code/internal/naming/naming.go:68.3,68.25 1 2
github.com/brizzai/brizz-code/internal/naming/naming.go:68.25,70.4 1 2
github.com/brizzai/brizz-code/internal/naming/naming.go:70.9,72.4 1 0
github.com/brizzai/brizz-code/internal/naming/naming.go:73.3,73.19 1 2
github.com/brizzai/brizz-code/internal/naming/naming.go:76.2,76.15 1 14
github.com/brizzai/brizz-code/internal/naming/naming.go:76.15,78.3 1 2
github.com/brizzai/brizz-code/internal/naming/naming.go:80.2,80.15 1 14
github.com/brizzai/brizz-code/internal/session/claude_name.go:13.72,14.48 1 8
github.com/brizzai/brizz-code/internal/session/claude_name.go:14.48,16.3 1 3
github.com/brizzai/brizz-code/internal/session/claude_name.go:18.2,19.16 2 5
github.com/brizzai/brizz-code/internal/session/claude_name.go:19.16,21.3 1 0
github.com/brizzai/brizz-code/internal/session/claude_name.go:24.2,29.16 4 5
github.com/brizzai/brizz-code/internal/session/claude_name.go:29.16,31.3 1 1
github.com/brizzai/brizz-code/internal/session/claude_name.go:32.2,38.21 5 4
github.com/brizzai/brizz-code/internal/session/claude_name.go:38.21,41.46 2 12
github.com/brizzai/brizz-code/internal/session/claude_name.go:41.46,42.12 1 6
github.com/brizzai/brizz-code/internal/session/claude_name.go:45.3,49.62 2 6
github.com/brizzai/brizz-code/internal/session/claude_name.go:49.62,50.12 1 2
github.com/brizzai/brizz-code/internal/session/claude_name.go:52.3,52.62 1 4
github.com/brizzai/brizz-code/internal/session/claude_name.go:52.62,54.4 1 3
github.com/brizzai/brizz-code/internal/session/claude_name.go:57.2,57.18 1 4
github.com/brizzai/brizz-code/internal/session/session.go:61.53,74.2 3 0
github.com/brizzai/brizz-code/internal/session/session.go:77.43,79.24 2 0
github.com/brizzai/brizz-code/internal/session/session.go:79.24,81.3 1 0
github.com/brizzai/brizz-code/internal/session/session.go:81.8,81.36 1 0
github.com/brizzai/brizz-code/internal/session/session.go:81.36,83.3 1 0
github.com/brizzai/brizz-code/internal/session/session.go:84.2,84.12 1 0
github.com/brizzai/brizz-code/internal/session/session.go:88.41,93.2 1 0
github.com/brizzai/brizz-code/internal/session/session.go:96.33,103.68 6 0
github.com/brizzai/brizz-code/internal/session/session.go:103.68,109.3 5 0
github.com/brizzai/brizz-code/internal/session/session.go:111.2,116.12 6 0
github.com/brizzai/brizz-code/internal/session/session.go:120.32,127.2 6 0
github.com/brizzai/brizz-code/internal/session/session.go:130.38,134.2 3 0
github.com/brizzai/brizz-code/internal/session/session.go:137.44,141.56 4 0
github.com/brizzai/brizz-code/internal/session/session.go:141.56,143.3 1 0
github.com/brizzai/brizz-code/internal/session/session.go:147.42,151.2 3 0
github.com/brizzai/brizz-code/internal/session/session.go:154.34,156.2 1 0
github.com/brizzai/brizz-code/internal/session/session.go:159.50,161.2 1 0
github.com/brizzai/brizz-code/internal/session/session.go:164.34,168.2 3 0
github.com/brizzai/brizz-code/internal/session/session.go:171.33,175.32 4 0
github.com/brizzai/brizz-code/internal/session/session.go:175.32,177.3 1 0
github.com/brizzai/brizz-code/internal/session/session.go:191.52,192.15 1 0
github.com/brizzai/brizz-code/internal/session/session.go:192.15,194.3 1 0
github.com/brizzai/brizz-code/internal/session/session.go:195.2,198.31 3 0
github.com/brizzai/brizz-code/internal/session/session.go:198.31,201.3 2 0
github.com/brizzai/brizz-code/internal/session/session.go:202.2,204.24 3 0
github.com/brizzai/brizz-code/internal/session/session.go:204.24,206.3 1 0
github.com/brizzai/brizz-code/internal/session/session.go:208.2,208.36 1 0
github.com/brizzai/brizz-code/internal/session/session.go:208.36,210.26 2 0
github.com/brizzai/brizz-code/internal/session/session.go:210.26,212.4 1 0
github.com/brizzai/brizz-code/internal/session/session.go:213.8,213.55 1 0
github.com/brizzai/brizz-code/internal/session/session.go:213.55,215.3 1 0
github.com/brizzai/brizz-code/internal/session/session.go:219.35,222.28 2 0
github.com/brizzai/brizz-code/internal/session/session.go:222.28,224.3 1 0
github.com/brizzai/brizz-code/internal/session/session.go:227.2,234.68 7 0
github.com/brizzai/brizz-code/internal/session/session.go:234.68,240.3 5 0
github.com/brizzai/brizz-code/internal/session/session.go:242.2,246.12 5 0
github.com/brizzai/brizz-code/internal/session/session.go:250.41,258.74 7 0
github.com/brizzai/brizz-code/internal/session/session.go:258.74,264.3 5 0
github.com/brizzai/brizz-code/internal/session/session.go:267.2,273.12 6 0
github.com/brizzai/brizz-code/internal/session/session.go:277.34,281.18 3 0
github.com/brizzai/brizz-code/internal/session/session.go:281.18,285.3 3 0
github.com/brizzai/brizz-code/internal/session/session.go:288.2,288.32 1 0
github.com/brizzai/brizz-code/internal/session/session.go:288.32,292.3 3 0
github.com/brizzai/brizz-code/internal/session/session.go:296.2,302.13 6 0
github.com/brizzai/brizz-code/internal/session/session.go:302.13,306.62 3 0
github.com/brizzai/brizz-code/internal/session/session.go:306.62,309.4 2 0
github.com/brizzai/brizz-code/internal/session/session.go:311.3,313.21 3 0
github.com/brizzai/brizz-code/internal/session/session.go:314.18,321.35 3 0
github.com/brizzai/brizz-code/internal/session/session.go:321.35,324.5 2 0
github.com/brizzai/brizz-code/internal/session/session.go:325.4,325.25 1 0
github.com/brizzai/brizz-code/internal/session/session.go:325.25,328.34 2 0
github.com/brizzai/brizz-code/internal/session/session.go:328.34,331.6 2 0
github.com/brizzai/brizz-code/internal/session/session.go:331.11,331.101 1 0
github.com/brizzai/brizz-code/internal/session/session.go:331.101,334.33 1 0
github.com/brizzai/brizz-code/internal/session/session.go:334.33,337.7 2 0
github.com/brizzai/brizz-code/internal/session/session.go:337.12,339.7 1 0
github.com/brizzai/brizz-code/internal/session/session.go:340.6,341.66 1 0
github.com/brizzai/brizz-code/internal/session/session.go:344.18,357.25 3 0
github.com/brizzai/brizz-code/internal/session/session.go:357.25,360.32 2 0
github.com/brizzai/brizz-code/internal/session/session.go:360.32,364.6 2 0
github.com/brizzai/brizz-code/internal/session/session.go:364.11,364.41 1 0
github.com/brizzai/brizz-code/internal/session/session.go:364.41,372.6 4 0
github.com/brizzai/brizz-code/internal/session/session.go:374.19,377.35 3 0
github.com/brizzai/brizz-code/internal/session/session.go:377.35,382.5 2 0
github.com/brizzai/brizz-code/internal/session/session.go:382.10,382.29 1 0
github.com/brizzai/brizz-code/internal/session/session.go:382.29,384.5 1 0
github.com/brizzai/brizz-code/internal/session/session.go:384.10,386.5 1 0
github.com/brizzai/brizz-code/internal/session/session.go:387.15,390.26 3 0
github.com/brizzai/brizz-code/internal/session/session.go:392.3,392.28 1 0
github.com/brizzai/brizz-code/internal/session/session.go:392.28,394.4 1 0
github.com/brizzai/brizz-code/internal/session/session.go:395.3,395.9 1 0
github.com/brizzai/brizz-code/internal/session/session.go:399.2,402.16 3 0
github.com/brizzai/brizz-code/internal/session/session.go:402.16,405.3 2 0
github.com/brizzai/brizz-code/internal/session/session.go:408.2,415.16 5 0
github.com/brizzai/brizz-code/internal/session/session.go:416.21,418.25 2 0
github.com/brizzai/brizz-code/internal/session/session.go:419.21,421.25 2 0
github.com/brizzai/brizz-code/internal/session/session.go:422.22,423.21 1 0
github.com/brizzai/brizz-code/internal/session/session.go:423.21,425.4 1 0
github.com/brizzai/brizz-code/internal/session/session.go:425.9,427.4 1 0
github.com/brizzai/brizz-code/internal/session/session.go:428.10,430.79 1 0
github.com/brizzai/brizz-code/internal/session/session.go:433.2,433.27 1 0
github.com/brizzai/brizz-code/internal/session/session.go:433.27,435.3 1 0
github.com/brizzai/brizz-code/internal/session/session.go:439.39,458.2 3 0
github.com/brizzai/brizz-code/internal/session/session.go:461.40,483.2 3 0
github.com/brizzai/brizz-code/internal/session/session.go:513.60,514.19 1 13
github.com/brizzai/brizz-code/internal/session/session.go:514.19,517.3 2 1
github.com/brizzai/brizz-code/internal/session/session.go:519.2,523.64 3 12
github.com/brizzai/brizz-code/internal/session/session.go:523.64,525.17 2 17
github.com/brizzai/brizz-code/internal/session/session.go:525.17,527.4 1 17
github.com/brizzai/brizz-code/internal/session/session.go:529.2,533.39 3 12
github.com/brizzai/brizz-code/internal/session/session.go:533.39,534.46 1 23
github.com/brizzai/brizz-code/internal/session/session.go:534.46,537.4 2 2
github.com/brizzai/brizz-code/internal/session/session.go:541.2,541.35 1 10
github.com/brizzai/brizz-code/internal/session/session.go:541.35,542.35 1 13
github.com/brizzai/brizz-code/internal/session/session.go:542.35,543.34 1 169
github.com/brizzai/brizz-code/internal/session/session.go:543.34,546.5 2 1
github.com/brizzai/brizz-code/internal/session/session.go:553.2,553.35 1 9
github.com/brizzai/brizz-code/internal/session/session.go:553.35,555.77 2 12
github.com/brizzai/brizz-code/internal/session/session.go:555.77,558.4 2 1
github.com/brizzai/brizz-code/internal/session/session.go:562.2,562.43 1 8
github.com/brizzai/brizz-code/internal/session/session.go:562.43,563.47 1 43
github.com/brizzai/brizz-code/internal/session/session.go:563.47,566.4 2 3
github.com/brizzai/brizz-code/internal/session/session.go:571.2,571.26 1 5
github.com/brizzai/brizz-code/internal/session/session.go:571.26,573.35 2 5
github.com/brizzai/brizz-code/internal/session/session.go:573.35,575.4 1 5
github.com/brizzai/brizz-code/internal/session/session.go:576.3,576.34 1 5
github.com/brizzai/brizz-code/internal/session/session.go:576.34,578.104 2 6
github.com/brizzai/brizz-code/internal/session/session.go:578.104,581.5 2 3
github.com/brizzai/brizz-code/internal/session/session.go:585.3,585.40 1 2
github.com/brizzai/brizz-code/internal/session/session.go:585.40,586.48 1 4
github.com/brizzai/brizz-code/internal/session/session.go:586.48,589.5 2 1
github.com/brizzai/brizz-code/internal/session/session.go:592.3,597.4 2 1
github.com/brizzai/brizz-code/internal/session/session.go:598.8,600.3 1 0
github.com/brizzai/brizz-code/internal/session/session.go:602.2,602.11 1 1
github.com/brizzai/brizz-code/internal/session/session.go:607.46,610.34 2 1
github.com/brizzai/brizz-code/internal/session/session.go:610.34,612.3 1 14
github.com/brizzai/brizz-code/internal/session/session.go:614.2,617.29 4 1
github.com/brizzai/brizz-code/internal/session/session.go:617.29,620.25 3 5
github.com/brizzai/brizz-code/internal/session/session.go:620.25,621.12 1 2
github.com/brizzai/brizz-code/internal/session/session.go:623.3,624.20 2 3
github.com/brizzai/brizz-code/internal/session/session.go:626.2,626.35 1 1
github.com/brizzai/brizz-code/internal/session/session.go:630.41,633.2 2 3
github.com/brizzai/brizz-code/internal/session/session.go:637.39,639.86 1 10
github.com/brizzai/brizz-code/internal/session/session.go:639.86,641.3 1 4
github.com/brizzai/brizz-code/internal/session/session.go:643.2,647.23 4 6
github.com/brizzai/brizz-code/internal/session/session.go:647.23,648.27 1 50
github.com/brizzai/brizz-code/internal/session/session.go:648.27,650.45 2 13
github.com/brizzai/brizz-code/internal/session/session.go:650.45,653.70 2 7
github.com/brizzai/brizz-code/internal/session/session.go:653.70,655.6 1 11
github.com/brizzai/brizz-code/internal/session/session.go:656.5,656.69 1 7
github.com/brizzai/brizz-code/internal/session/session.go:656.69,658.6 1 7
github.com/brizzai/brizz-code/internal/session/session.go:659.10,659.52 1 6
github.com/brizzai/brizz-code/internal/session/session.go:659.52,662.26 2 6
github.com/brizzai/brizz-code/internal/session/session.go:662.26,663.30 1 65
github.com/brizzai/brizz-code/internal/session/session.go:663.30,665.12 2 4
github.com/brizzai/brizz-code/internal/session/session.go:667.6,667.76 1 61
github.com/brizzai/brizz-code/internal/session/session.go:667.76,669.12 2 2
github.com/brizzai/brizz-code/internal/session/session.go:671.6,671.9 1 59
github.com/brizzai/brizz-code/internal/session/session.go:673.10,675.25 1 0
github.com/brizzai/brizz-code/internal/session/session.go:675.25,677.6 1 0
github.com/brizzai/brizz-code/internal/session/session.go:679.9,679.34 1 37
github.com/brizzai/brizz-code/internal/session/session.go:679.34,682.69 2 2
github.com/brizzai/brizz-code/internal/session/session.go:682.69,684.5 1 3
github.com/brizzai/brizz-code/internal/session/session.go:685.4,685.68 1 2
github.com/brizzai/brizz-code/internal/session/session.go:685.68,687.5 1 2
github.com/brizzai/brizz-code/internal/session/session.go:688.9,691.4 2 35
github.com/brizzai/brizz-code/internal/session/session.go:694.2,694.19 1 6
github.com/brizzai/brizz-code/internal/session/session.go:705.45,707.48 2 0
github.com/brizzai/brizz-code/internal/session/session.go:707.48,710.3 2 0
github.com/brizzai/brizz-code/internal/session/session.go:711.2,716.16 5 0
github.com/brizzai/brizz-code/internal/session/session.go:716.16,718.3 1 0
github.com/brizzai/brizz-code/internal/session/session.go:720.2,724.13 4 0
github.com/brizzai/brizz-code/internal/session/session.go:728.61,730.29 2 0
github.com/brizzai/brizz-code/internal/session/session.go:730.29,733.3 2 0
github.com/brizzai/brizz-code/internal/session/session.go:734.2,734.15 1 0
github.com/brizzai/brizz-code/internal/session/session.go:737.26,741.2 3 2
github.com/brizzai/brizz-code/internal/session/session.go:744.40,746.2 1 4
github.com/brizzai/brizz-code/internal/session/storage.go:38.29,41.2 2 0
github.com/brizzai/brizz-code/internal/session/storage.go:44.44,47.64 2 14
github.com/brizzai/brizz-code/internal/session/storage.go:47.64,50.3 2 0
github.com/brizzai/brizz-code/internal/session/storage.go:52.2,53.16 2 14
github.com/brizzai/brizz-code/internal/session/storage.go:53.16,56.3 2 0
github.com/brizzai/brizz-code/internal/session/storage.go:59.2,64.28 2 14
github.com/brizzai/brizz-code/internal/session/storage.go:64.28,65.39 1 42
github.com/brizzai/brizz-code/internal/session/storage.go:65.39,69.4 3 0
github.com/brizzai/brizz-code/internal/session/storage.go:72.2,73.36 2 14
github.com/brizzai/brizz-code/internal/session/storage.go:73.36,77.3 3 0
github.com/brizzai/brizz-code/internal/session/storage.go:79.2,80.15 2 14
github.com/brizzai/brizz-code/internal/session/storage.go:84.33,87.2 2 14
github.com/brizzai/brizz-code/internal/session/storage.go:89.35,102.16 2 14
github.com/brizzai/brizz-code/internal/session/storage.go:102.16,105.3 2 0
github.com/brizzai/brizz-code/internal/session/storage.go:108.2,108.51 1 14
github.com/brizzai/brizz-code/internal/session/storage.go:108.51,110.17 2 13
github.com/brizzai/brizz-code/internal/session/storage.go:110.17,113.4 2 0
github.com/brizzai/brizz-code/internal/session/storage.go:117.2,117.48 1 14
github.com/brizzai/brizz-code/internal/session/storage.go:117.48,119.17 2 13
github.com/brizzai/brizz-code/internal/session/storage.go:119.17,122.4 2 0
github.com/brizzai/brizz-code/internal/session/storage.go:126.2,126.50 1 14
github.com/brizzai/brizz-code/internal/session/storage.go:126.50,128.17 2 13
github.com/brizzai/brizz-code/internal/session/storage.go:128.17,131.4 2 0
github.com/brizzai/brizz-code/internal/session/storage.go:133.2,133.46 1 14
github.com/brizzai/brizz-code/internal/session/storage.go:133.46,135.17 2 13
github.com/brizzai/brizz-code/internal/session/storage.go:135.17,138.4 2 0
github.com/brizzai/brizz-code/internal/session/storage.go:140.2,140.49 1 14
github.com/brizzai/brizz-code/internal/session/storage.go:140.49,142.17 2 13
github.com/brizzai/brizz-code/internal/session/storage.go:142.17,145.4 2 0
github.com/brizzai/brizz-code/internal/session/storage.go:147.2,147.46 1 14
github.com/brizzai/brizz-code/internal/session/storage.go:147.46,149.17 2 13
github.com/brizzai/brizz-code/internal/session/storage.go:149.17,152.4 2 0
github.com/brizzai/brizz-code/internal/session/storage.go:155.2,155.12 1 14
github.com/brizzai/brizz-code/internal/session/storage.go:158.56,160.16 2 84
github.com/brizzai/brizz-code/internal/session/storage.go:160.16,162.3 1 0
github.com/brizzai/brizz-code/internal/session/storage.go:163.2,164.18 2 84
github.com/brizzai/brizz-code/internal/session/storage.go:164.18,170.83 6 888
github.com/brizzai/brizz-code/internal/session/storage.go:170.83,171.12 1 0
github.com/brizzai/brizz-code/internal/session/storage.go:173.3,173.21 1 888
github.com/brizzai/brizz-code/internal/session/storage.go:173.21,175.4 1 6
github.com/brizzai/brizz-code/internal/session/storage.go:177.2,177.14 1 78
github.com/brizzai/brizz-code/internal/session/storage.go:181.54,192.16 2 14
github.com/brizzai/brizz-code/internal/session/storage.go:192.16,194.3 1 0
github.com/brizzai/brizz-code/internal/session/storage.go:195.2,195.12 1 14
github.com/brizzai/brizz-code/internal/session/storage.go:199.57,204.16 2 16
github.com/brizzai/brizz-code/internal/session/storage.go:204.16,207.3 2 0
github.com/brizzai/brizz-code/internal/session/storage.go:208.2,211.18 3 16
github.com/brizzai/brizz-code/internal/session/storage.go:211.18,215.233 4 17
github.com/brizzai/brizz-code/internal/session/storage.go:215.233,218.4 2 0
github.com/brizzai/brizz-code/internal/session/storage.go:219.3,224.34 6 17
github.com/brizzai/brizz-code/internal/session/storage.go:226.2,226.35 1 16
github.com/brizzai/brizz-code/internal/session/storage.go:226.35,229.3 2 0
github.com/brizzai/brizz-code/internal/session/storage.go:230.2,231.22 2 16
github.com/brizzai/brizz-code/internal/session/storage.go:235.50,238.16 3 3
github.com/brizzai/brizz-code/internal/session/storage.go:238.16,240.3 1 0
github.com/brizzai/brizz-code/internal/session/storage.go:241.2,241.12 1 3
github.com/brizzai/brizz-code/internal/session/storage.go:245.57,251.16 2 2
github.com/brizzai/brizz-code/internal/session/storage.go:251.16,253.3 1 0
github.com/brizzai/brizz-code/internal/session/storage.go:254.2,254.12 1 2
github.com/brizzai/brizz-code/internal/session/storage.go:258.62,261.2 2 1
github.com/brizzai/brizz-code/internal/session/storage.go:264.55,267.2 2 0
github.com/brizzai/brizz-code/internal/session/storage.go:270.67,273.2 2 0
github.com/brizzai/brizz-code/internal/session/storage.go:276.75,278.16 2 1
github.com/brizzai/brizz-code/internal/session/storage.go:278.16,280.3 1 0
github.com/brizzai/brizz-code/internal/session/storage.go:281.2,281.12 1 1
github.com/brizzai/brizz-code/internal/session/storage.go:285.55,287.16 2 1
github.com/brizzai/brizz-code/internal/session/storage.go:287.16,289.3 1 0
github.com/brizzai/brizz-code/internal/session/storage.go:290.2,290.12 1 1
github.com/brizzai/brizz-code/internal/session/storage.go:294.62,297.2 2 0
github.com/brizzai/brizz-code/internal/session/storage.go:300.56,303.2 2 1
github.com/brizzai/brizz-code/internal/session/storage.go:306.62,309.2 2 0
github.com/brizzai/brizz-code/internal/session/storage.go:312.55,315.2 2 1
github.com/brizzai/brizz-code/internal/session/storage.go:318.56,321.2 2 1
github.com/brizzai/brizz-code/internal/session/storage.go:324.65,327.2 2 1
github.com/brizzai/brizz-code/internal/session/storage.go:329.28,330.7 1 45
github.com/brizzai/brizz-code/internal/session/storage.go:330.7,332.3 1 6
github.com/brizzai/brizz-code/internal/session/storage.go:333.2,333.10 1 39
github.com/brizzai/brizz-code/internal/ui/actionlog.go:24.43,29.2 1 1
github.com/brizzai/brizz-code/internal/ui/actionlog.go:32.62,41.33 4 0
github.com/brizzai/brizz-code/internal/ui/actionlog.go:41.33,45.3 2 0
github.com/brizzai/brizz-code/internal/ui/actionlog.go:45.8,47.3 1 0
github.com/brizzai/brizz-code/internal/ui/actionlog.go:51.45,55.30 4 0
github.com/brizzai/brizz-code/internal/ui/actionlog.go:55.30,57.3 1 0
github.com/brizzai/brizz-code/internal/ui/actionlog.go:58.2,58.15 1 0
github.com/brizzai/brizz-code/internal/ui/app.go:75.31,78.2 2 0
github.com/brizzai/brizz-code/internal/ui/app.go:148.82,157.21 6 1
github.com/brizzai/brizz-code/internal/ui/app.go:157.21,159.3 1 0
github.com/brizzai/brizz-code/internal/ui/app.go:161.2,185.3 1 1
github.com/brizzai/brizz-code/internal/ui/app.go:189.31,194.2 1 0
github.com/brizzai/brizz-code/internal/ui/app.go:197.57,198.27 1 0
github.com/brizzai/brizz-code/internal/ui/app.go:199.25,213.16 14 0
github.com/brizzai/brizz-code/internal/ui/app.go:215.18,216.26 1 0
github.com/brizzai/brizz-code/internal/ui/app.go:218.15,219.24 1 0
github.com/brizzai/brizz-code/internal/ui/app.go:221.23,225.10 2 0
github.com/brizzai/brizz-code/internal/ui/app.go:226.38,226.38 0 0
github.com/brizzai/brizz-code/internal/ui/app.go:227.11,227.11 0 0
github.com/brizzai/brizz-code/internal/ui/app.go:229.3,230.16 2 0
github.com/brizzai/brizz-code/internal/ui/app.go:232.24,233.36 1 0
github.com/brizzai/brizz-code/internal/ui/app.go:235.22,239.28 4 0
github.com/brizzai/brizz-code/internal/ui/app.go:239.28,240.36 1 0
github.com/brizzai/brizz-code/internal/ui/app.go:240.36,242.5 1 0
github.com/brizzai/brizz-code/internal/ui/app.go:243.4,243.45 1 0
github.com/brizzai/brizz-code/internal/ui/app.go:246.30,247.42 1 0
github.com/brizzai/brizz-code/internal/ui/app.go:249.24,250.21 1 0
github.com/brizzai/brizz-code/internal/ui/app.go:250.21,252.4 1 0
github.com/brizzai/brizz-code/internal/ui/app.go:252.9,256.55 3 0
github.com/brizzai/brizz-code/internal/ui/app.go:256.55,257.43 1 0
github.com/brizzai/brizz-code/internal/ui/app.go:257.43,260.6 2 0
github.com/brizzai/brizz-code/internal/ui/app.go:262.4,264.62 2 0
github.com/brizzai/brizz-code/internal/ui/app.go:264.62,268.30 4 0
github.com/brizzai/brizz-code/internal/ui/app.go:268.30,271.6 2 0
github.com/brizzai/brizz-code/internal/ui/app.go:274.3,274.16 1 0
github.com/brizzai/brizz-code/internal/ui/app.go:276.25,277.21 1 0
github.com/brizzai/brizz-code/internal/ui/app.go:277.21,279.4 1 0
github.com/brizzai/brizz-code/internal/ui/app.go:281.3,281.41 1 0
github.com/brizzai/brizz-code/internal/ui/app.go:281.41,282.78 1 0
github.com/brizzai/brizz-code/internal/ui/app.go:282.78,284.5 1 0
github.com/brizzai/brizz-code/internal/ui/app.go:285.4,285.79 1 0
github.com/brizzai/brizz-code/internal/ui/app.go:285.79,287.5 1 0
github.com/brizzai/brizz-code/internal/ui/app.go:289.3,290.16 2 0
github.com/brizzai/brizz-code/internal/ui/app.go:292.24,293.41 1 0
github.com/brizzai/brizz-code/internal/ui/app.go:293.41,296.68 3 0
github.com/brizzai/brizz-code/internal/ui/app.go:296.68,298.5 1 0
github.com/brizzai/brizz-code/internal/ui/app.go:299.4,299.62 1 0
github.com/brizzai/brizz-code/internal/ui/app.go:299.62,301.5 1 0
github.com/brizzai/brizz-code/internal/ui/app.go:302.4,302.24 1 0
github.com/brizzai/brizz-code/internal/ui/app.go:304.3,304.16 1 0
github.com/brizzai/brizz-code/internal/ui/app.go:306.25,308.16 1 0
github.com/brizzai/brizz-code/internal/ui/app.go:310.26,311.16 1 0
github.com/brizzai/brizz-code/internal/ui/app.go:313.27,315.16 2 0
github.com/brizzai/brizz-code/internal/ui/app.go:317.21,318.21 1 0
github.com/brizzai/brizz-code/internal/ui/app.go:318.21,320.4 1 0
github.com/brizzai/brizz-code/internal/ui/app.go:321.3,321.16 1 0
github.com/brizzai/brizz-code/internal/ui/app.go:323.17,324.21 1 0
github.com/brizzai/brizz-code/internal/ui/app.go:324.21,326.4 1 0
github.com/brizzai/brizz-code/internal/ui/app.go:327.3,327.16 1 0
github.com/brizzai/brizz-code/internal/ui/app.go:329.23,330.21 1 0
github.com/brizzai/brizz-code/internal/ui/app.go:330.21,332.4 1 0
github.com/brizzai/brizz-code/internal/ui/app.go:333.3,333.16 1 0
github.com/brizzai/brizz-code/internal/ui/app.go:335.21,336.21 1 0
github.com/brizzai/brizz-code/internal/ui/app.go:336.21,339.4 2 0
github.com/brizzai/brizz-code/internal/ui/app.go:340.3,341.16 2 0
github.com/brizzai/brizz-code/internal/ui/app.go:343.25,345.21 2 0
github.com/brizzai/brizz-code/internal/ui/app.go:345.21,348.4 2 0
github.com/brizzai/brizz-code/internal/ui/app.go:350.3,355.10 5 0
github.com/brizzai/brizz-code/internal/ui/app.go:356.38,356.38 0 0
github.com/brizzai/brizz-code/internal/ui/app.go:357.11,357.11 0 0
github.com/brizzai/brizz-code/internal/ui/app.go:359.3,359.16 1 0
github.com/brizzai/brizz-code/internal/ui/app.go:361.18,364.16 3 0
github.com/brizzai/brizz-code/internal/ui/app.go:366.24,367.21 1 0
github.com/brizzai/brizz-code/internal/ui/app.go:367.21,371.4 3 0
github.com/brizzai/brizz-code/internal/ui/app.go:372.3,372.30 1 0
github.com/brizzai/brizz-code/internal/ui/app.go:372.30,377.4 3 0
github.com/brizzai/brizz-code/internal/ui/app.go:378.3,379.16 2 0
github.com/brizzai/brizz-code/internal/ui/app.go:381.28,386.5 1 0
github.com/brizzai/brizz-code/internal/ui/app.go:388.30,391.16 3 0
github.com/brizzai/brizz-code/internal/ui/app.go:393.29,396.25 2 0
github.com/brizzai/brizz-code/internal/ui/app.go:396.25,399.4 2 0
github.com/brizzai/brizz-code/internal/ui/app.go:400.3,400.16 1 0
github.com/brizzai/brizz-code/internal/ui/app.go:402.26,418.36 6 0
github.com/brizzai/brizz-code/internal/ui/app.go:418.36,419.55 1 0
github.com/brizzai/brizz-code/internal/ui/app.go:419.55,422.10 3 0
github.com/brizzai/brizz-code/internal/ui/app.go:426.3,433.38 8 0
github.com/brizzai/brizz-code/internal/ui/app.go:433.38,435.55 2 0
github.com/brizzai/brizz-code/internal/ui/app.go:435.55,437.5 1 0
github.com/brizzai/brizz-code/internal/ui/app.go:438.4,438.99 1 0
github.com/brizzai/brizz-code/internal/ui/app.go:441.32,444.21 2 0
github.com/brizzai/brizz-code/internal/ui/app.go:444.21,448.60 3 0
github.com/brizzai/brizz-code/internal/ui/app.go:448.60,450.5 1 0
github.com/brizzai/brizz-code/internal/ui/app.go:451.4,451.17 1 0
github.com/brizzai/brizz-code/internal/ui/app.go:453.3,457.5 1 0
github.com/brizzai/brizz-code/internal/ui/app.go:459.33,460.21 1 0
github.com/brizzai/brizz-code/internal/ui/app.go:460.21,462.4 1 0
github.com/brizzai/brizz-code/internal/ui/app.go:463.3,463.16 1 0
github.com/brizzai/brizz-code/internal/ui/app.go:465.20,466.19 1 0
github.com/brizzai/brizz-code/internal/ui/app.go:466.19,468.4 1 0
github.com/brizzai/brizz-code/internal/ui/app.go:469.3,470.31 2 0
github.com/brizzai/brizz-code/internal/ui/app.go:470.31,474.4 3 0
github.com/brizzai/brizz-code/internal/ui/app.go:475.3,475.61 1 0
github.com/brizzai/brizz-code/internal/ui/app.go:477.22,479.63 1 0
github.com/brizzai/brizz-code/internal/ui/app.go:479.63,482.4 2 0
github.com/brizzai/brizz-code/internal/ui/app.go:483.3,483.59 1 0
github.com/brizzai/brizz-code/internal/ui/app.go:483.59,486.4 2 0
github.com/brizzai/brizz-code/internal/ui/app.go:487.3,487.78 1 0
github.com/brizzai/brizz-code/internal/ui/app.go:487.78,490.4 2 0
github.com/brizzai/brizz-code/internal/ui/app.go:492.3,492.35 1 0
github.com/brizzai/brizz-code/internal/ui/app.go:492.35,493.43 1 0
github.com/brizzai/brizz-code/internal/ui/app.go:493.43,495.5 1 0
github.com/brizzai/brizz-code/internal/ui/app.go:496.4,496.28 1 0
github.com/brizzai/brizz-code/internal/ui/app.go:498.3,498.16 1 0
github.com/brizzai/brizz-code/internal/ui/app.go:500.23,501.21 1 0
github.com/brizzai/brizz-code/internal/ui/app.go:501.21,504.4 2 0
github.com/brizzai/brizz-code/internal/ui/app.go:505.3,505.24 1 0
github.com/brizzai/brizz-code/internal/ui/app.go:505.24,507.4 1 0
github.com/brizzai/brizz-code/internal/ui/app.go:508.3,512.28 4 0
github.com/brizzai/brizz-code/internal/ui/app.go:512.28,513.50 1 0
github.com/brizzai/brizz-code/internal/ui/app.go:513.50,515.5 1 0
github.com/brizzai/brizz-code/internal/ui/app.go:517.3,519.44 3 0
github.com/brizzai/brizz-code/internal/ui/app.go:519.44,521.4 1 0
github.com/brizzai/brizz-code/internal/ui/app.go:524.3,524.27 1 0
github.com/brizzai/brizz-code/internal/ui/app.go:524.27,525.58 1 0
github.com/brizzai/brizz-code/internal/ui/app.go:525.58,528.5 2 0
github.com/brizzai/brizz-code/internal/ui/app.go:532.3,532.23 1 0
github.com/brizzai/brizz-code/internal/ui/app.go:532.23,535.4 2 0
github.com/brizzai/brizz-code/internal/ui/app.go:537.3,537.16 1 0
github.com/brizzai/brizz-code/internal/ui/app.go:540.2,540.15 1 0
github.com/brizzai/brizz-code/internal/ui/app.go:544.30,545.26 1 1
github.com/brizzai/brizz-code/internal/ui/app.go:545.26,547.3 1 0
github.com/brizzai/brizz-code/internal/ui/app.go:548.2,548.18 1 1
github.com/brizzai/brizz-code/internal/ui/app.go:548.18,550.3 1 0
github.com/brizzai/brizz-code/internal/ui/app.go:553.2,553.31 1 1
github.com/brizzai/brizz-code/internal/ui/app.go:553.31,555.3 1 0
github.com/brizzai/brizz-code/internal/ui/app.go:556.2,556.29 1 1
github.com/brizzai/brizz-code/internal/ui/app.go:556.29,558.3 1 0
github.com/brizzai/brizz-code/internal/ui/app.go:559.2,559.34 1 1
github.com/brizzai/brizz-code/internal/ui/app.go:559.34,561.3 1 0
github.com/brizzai/brizz-code/internal/ui/app.go:562.2,562.41 1 1
github.com/brizzai/brizz-code/internal/ui/app.go:562.41,564.3 1 0
github.com/brizzai/brizz-code/internal/ui/app.go:565.2,565.34 1 1
github.com/brizzai/brizz-code/internal/ui/app.go:565.34,567.3 1 0
github.com/brizzai/brizz-code/internal/ui/app.go:568.2,568.32 1 1
github.com/brizzai/brizz-code/internal/ui/app.go:568.32,570.3 1 0
github.com/brizzai/brizz-code/internal/ui/app.go:571.2,571.29 1 1
github.com/brizzai/brizz-code/internal/ui/app.go:571.29,573.3 1 0
github.com/brizzai/brizz-code/internal/ui/app.go:574.2,574.33 1 1
github.com/brizzai/brizz-code/internal/ui/app.go:574.33,576.3 1 0
github.com/brizzai/brizz-code/internal/ui/app.go:577.2,577.32 1 1
github.com/brizzai/brizz-code/internal/ui/app.go:577.32,579.3 1 0
github.com/brizzai/brizz-code/internal/ui/app.go:581.2,590.23 6 1
github.com/brizzai/brizz-code/internal/ui/app.go:590.23,592.3 1 0
github.com/brizzai/brizz-code/internal/ui/app.go:594.2,594.24 1 1
github.com/brizzai/brizz-code/internal/ui/app.go:595.16,597.25 2 0
github.com/brizzai/brizz-code/internal/ui/app.go:598.17,600.24 2 0
github.com/brizzai/brizz-code/internal/ui/app.go:600.24,602.4 1 0
github.com/brizzai/brizz-code/internal/ui/app.go:603.3,611.25 9 0
github.com/brizzai/brizz-code/internal/ui/app.go:612.10,614.24 2 1
github.com/brizzai/brizz-code/internal/ui/app.go:614.24,616.4 1 0
github.com/brizzai/brizz-code/internal/ui/app.go:617.3,621.62 3 1
github.com/brizzai/brizz-code/internal/ui/app.go:621.62,623.4 1 0
github.com/brizzai/brizz-code/internal/ui/app.go:623.9,629.4 5 1
github.com/brizzai/brizz-code/internal/ui/app.go:631.3,636.18 4 1
github.com/brizzai/brizz-code/internal/ui/app.go:636.18,638.4 1 0
github.com/brizzai/brizz-code/internal/ui/app.go:639.3,641.27 3 1
github.com/brizzai/brizz-code/internal/ui/app.go:641.27,643.4 1 36
github.com/brizzai/brizz-code/internal/ui/app.go:644.3,650.89 4 1
github.com/brizzai/brizz-code/internal/ui/app.go:654.2,655.37 2 1
github.com/brizzai/brizz-code/internal/ui/app.go:655.37,658.3 2 1
github.com/brizzai/brizz-code/internal/ui/app.go:661.2,661.17 1 1
github.com/brizzai/brizz-code/internal/ui/app.go:661.17,667.3 4 0
github.com/brizzai/brizz-code/internal/ui/app.go:667.8,667.27 1 1
github.com/brizzai/brizz-code/internal/ui/app.go:667.27,672.3 4 0
github.com/brizzai/brizz-code/internal/ui/app.go:672.8,672.31 1 1
github.com/brizzai/brizz-code/internal/ui/app.go:672.31,678.3 4 0
github.com/brizzai/brizz-code/internal/ui/app.go:678.8,682.3 2 1
github.com/brizzai/brizz-code/internal/ui/app.go:685.2,685.59 1 1
github.com/brizzai/brizz-code/internal/ui/app.go:685.59,688.3 2 0
github.com/brizzai/brizz-code/internal/ui/app.go:690.2,690.19 1 1
github.com/brizzai/brizz-code/internal/ui/app.go:695.63,697.31 1 0
github.com/brizzai/brizz-code/internal/ui/app.go:697.31,701.3 3 0
github.com/brizzai/brizz-code/internal/ui/app.go:702.2,702.29 1 0
github.com/brizzai/brizz-code/internal/ui/app.go:702.29,706.3 3 0
github.com/brizzai/brizz-code/internal/ui/app.go:707.2,707.34 1 0
github.com/brizzai/brizz-code/internal/ui/app.go:707.34,711.3 3 0
github.com/brizzai/brizz-code/internal/ui/app.go:712.2,712.41 1 0
github.com/brizzai/brizz-code/internal/ui/app.go:712.41,716.3 3 0
github.com/brizzai/brizz-code/internal/ui/app.go:717.2,717.34 1 0
github.com/brizzai/brizz-code/internal/ui/app.go:717.34,721.3 3 0
github.com/brizzai/brizz-code/internal/ui/app.go:722.2,722.32 1 0
github.com/brizzai/brizz-code/internal/ui/app.go:722.32,726.3 3 0
github.com/brizzai/brizz-code/internal/ui/app.go:727.2,727.29 1 0
github.com/brizzai/brizz-code/internal/ui/app.go:727.29,731.3 3 0
github.com/brizzai/brizz-code/internal/ui/app.go:732.2,732.33 1 0
github.com/brizzai/brizz-code/internal/ui/app.go:732.33,736.3 3 0
github.com/brizzai/brizz-code/internal/ui/app.go:737.2,737.32 1 0
github.com/brizzai/brizz-code/internal/ui/app.go:737.32,741.3 3 0
github.com/brizzai/brizz-code/internal/ui/app.go:744.2,744.17 1 0
github.com/brizzai/brizz-code/internal/ui/app.go:744.17,746.3 1 0
github.com/brizzai/brizz-code/internal/ui/app.go:749.2,749.20 1 0
github.com/brizzai/brizz-code/internal/ui/app.go:749.20,750.23 1 0
github.com/brizzai/brizz-code/internal/ui/app.go:751.14,758.28 6 0
github.com/brizzai/brizz-code/internal/ui/app.go:758.28,760.5 1 0
github.com/brizzai/brizz-code/internal/ui/app.go:761.4,762.17 2 0
github.com/brizzai/brizz-code/internal/ui/app.go:763.16,767.17 3 0
github.com/brizzai/brizz-code/internal/ui/app.go:768.11,774.28 5 0
github.com/brizzai/brizz-code/internal/ui/app.go:774.28,776.5 1 0
github.com/brizzai/brizz-code/internal/ui/app.go:776.10,778.5 1 0
github.com/brizzai/brizz-code/internal/ui/app.go:779.4,780.17 2 0
github.com/brizzai/brizz-code/internal/ui/app.go:784.2,784.22 1 0
github.com/brizzai/brizz-code/internal/ui/app.go:785.19,788.16 3 0
github.com/brizzai/brizz-code/internal/ui/app.go:789.17,792.16 3 0
github.com/brizzai/brizz-code/internal/ui/app.go:793.15,795.89 1 0
github.com/brizzai/brizz-code/internal/ui/app.go:795.89,798.4 2 0
github.com/brizzai/brizz-code/internal/ui/app.go:799.3,799.38 1 0
github.com/brizzai/brizz-code/internal/ui/app.go:799.38,801.4 1 0
github.com/brizzai/brizz-code/internal/ui/app.go:802.3,802.41 1 0
github.com/brizzai/brizz-code/internal/ui/app.go:802.41,804.4 1 0
github.com/brizzai/brizz-code/internal/ui/app.go:805.3,805.31 1 0
github.com/brizzai/brizz-code/internal/ui/app.go:806.13,807.89 1 0
github.com/brizzai/brizz-code/internal/ui/app.go:807.89,809.4 1 0
github.com/brizzai/brizz-code/internal/ui/app.go:810.3,810.38 1 0
github.com/brizzai/brizz-code/internal/ui/app.go:810.38,811.42 1 0
github.com/brizzai/brizz-code/internal/ui/app.go:811.42,813.5 1 0
github.com/brizzai/brizz-code/internal/ui/app.go:814.4,814.32 1 0
github.com/brizzai/brizz-code/internal/ui/app.go:816.3,816.31 1 0
github.com/brizzai/brizz-code/internal/ui/app.go:817.11,820.16 2 0
github.com/brizzai/brizz-code/internal/ui/app.go:821.19,823.16 2 0
github.com/brizzai/brizz-code/internal/ui/app.go:824.20,826.16 2 0
github.com/brizzai/brizz-code/internal/ui/app.go:827.11,830.21 2 0
github.com/brizzai/brizz-code/internal/ui/app.go:830.21,833.4 2 0
github.com/brizzai/brizz-code/internal/ui/app.go:834.3,839.5 3 0
github.com/brizzai/brizz-code/internal/ui/app.go:840.11,843.16 2 0
github.com/brizzai/brizz-code/internal/ui/app.go:844.11,847.21 2 0
github.com/brizzai/brizz-code/internal/ui/app.go:847.21,850.4 2 0
github.com/brizzai/brizz-code/internal/ui/app.go:851.3,852.77 2 0
github.com/brizzai/brizz-code/internal/ui/app.go:853.11,854.29 1 0
github.com/brizzai/brizz-code/internal/ui/app.go:855.11,856.41 1 0
github.com/brizzai/brizz-code/internal/ui/app.go:856.41,858.4 1 0
github.com/brizzai/brizz-code/internal/ui/app.go:859.3,859.38 1 0
github.com/brizzai/brizz-code/internal/ui/app.go:860.11,861.41 1 0
github.com/brizzai/brizz-code/internal/ui/app.go:861.41,863.4 1 0
github.com/brizzai/brizz-code/internal/ui/app.go:864.3,864.32 1 0
github.com/brizzai/brizz-code/internal/ui/app.go:865.11,866.31 1 0
github.com/brizzai/brizz-code/internal/ui/app.go:867.11,868.41 1 0
github.com/brizzai/brizz-code/internal/ui/app.go:868.41,870.4 1 0
github.com/brizzai/brizz-code/internal/ui/app.go:871.3,871.35 1 0
github.com/brizzai/brizz-code/internal/ui/app.go:872.11,874.32 2 0
github.com/brizzai/brizz-code/internal/ui/app.go:875.11,876.41 1 0
github.com/brizzai/brizz-code/internal/ui/app.go:876.41,878.4 1 0
github.com/brizzai/brizz-code/internal/ui/app.go:879.3,879.37 1 0
github.com/brizzai/brizz-code/internal/ui/app.go:880.11,882.21 2 0
github.com/brizzai/brizz-code/internal/ui/app.go:882.21,884.4 1 0
github.com/brizzai/brizz-code/internal/ui/app.go:885.3,886.67 2 0
github.com/brizzai/brizz-code/internal/ui/app.go:887.11,890.16 3 0
github.com/brizzai/brizz-code/internal/ui/app.go:891.13,893.25 1 0
github.com/brizzai/brizz-code/internal/ui/app.go:893.25,897.28 4 0
github.com/brizzai/brizz-code/internal/ui/app.go:897.28,899.5 1 0
github.com/brizzai/brizz-code/internal/ui/app.go:900.4,901.17 2 0
github.com/brizzai/brizz-code/internal/ui/app.go:903.3,903.16 1 0
github.com/brizzai/brizz-code/internal/ui/app.go:904.11,906.16 2 0
github.com/brizzai/brizz-code/internal/ui/app.go:907.11,910.16 3 0
github.com/brizzai/brizz-code/internal/ui/app.go:911.11,913.16 2 0
github.com/brizzai/brizz-code/internal/ui/app.go:914.21,916.27 2 0
github.com/brizzai/brizz-code/internal/ui/app.go:916.27,918.4 1 0
github.com/brizzai/brizz-code/internal/ui/app.go:919.3,919.29 1 0
github.com/brizzai/brizz-code/internal/ui/app.go:919.29,921.4 1 0
github.com/brizzai/brizz-code/internal/ui/app.go:922.3,922.21 1 0
github.com/brizzai/brizz-code/internal/ui/app.go:925.2,925.15 1 0
github.com/brizzai/brizz-code/internal/ui/app.go:930.41,931.88 1 0
github.com/brizzai/brizz-code/internal/ui/app.go:931.88,933.3 1 0
github.com/brizzai/brizz-code/internal/ui/app.go:934.2,935.30 2 0
github.com/brizzai/brizz-code/internal/ui/app.go:935.30,937.3 1 0
github.com/brizzai/brizz-code/internal/ui/app.go:939.2,941.62 3 0
github.com/brizzai/brizz-code/internal/ui/app.go:941.62,943.3 1 0
github.com/brizzai/brizz-code/internal/ui/app.go:944.2,944.59 1 0
github.com/brizzai/brizz-code/internal/ui/app.go:944.59,946.3 1 0
github.com/brizzai/brizz-code/internal/ui/app.go:948.2,950.82 2 0
github.com/brizzai/brizz-code/internal/ui/app.go:950.82,955.3 2 0
github.com/brizzai/brizz-code/internal/ui/app.go:962.32,964.2 1 0
github.com/brizzai/brizz-code/internal/ui/app.go:966.44,966.45 0 0
github.com/brizzai/brizz-code/internal/ui/app.go:967.44,967.45 0 0
github.com/brizzai/brizz-code/internal/ui/app.go:968.44,968.45 0 0
github.com/brizzai/brizz-code/internal/ui/app.go:970.79,971.51 1 0
github.com/brizzai/brizz-code/internal/ui/app.go:971.51,974.3 2 0
github.com/brizzai/brizz-code/internal/ui/app.go:975.2,978.27 4 0
github.com/brizzai/brizz-code/internal/ui/app.go:978.27,979.35 1 0
github.com/brizzai/brizz-code/internal/ui/app.go:979.35,982.4 2 0
github.com/brizzai/brizz-code/internal/ui/app.go:983.3,983.44 1 0
github.com/brizzai/brizz-code/internal/ui/app.go:987.91,988.20 1 0
github.com/brizzai/brizz-code/internal/ui/app.go:988.20,991.3 2 0
github.com/brizzai/brizz-code/internal/ui/app.go:993.2,1005.57 9 0
github.com/brizzai/brizz-code/internal/ui/app.go:1005.57,1007.3 1 0
github.com/brizzai/brizz-code/internal/ui/app.go:1010.2,1010.35 1 0
github.com/brizzai/brizz-code/internal/ui/app.go:1010.35,1011.75 1 0
github.com/brizzai/brizz-code/internal/ui/app.go:1011.75,1014.9 3 0
github.com/brizzai/brizz-code/internal/ui/app.go:1018.2,1018.15 1 0
github.com/brizzai/brizz-code/internal/ui/app.go:1021.48,1022.88 1 0
github.com/brizzai/brizz-code/internal/ui/app.go:1022.88,1024.3 1 0
github.com/brizzai/brizz-code/internal/ui/app.go:1025.2,1026.14 2 0
github.com/brizzai/brizz-code/internal/ui/app.go:1026.14,1028.3 1 0
github.com/brizzai/brizz-code/internal/ui/app.go:1030.2,1033.18 3 0
github.com/brizzai/brizz-code/internal/ui/app.go:1033.18,1036.28 3 0
github.com/brizzai/brizz-code/internal/ui/app.go:1036.28,1040.30 1 0
github.com/brizzai/brizz-code/internal/ui/app.go:1040.30,1042.5 1 0
github.com/brizzai/brizz-code/internal/ui/app.go:1042.22,1044.5 1 0
github.com/brizzai/brizz-code/internal/ui/app.go:1045.4,1045.14 1 0
github.com/brizzai/brizz-code/internal/ui/app.go:1048.2,1051.20 1 0
github.com/brizzai/brizz-code/internal/ui/app.go:1051.20,1053.3 1 0
github.com/brizzai/brizz-code/internal/ui/app.go:1054.2,1054.12 1 0
github.com/brizzai/brizz-code/internal/ui/app.go:1057.42,1058.88 1 0
github.com/brizzai/brizz-code/internal/ui/app.go:1058.88,1060.3 1 0
github.com/brizzai/brizz-code/internal/ui/app.go:1061.2,1062.14 2 0
github.com/brizzai/brizz-code/internal/ui/app.go:1062.14,1064.3 1 0
github.com/brizzai/brizz-code/internal/ui/app.go:1066.2,1069.24 4 0
github.com/brizzai/brizz-code/internal/ui/app.go:1069.24,1071.54 2 0
github.com/brizzai/brizz-code/internal/ui/app.go:1071.54,1074.18 2 0
github.com/brizzai/brizz-code/internal/ui/app.go:1074.18,1076.5 1 0
github.com/brizzai/brizz-code/internal/ui/app.go:1077.9,1080.18 2 0
github.com/brizzai/brizz-code/internal/ui/app.go:1080.18,1082.5 1 0
github.com/brizzai/brizz-code/internal/ui/app.go:1084.3,1084.45 1 0
github.com/brizzai/brizz-code/internal/ui/app.go:1088.39,1090.14 2 0
github.com/brizzai/brizz-code/internal/ui/app.go:1090.14,1093.3 2 0
github.com/brizzai/brizz-code/internal/ui/app.go:1094.2,1094.29 1 0
github.com/brizzai/brizz-code/internal/ui/app.go:1094.29,1097.3 2 0
github.com/brizzai/brizz-code/internal/ui/app.go:1098.2,1102.24 5 0
github.com/brizzai/brizz-code/internal/ui/app.go:1102.24,1109.3 1 0
github.com/brizzai/brizz-code/internal/ui/app.go:1112.34,1113.89 1 0
github.com/brizzai/brizz-code/internal/ui/app.go:1113.89,1115.3 1 0
github.com/brizzai/brizz-code/internal/ui/app.go:1116.2,1120.35 4 0
github.com/brizzai/brizz-code/internal/ui/app.go:1120.35,1121.49 1 0
github.com/brizzai/brizz-code/internal/ui/app.go:1121.49,1123.9 2 0
github.com/brizzai/brizz-code/internal/ui/app.go:1126.2,1126.18 1 0
github.com/brizzai/brizz-code/internal/ui/app.go:1129.37,1130.50 1 0
github.com/brizzai/brizz-code/internal/ui/app.go:1130.50,1132.3 1 0
github.com/brizzai/brizz-code/internal/ui/app.go:1133.2,1135.23 3 0
github.com/brizzai/brizz-code/internal/ui/app.go:1135.23,1137.3 1 0
github.com/brizzai/brizz-code/internal/ui/app.go:1137.8,1137.32 1 0
github.com/brizzai/brizz-code/internal/ui/app.go:1137.32,1139.3 1 0
github.com/brizzai/brizz-code/internal/ui/app.go:1139.8,1141.3 1 0
github.com/brizzai/brizz-code/internal/ui/app.go:1142.2,1142.26 1 0
github.com/brizzai/brizz-code/internal/ui/app.go:1142.26,1144.3 1 0
github.com/brizzai/brizz-code/internal/ui/app.go:1145.2,1147.18 3 0
github.com/brizzai/brizz-code/internal/ui/app.go:1150.39,1151.50 1 0
github.com/brizzai/brizz-code/internal/ui/app.go:1151.50,1153.3 1 0
github.com/brizzai/brizz-code/internal/ui/app.go:1154.2,1156.23 3 0
github.com/brizzai/brizz-code/internal/ui/app.go:1156.23,1158.3 1 0
github.com/brizzai/brizz-code/internal/ui/app.go:1158.8,1158.32 1 0
github.com/brizzai/brizz-code/internal/ui/app.go:1158.32,1160.3 1 0
github.com/brizzai/brizz-code/internal/ui/app.go:1160.8,1162.3 1 0
github.com/brizzai/brizz-code/internal/ui/app.go:1163.2,1163.27 1 0
github.com/brizzai/brizz-code/internal/ui/app.go:1163.27,1165.3 1 0
github.com/brizzai/brizz-code/internal/ui/app.go:1166.2,1169.33 3 0
github.com/brizzai/brizz-code/internal/ui/app.go:1169.33,1170.45 1 0
github.com/brizzai/brizz-code/internal/ui/app.go:1170.45,1172.9 2 0
github.com/brizzai/brizz-code/internal/ui/app.go:1175.2,1175.18 1 0
github.com/brizzai/brizz-code/internal/ui/app.go:1180.45,1184.27 3 0
github.com/brizzai/brizz-code/internal/ui/app.go:1184.27,1186.3 1 0
github.com/brizzai/brizz-code/internal/ui/app.go:1187.2,1194.29 4 0
github.com/brizzai/brizz-code/internal/ui/app.go:1194.29,1195.34 1 0
github.com/brizzai/brizz-code/internal/ui/app.go:1195.34,1197.4 1 0
github.com/brizzai/brizz-code/internal/ui/app.go:1199.2,1199.27 1 0
github.com/brizzai/brizz-code/internal/ui/app.go:1199.27,1201.3 1 0
github.com/brizzai/brizz-code/internal/ui/app.go:1204.2,1205.89 2 0
github.com/brizzai/brizz-code/internal/ui/app.go:1205.89,1206.51 1 0
github.com/brizzai/brizz-code/internal/ui/app.go:1206.51,1208.4 1 0
github.com/brizzai/brizz-code/internal/ui/app.go:1210.2,1211.32 2 0
github.com/brizzai/brizz-code/internal/ui/app.go:1211.32,1212.26 1 0
github.com/brizzai/brizz-code/internal/ui/app.go:1212.26,1214.9 2 0
github.com/brizzai/brizz-code/internal/ui/app.go:1219.2,1219.53 1 0
github.com/brizzai/brizz-code/internal/ui/app.go:1219.53,1222.26 3 0
github.com/brizzai/brizz-code/internal/ui/app.go:1222.26,1224.33 2 0
github.com/brizzai/brizz-code/internal/ui/app.go:1224.33,1226.5 1 0
github.com/brizzai/brizz-code/internal/ui/app.go:1228.3,1228.13 1 0
github.com/brizzai/brizz-code/internal/ui/app.go:1232.2,1233.19 2 0
github.com/brizzai/brizz-code/internal/ui/app.go:1233.19,1235.3 1 0
github.com/brizzai/brizz-code/internal/ui/app.go:1236.2,1236.19 1 0
github.com/brizzai/brizz-code/internal/ui/app.go:1236.19,1238.3 1 0
github.com/brizzai/brizz-code/internal/ui/app.go:1241.2,1245.35 3 0
github.com/brizzai/brizz-code/internal/ui/app.go:1245.35,1246.82 1 0
github.com/brizzai/brizz-code/internal/ui/app.go:1246.82,1250.4 3 0
github.com/brizzai/brizz-code/internal/ui/app.go:1254.41,1255.88 1 0
github.com/brizzai/brizz-code/internal/ui/app.go:1255.88,1257.3 1 0
github.com/brizzai/brizz-code/internal/ui/app.go:1258.2,1259.14 2 0
github.com/brizzai/brizz-code/internal/ui/app.go:1259.14,1261.3 1 0
github.com/brizzai/brizz-code/internal/ui/app.go:1262.2,1263.12 2 0
github.com/brizzai/brizz-code/internal/ui/app.go:1266.45,1267.88 1 0
github.com/brizzai/brizz-code/internal/ui/app.go:1267.88,1269.3 1 0
github.com/brizzai/brizz-code/internal/ui/app.go:1270.2,1271.14 2 0
github.com/brizzai/brizz-code/internal/ui/app.go:1271.14,1273.3 1 0
github.com/brizzai/brizz-code/internal/ui/app.go:1274.2,1275.21 2 0
github.com/brizzai/brizz-code/internal/ui/app.go:1275.21,1276.25 1 0
github.com/brizzai/brizz-code/internal/ui/app.go:1276.25,1278.4 1 0
github.com/brizzai/brizz-code/internal/ui/app.go:1280.2,1281.24 2 0
github.com/brizzai/brizz-code/internal/ui/app.go:1281.24,1284.37 3 0
github.com/brizzai/brizz-code/internal/ui/app.go:1284.37,1287.4 2 0
github.com/brizzai/brizz-code/internal/ui/app.go:1288.3,1288.25 1 0
github.com/brizzai/brizz-code/internal/ui/app.go:1292.47,1293.88 1 0
github.com/brizzai/brizz-code/internal/ui/app.go:1293.88,1295.3 1 0
github.com/brizzai/brizz-code/internal/ui/app.go:1296.2,1297.30 2 0
github.com/brizzai/brizz-code/internal/ui/app.go:1297.30,1299.3 1 0
github.com/brizzai/brizz-code/internal/ui/app.go:1300.2,1300.44 1 0
github.com/brizzai/brizz-code/internal/ui/app.go:1300.44,1303.3 2 0
github.com/brizzai/brizz-code/internal/ui/app.go:1304.2,1306.24 3 0
github.com/brizzai/brizz-code/internal/ui/app.go:1306.24,1312.3 3 0
github.com/brizzai/brizz-code/internal/ui/app.go:1317.55,1318.58 1 0
github.com/brizzai/brizz-code/internal/ui/app.go:1318.58,1320.17 2 0
github.com/brizzai/brizz-code/internal/ui/app.go:1320.17,1323.4 2 0
github.com/brizzai/brizz-code/internal/ui/app.go:1324.3,1324.23 1 0
github.com/brizzai/brizz-code/internal/ui/app.go:1326.2,1326.24 1 0
github.com/brizzai/brizz-code/internal/ui/app.go:1329.41,1331.30 2 0
github.com/brizzai/brizz-code/internal/ui/app.go:1331.30,1334.3 2 0
github.com/brizzai/brizz-code/internal/ui/app.go:1335.2,1338.22 4 0
github.com/brizzai/brizz-code/internal/ui/app.go:1341.36,1342.66 1 0
github.com/brizzai/brizz-code/internal/ui/app.go:1342.66,1344.3 1 0
github.com/brizzai/brizz-code/internal/ui/app.go:1347.68,1349.30 2 0
github.com/brizzai/brizz-code/internal/ui/app.go:1349.30,1353.3 3 0
github.com/brizzai/brizz-code/internal/ui/app.go:1355.2,1355.28 1 0
github.com/brizzai/brizz-code/internal/ui/app.go:1355.28,1360.3 4 0
github.com/brizzai/brizz-code/internal/ui/app.go:1362.2,1363.15 2 0
github.com/brizzai/brizz-code/internal/ui/app.go:1363.15,1368.3 4 0
github.com/brizzai/brizz-code/internal/ui/app.go:1370.2,1372.18 2 0
github.com/brizzai/brizz-code/internal/ui/app.go:1373.20,1374.31 1 0
github.com/brizzai/brizz-code/internal/ui/app.go:1375.24,1376.32 1 0
github.com/brizzai/brizz-code/internal/ui/app.go:1377.18,1378.29 1 0
github.com/brizzai/brizz-code/internal/ui/app.go:1379.20,1380.31 1 0
github.com/brizzai/brizz-code/internal/ui/app.go:1381.17,1382.28 1 0
github.com/brizzai/brizz-code/internal/ui/app.go:1383.19,1384.30 1 0
github.com/brizzai/brizz-code/internal/ui/app.go:1385.19,1386.30 1 0
github.com/brizzai/brizz-code/internal/ui/app.go:1387.20,1388.31 1 0
github.com/brizzai/brizz-code/internal/ui/app.go:1389.19,1390.30 1 0
github.com/brizzai/brizz-code/internal/ui/app.go:1391.18,1392.29 1 0
github.com/brizzai/brizz-code/internal/ui/app.go:1393.19,1394.32 1 0
github.com/brizzai/brizz-code/internal/ui/app.go:1395.21,1396.34 1 0
github.com/brizzai/brizz-code/internal/ui/app.go:1397.21,1398.28 1 0
github.com/brizzai/brizz-code/internal/ui/app.go:1399.20,1400.29 1 0
github.com/brizzai/brizz-code/internal/ui/app.go:1401.20,1402.29 1 0
github.com/brizzai/brizz-code/internal/ui/app.go:1403.20,1404.29 1 0
github.com/brizzai/brizz-code/internal/ui/app.go:1405.20,1406.29 1 0
github.com/brizzai/brizz-code/internal/ui/app.go:1407.20,1408.29 1 0
github.com/brizzai/brizz-code/internal/ui/app.go:1409.20,1410.29 1 0
github.com/brizzai/brizz-code/internal/ui/app.go:1411.20,1412.29 1 0
github.com/brizzai/brizz-code/internal/ui/app.go:1413.20,1414.48 1 0
github.com/brizzai/brizz-code/internal/ui/app.go:1415.10,1416.37 1 0
github.com/brizzai/brizz-code/internal/ui/app.go:1416.37,1418.4 1 0
github.com/brizzai/brizz-code/internal/ui/app.go:1420.2,1420.15 1 0
github.com/brizzai/brizz-code/internal/ui/app.go:1423.62,1426.24 3 0
github.com/brizzai/brizz-code/internal/ui/app.go:1426.24,1429.3 2 0
github.com/brizzai/brizz-code/internal/ui/app.go:1432.42,1434.16 2 0
github.com/brizzai/brizz-code/internal/ui/app.go:1434.16,1438.3 3 0
github.com/brizzai/brizz-code/internal/ui/app.go:1440.2,1441.56 2 0
github.com/brizzai/brizz-code/internal/ui/app.go:1441.56,1445.3 3 0
github.com/brizzai/brizz-code/internal/ui/app.go:1447.2,1450.24 3 0
github.com/brizzai/brizz-code/internal/ui/app.go:1450.24,1461.17 4 0
github.com/brizzai/brizz-code/internal/ui/app.go:1461.17,1464.70 2 0
github.com/brizzai/brizz-code/internal/ui/app.go:1464.70,1467.5 2 0
github.com/brizzai/brizz-code/internal/ui/app.go:1469.3,1469.21 1 0
github.com/brizzai/brizz-code/internal/ui/app.go:1473.41,1475.9 2 0
github.com/brizzai/brizz-code/internal/ui/app.go:1475.9,1477.3 1 0
github.com/brizzai/brizz-code/internal/ui/app.go:1479.2,1482.17 2 0
github.com/brizzai/brizz-code/internal/ui/app.go:1482.17,1483.34 1 0
github.com/brizzai/brizz-code/internal/ui/app.go:1483.34,1485.4 1 0
github.com/brizzai/brizz-code/internal/ui/app.go:1489.2,1489.52 1 0
github.com/brizzai/brizz-code/internal/ui/app.go:1489.52,1491.3 1 0
github.com/brizzai/brizz-code/internal/ui/app.go:1494.2,1494.105 1 0
github.com/brizzai/brizz-code/internal/ui/app.go:1494.105,1496.3 1 0
github.com/brizzai/brizz-code/internal/ui/app.go:1499.2,1500.34 2 0
github.com/brizzai/brizz-code/internal/ui/app.go:1500.34,1501.20 1 0
github.com/brizzai/brizz-code/internal/ui/app.go:1501.20,1503.4 1 0
github.com/brizzai/brizz-code/internal/ui/app.go:1505.2,1510.34 4 0
github.com/brizzai/brizz-code/internal/ui/app.go:1510.34,1512.3 1 0
github.com/brizzai/brizz-code/internal/ui/app.go:1513.2,1513.18 1 0
github.com/brizzai/brizz-code/internal/ui/app.go:1513.18,1515.3 1 0
github.com/brizzai/brizz-code/internal/ui/app.go:1516.2,1516.64 1 0
github.com/brizzai/brizz-code/internal/ui/app.go:1516.64,1518.3 1 0
github.com/brizzai/brizz-code/internal/ui/app.go:1523.31,1525.47 2 0
github.com/brizzai/brizz-code/internal/ui/app.go:1525.47,1527.3 1 0
github.com/brizzai/brizz-code/internal/ui/app.go:1528.2,1528.54 1 0
github.com/brizzai/brizz-code/internal/ui/app.go:1528.54,1530.3 1 0
github.com/brizzai/brizz-code/internal/ui/app.go:1533.50,1535.9 1 0
github.com/brizzai/brizz-code/internal/ui/app.go:1536.37,1536.37 0 0
github.com/brizzai/brizz-code/internal/ui/app.go:1537.10,1537.10 0 0
github.com/brizzai/brizz-code/internal/ui/app.go:1541.2,1547.61 5 0
github.com/brizzai/brizz-code/internal/ui/app.go:1547.61,1548.107 1 0
github.com/brizzai/brizz-code/internal/ui/app.go:1548.107,1550.4 1 0
github.com/brizzai/brizz-code/internal/ui/app.go:1553.2,1554.23 2 0
github.com/brizzai/brizz-code/internal/ui/app.go:1554.23,1556.3 1 0
github.com/brizzai/brizz-code/internal/ui/app.go:1557.2,1557.30 1 0
github.com/brizzai/brizz-code/internal/ui/app.go:1562.31,1566.6 3 0
github.com/brizzai/brizz-code/internal/ui/app.go:1566.6,1567.10 1 0
github.com/brizzai/brizz-code/internal/ui/app.go:1568.23,1569.10 1 0
github.com/brizzai/brizz-code/internal/ui/app.go:1570.26,1570.26 0 0
github.com/brizzai/brizz-code/internal/ui/app.go:1571.19,1571.19 0 0
github.com/brizzai/brizz-code/internal/ui/app.go:1574.3,1574.24 1 0
github.com/brizzai/brizz-code/internal/ui/app.go:1578.36,1580.15 1 0
github.com/brizzai/brizz-code/internal/ui/app.go:1580.15,1581.31 1 0
github.com/brizzai/brizz-code/internal/ui/app.go:1581.31,1583.4 1 0
github.com/brizzai/brizz-code/internal/ui/app.go:1587.2,1595.24 6 0
github.com/brizzai/brizz-code/internal/ui/app.go:1595.24,1597.3 1 0
github.com/brizzai/brizz-code/internal/ui/app.go:1600.2,1600.26 1 0
github.com/brizzai/brizz-code/internal/ui/app.go:1600.26,1601.30 1 0
github.com/brizzai/brizz-code/internal/ui/app.go:1601.30,1603.17 2 0
github.com/brizzai/brizz-code/internal/ui/app.go:1603.17,1615.75 5 0
github.com/brizzai/brizz-code/internal/ui/app.go:1615.75,1616.85 1 0
github.com/brizzai/brizz-code/internal/ui/app.go:1616.85,1618.7 1 0
github.com/brizzai/brizz-code/internal/ui/app.go:1622.5,1622.40 1 0
github.com/brizzai/brizz-code/internal/ui/app.go:1622.40,1623.77 1 0
github.com/brizzai/brizz-code/internal/ui/app.go:1623.77,1625.7 1 0
github.com/brizzai/brizz-code/internal/ui/app.go:1626.6,1626.106 1 0
github.com/brizzai/brizz-code/internal/ui/app.go:1626.106,1628.65 2 0
github.com/brizzai/brizz-code/internal/ui/app.go:1628.65,1630.8 1 0
github.com/brizzai/brizz-code/internal/ui/app.go:1633.5,1633.63 1 0
github.com/brizzai/brizz-code/internal/ui/app.go:1633.63,1634.77 1 0
github.com/brizzai/brizz-code/internal/ui/app.go:1634.77,1636.7 1 0
github.com/brizzai/brizz-code/internal/ui/app.go:1644.2,1644.31 1 0
github.com/brizzai/brizz-code/internal/ui/app.go:1644.31,1645.30 1 0
github.com/brizzai/brizz-code/internal/ui/app.go:1645.30,1646.25 1 0
github.com/brizzai/brizz-code/internal/ui/app.go:1646.25,1647.13 1 0
github.com/brizzai/brizz-code/internal/ui/app.go:1651.4,1651.87 1 0
github.com/brizzai/brizz-code/internal/ui/app.go:1651.87,1654.50 3 0
github.com/brizzai/brizz-code/internal/ui/app.go:1654.50,1657.62 3 0
github.com/brizzai/brizz-code/internal/ui/app.go:1657.62,1659.7 1 0
github.com/brizzai/brizz-code/internal/ui/app.go:1660.6,1661.63 2 0
github.com/brizzai/brizz-code/internal/ui/app.go:1661.63,1663.7 1 0
github.com/brizzai/brizz-code/internal/ui/app.go:1666.4,1666.33 1 0
github.com/brizzai/brizz-code/internal/ui/app.go:1666.33,1667.13 1 0
github.com/brizzai/brizz-code/internal/ui/app.go:1671.4,1671.48 1 0
github.com/brizzai/brizz-code/internal/ui/app.go:1671.48,1673.40 2 0
github.com/brizzai/brizz-code/internal/ui/app.go:1673.40,1675.63 2 0
github.com/brizzai/brizz-code/internal/ui/app.go:1675.63,1677.7 1 0
github.com/brizzai/brizz-code/internal/ui/app.go:1679.5,1680.62 2 0
github.com/brizzai/brizz-code/internal/ui/app.go:1680.62,1682.6 1 0
github.com/brizzai/brizz-code/internal/ui/app.go:1683.5,1683.10 1 0
github.com/brizzai/brizz-code/internal/ui/app.go:1689.2,1690.27 2 0
github.com/brizzai/brizz-code/internal/ui/app.go:1690.27,1692.3 1 0
github.com/brizzai/brizz-code/internal/ui/app.go:1693.2,1693.29 1 0
github.com/brizzai/brizz-code/internal/ui/app.go:1693.29,1699.29 6 0
github.com/brizzai/brizz-code/internal/ui/app.go:1699.29,1700.74 1 0
github.com/brizzai/brizz-code/internal/ui/app.go:1700.74,1702.5 1 0
github.com/brizzai/brizz-code/internal/ui/app.go:1705.2,1709.20 3 0
github.com/brizzai/brizz-code/internal/ui/app.go:1709.20,1717.59 5 0
github.com/brizzai/brizz-code/internal/ui/app.go:1717.59,1720.4 2 0
github.com/brizzai/brizz-code/internal/ui/app.go:1721.3,1723.104 2 0
github.com/brizzai/brizz-code/internal/ui/app.go:1723.104,1725.4 1 0
github.com/brizzai/brizz-code/internal/ui/app.go:1727.3,1731.17 4 0
github.com/brizzai/brizz-code/internal/ui/app.go:1736.82,1739.29 3 0
github.com/brizzai/brizz-code/internal/ui/app.go:1739.29,1741.18 2 0
[...]
github.com/brizzai/brizz-code/internal/git/git.go:57.2,63.29 5 0
github.com/brizzai/brizz-code/internal/git/git.go:63.29,64.17 1 0
github.com/brizzai/brizz-code/internal/git/git.go:64.17,65.12 1 0
github.com/brizzai/brizz-code/internal/git/git.go:67.3,71.22 5 0
github.com/brizzai/brizz-code/internal/git/git.go:71.22,72.67 1 0
github.com/brizzai/brizz-code/internal/git/git.go:72.67,74.5 1 0
github.com/brizzai/brizz-code/internal/git/git.go:76.3,76.22 1 0
github.com/brizzai/brizz-code/internal/git/git.go:76.22,78.4 1 0
github.com/brizzai/brizz-code/internal/git/git.go:80.3,80.41 1 0
github.com/brizzai/brizz-code/internal/git/git.go:80.41,82.28 2 0
github.com/brizzai/brizz-code/internal/git/git.go:82.28,83.13 1 0
github.com/brizzai/brizz-code/internal/git/git.go:85.4,85.28 1 0
github.com/brizzai/brizz-code/internal/git/git.go:85.28,86.13 1 0
github.com/brizzai/brizz-code/internal/git/git.go:88.4,94.6 1 0
github.com/brizzai/brizz-code/internal/git/git.go:95.9,104.4 2 0
github.com/brizzai/brizz-code/internal/git/git.go:108.2,108.29 1 0
github.com/brizzai/brizz-code/internal/git/git.go:108.29,109.27 1 0
github.com/brizzai/brizz-code/internal/git/git.go:109.27,111.9 2 0
github.com/brizzai/brizz-code/internal/git/git.go:115.2,115.22 1 0
github.com/brizzai/brizz-code/internal/git/git.go:119.43,122.16 3 0
github.com/brizzai/brizz-code/internal/git/git.go:122.16,124.3 1 0
github.com/brizzai/brizz-code/internal/git/git.go:125.2,125.42 1 0
github.com/brizzai/brizz-code/internal/git/git.go:130.52,133.16 3 0
github.com/brizzai/brizz-code/internal/git/git.go:133.16,136.3 2 0
github.com/brizzai/brizz-code/internal/git/git.go:137.2,137.12 1 0
github.com/brizzai/brizz-code/internal/git/git.go:142.47,145.45 2 0
github.com/brizzai/brizz-code/internal/git/git.go:145.45,148.3 2 0
github.com/brizzai/brizz-code/internal/git/git.go:148.8,150.3 1 0
github.com/brizzai/brizz-code/internal/git/git.go:152.2,152.50 1 0
github.com/brizzai/brizz-code/internal/git/git.go:152.50,154.23 2 0
github.com/brizzai/brizz-code/internal/git/git.go:154.23,156.4 1 0
github.com/brizzai/brizz-code/internal/git/git.go:158.2,159.15 2 0
github.com/brizzai/brizz-code/internal/git/git.go:163.39,166.16 3 0
github.com/brizzai/brizz-code/internal/git/git.go:166.16,168.3 1 0
github.com/brizzai/brizz-code/internal/git/git.go:170.2,172.16 3 0
github.com/brizzai/brizz-code/internal/git/git.go:172.16,174.3 1 0
github.com/brizzai/brizz-code/internal/git/git.go:176.2,180.33 3 0
github.com/brizzai/brizz-code/internal/git/git.go:180.33,182.3 1 0
github.com/brizzai/brizz-code/internal/git/git.go:183.2,183.36 1 0
github.com/brizzai/brizz-code/internal/git/git.go:183.36,185.3 1 0
github.com/brizzai/brizz-code/internal/git/git.go:187.2,190.36 3 0
github.com/brizzai/brizz-code/internal/git/repo_info.go:22.48,29.2 1 0
github.com/brizzai/brizz-code/internal/git/repo_info.go:33.53,35.16 2 0
github.com/brizzai/brizz-code/internal/git/repo_info.go:35.16,37.3 1 0
github.com/brizzai/brizz-code/internal/git/repo_info.go:38.2,39.33 2 0
github.com/brizzai/brizz-code/internal/debuglog/debuglog.go:20.23,22.16 2 0
github.com/brizzai/brizz-code/internal/debuglog/debuglog.go:22.16,24.3 1 0
github.com/brizzai/brizz-code/internal/debuglog/debuglog.go:25.2,25.66 1 0
github.com/brizzai/brizz-code/internal/debuglog/debuglog.go:30.13,35.16 5 0
github.com/brizzai/brizz-code/internal/debuglog/debuglog.go:35.16,37.3 1 0
github.com/brizzai/brizz-code/internal/debuglog/debuglog.go:38.2,41.36 4 0
github.com/brizzai/brizz-code/internal/debuglog/debuglog.go:41.36,43.3 1 0
github.com/brizzai/brizz-code/internal/debuglog/debuglog.go:44.2,45.13 2 0
github.com/brizzai/brizz-code/internal/debuglog/debuglog.go:49.14,52.20 3 0
github.com/brizzai/brizz-code/internal/debuglog/debuglog.go:52.20,55.3 2 0
github.com/brizzai/brizz-code/internal/debuglog/debuglog.go:59.36,61.45 2 0
github.com/brizzai/brizz-code/internal/debuglog/debuglog.go:61.45,63.3 1 0
github.com/brizzai/brizz-code/internal/debuglog/debuglog.go:64.2,65.16 2 0
github.com/brizzai/brizz-code/internal/debuglog/debuglog.go:65.16,67.3 1 0
github.com/brizzai/brizz-code/internal/debuglog/debuglog.go:68.2,69.27 2 0
github.com/brizzai/brizz-code/internal/debuglog/debuglog.go:69.27,71.3 1 0
github.com/brizzai/brizz-code/internal/debuglog/debuglog.go:73.2,73.25 1 0
github.com/brizzai/brizz-code/internal/debuglog/debuglog.go:73.25,74.16 1 0
github.com/brizzai/brizz-code/internal/debuglog/debuglog.go:74.16,76.9 2 0
github.com/brizzai/brizz-code/internal/debuglog/debuglog.go:79.2,79.36 1 0
github.com/brizzai/brizz-code/cmd/brizz-code/chrome_host.go:10.25,16.2 4 0
github.com/brizzai/brizz-code/cmd/brizz-code/hook_handler.go:25.44,26.15 1 0
github.com/brizzai/brizz-code/cmd/brizz-code/hook_handler.go:27.26,28.19 1 0
github.com/brizzai/brizz-code/cmd/brizz-code/hook_handler.go:29.14,30.20 1 0
github.com/brizzai/brizz-code/cmd/brizz-code/hook_handler.go:31.27,32.19 1 0
github.com/brizzai/brizz-code/cmd/brizz-code/hook_handler.go:33.22,34.12 1 0
github.com/brizzai/brizz-code/cmd/brizz-code/hook_handler.go:35.22,36.20 1 0
github.com/brizzai/brizz-code/cmd/brizz-code/hook_handler.go:37.20,38.16 1 0
github.com/brizzai/brizz-code/cmd/brizz-code/hook_handler.go:39.10,40.12 1 0
github.com/brizzai/brizz-code/cmd/brizz-code/hook_handler.go:47.26,52.15 4 0
github.com/brizzai/brizz-code/cmd/brizz-code/hook_handler.go:52.15,53.31 1 0
github.com/brizzai/brizz-code/cmd/brizz-code/hook_handler.go:53.31,55.4 1 0
github.com/brizzai/brizz-code/cmd/brizz-code/hook_handler.go:58.2,59.34 2 0
github.com/brizzai/brizz-code/cmd/brizz-code/hook_handler.go:59.34,61.3 1 0
github.com/brizzai/brizz-code/cmd/brizz-code/hook_handler.go:63.2,64.55 2 0
github.com/brizzai/brizz-code/cmd/brizz-code/hook_handler.go:64.55,67.3 2 0
github.com/brizzai/brizz-code/cmd/brizz-code/hook_handler.go:69.2,70.22 2 0
github.com/brizzai/brizz-code/cmd/brizz-code/hook_handler.go:70.22,77.3 2 0
github.com/brizzai/brizz-code/cmd/brizz-code/hook_handler.go:79.2,82.71 2 0
github.com/brizzai/brizz-code/cmd/brizz-code/hook_handler.go:82.71,84.67 2 0
github.com/brizzai/brizz-code/cmd/brizz-code/hook_handler.go:84.67,85.19 1 0
github.com/brizzai/brizz-code/cmd/brizz-code/hook_handler.go:86.51,87.23 1 0
github.com/brizzai/brizz-code/cmd/brizz-code/hook_handler.go:88.23,89.24 1 0
github.com/brizzai/brizz-code/cmd/brizz-code/hook_handler.go:94.2,94.18 1 0
github.com/brizzai/brizz-code/cmd/brizz-code/hook_handler.go:94.18,97.3 2 0
github.com/brizzai/brizz-code/cmd/brizz-code/hook_handler.go:99.2,109.73 4 0
github.com/brizzai/brizz-code/cmd/brizz-code/hook_handler.go:109.73,111.3 1 0
github.com/brizzai/brizz-code/cmd/brizz-code/hook_handler.go:114.2,116.69 3 0
github.com/brizzai/brizz-code/cmd/brizz-code/hook_handler.go:116.69,118.52 2 0
github.com/brizzai/brizz-code/cmd/brizz-code/hook_handler.go:118.52,120.4 1 0
github.com/brizzai/brizz-code/cmd/brizz-code/hook_handler.go:124.2,124.49 1 0
github.com/brizzai/brizz-code/cmd/brizz-code/hook_handler.go:124.49,126.3 1 0
github.com/brizzai/brizz-code/cmd/brizz-code/hook_handler.go:128.2,137.72 2 0
github.com/brizzai/brizz-code/cmd/brizz-code/hook_handler.go:137.72,139.3 1 0
github.com/brizzai/brizz-code/cmd/brizz-code/hook_handler.go:142.2,142.31 1 0
github.com/brizzai/brizz-code/cmd/brizz-code/hook_handler.go:146.36,147.20 1 0
github.com/brizzai/brizz-code/cmd/brizz-code/hook_handler.go:147.20,150.3 2 0
github.com/brizzai/brizz-code/cmd/brizz-code/hook_handler.go:152.2,154.17 2 0
github.com/brizzai/brizz-code/cmd/brizz-code/hook_handler.go:155.17,157.17 2 0
github.com/brizzai/brizz-code/cmd/brizz-code/hook_handler.go:157.17,160.4 2 0
github.com/brizzai/brizz-code/cmd/brizz-code/hook_handler.go:161.3,161.16 1 0
github.com/brizzai/brizz-code/cmd/brizz-code/hook_handler.go:161.16,164.4 2 0
github.com/brizzai/brizz-code/cmd/brizz-code/hook_handler.go:164.9,166.4 1 0
github.com/brizzai/brizz-code/cmd/brizz-code/hook_handler.go:167.19,169.17 2 0
github.com/brizzai/brizz-code/cmd/brizz-code/hook_handler.go:169.17,172.4 2 0
github.com/brizzai/brizz-code/cmd/brizz-code/hook_handler.go:173.3,173.14 1 0
github.com/brizzai/brizz-code/cmd/brizz-code/hook_handler.go:173.14,175.4 1 0
github.com/brizzai/brizz-code/cmd/brizz-code/hook_handler.go:175.9,177.4 1 0
github.com/brizzai/brizz-code/cmd/brizz-code/hook_handler.go:178.16,180.16 2 0
github.com/brizzai/brizz-code/cmd/brizz-code/hook_handler.go:180.16,183.4 2 0
github.com/brizzai/brizz-code/cmd/brizz-code/hook_handler.go:183.9,186.4 2 0
github.com/brizzai/brizz-code/cmd/brizz-code/hook_handler.go:187.10,190.13 3 0
github.com/brizzai/brizz-code/cmd/brizz-code/hook_handler.go:195.43,197.16 2 0
github.com/brizzai/brizz-code/cmd/brizz-code/hook_handler.go:197.16,199.3 1 0
github.com/brizzai/brizz-code/cmd/brizz-code/hook_handler.go:201.2,202.32 2 0
github.com/brizzai/brizz-code/cmd/brizz-code/hook_handler.go:202.32,203.61 1 0
github.com/brizzai/brizz-code/cmd/brizz-code/hook_handler.go:203.61,204.12 1 0
github.com/brizzai/brizz-code/cmd/brizz-code/hook_handler.go:206.3,207.17 2 0
github.com/brizzai/brizz-code/cmd/brizz-code/hook_handler.go:207.17,208.12 1 0
github.com/brizzai/brizz-code/cmd/brizz-code/hook_handler.go:210.3,210.36 1 0
github.com/brizzai/brizz-code/cmd/brizz-code/hook_handler.go:210.36,212.4 1 0
github.com/brizzai/brizz-code/cmd/brizz-code/main.go:23.13,26.20 2 0
github.com/brizzai/brizz-code/cmd/brizz-code/main.go:26.20,29.3 2 0
github.com/brizzai/brizz-code/cmd/brizz-code/main.go:33.2,33.55 1 0
github.com/brizzai/brizz-code/cmd/brizz-code/main.go:33.55,36.3 2 0
github.com/brizzai/brizz-code/cmd/brizz-code/main.go:38.2,38.17 1 0
github.com/brizzai/brizz-code/cmd/brizz-code/main.go:39.13,40.20 1 0
github.com/brizzai/brizz-code/cmd/brizz-code/main.go:40.20,43.4 2 0
github.com/brizzai/brizz-code/cmd/brizz-code/main.go:44.3,44.18 1 0
github.com/brizzai/brizz-code/cmd/brizz-code/main.go:45.20,46.12 1 0
github.com/brizzai/brizz-code/cmd/brizz-code/main.go:47.22,48.20 1 0
github.com/brizzai/brizz-code/cmd/brizz-code/main.go:48.20,51.4 2 0
github.com/brizzai/brizz-code/cmd/brizz-code/main.go:52.3,52.21 1 0
github.com/brizzai/brizz-code/cmd/brizz-code/main.go:53.22,54.22 1 0
github.com/brizzai/brizz-code/cmd/brizz-code/main.go:55.21,56.21 1 0
github.com/brizzai/brizz-code/cmd/brizz-code/main.go:57.15,58.27 1 0
github.com/brizzai/brizz-code/cmd/brizz-code/main.go:59.16,60.14 1 0
github.com/brizzai/brizz-code/cmd/brizz-code/main.go:61.36,62.41 1 0
github.com/brizzai/brizz-code/cmd/brizz-code/main.go:63.30,64.15 1 0
github.com/brizzai/brizz-code/cmd/brizz-code/main.go:65.10,68.13 3 0
github.com/brizzai/brizz-code/cmd/brizz-code/main.go:72.15,77.47 4 0
github.com/brizzai/brizz-code/cmd/brizz-code/main.go:77.47,80.3 2 0
github.com/brizzai/brizz-code/cmd/brizz-code/main.go:82.2,85.75 2 0
github.com/brizzai/brizz-code/cmd/brizz-code/main.go:85.75,88.17 3 0
github.com/brizzai/brizz-code/cmd/brizz-code/main.go:88.17,90.4 1 0
github.com/brizzai/brizz-code/cmd/brizz-code/main.go:90.9,90.26 1 0
github.com/brizzai/brizz-code/cmd/brizz-code/main.go:90.26,95.4 4 0
github.com/brizzai/brizz-code/cmd/brizz-code/main.go:95.9,97.4 1 0
github.com/brizzai/brizz-code/cmd/brizz-code/main.go:100.2,101.16 2 0
github.com/brizzai/brizz-code/cmd/brizz-code/main.go:101.16,104.3 2 0
github.com/brizzai/brizz-code/cmd/brizz-code/main.go:105.2,114.35 4 0
github.com/brizzai/brizz-code/cmd/brizz-code/main.go:114.35,117.3 2 0
github.com/brizzai/brizz-code/cmd/brizz-code/main.go:120.26,121.47 1 0
github.com/brizzai/brizz-code/cmd/brizz-code/main.go:121.47,124.3 2 0
github.com/brizzai/brizz-code/cmd/brizz-code/main.go:127.2,129.33 3 0
github.com/brizzai/brizz-code/cmd/brizz-code/main.go:129.33,132.3 2 0
github.com/brizzai/brizz-code/cmd/brizz-code/main.go:134.2,135.16 2 0
github.com/brizzai/brizz-code/cmd/brizz-code/main.go:135.16,138.3 2 0
github.com/brizzai/brizz-code/cmd/brizz-code/main.go:139.2,144.34 4 0
github.com/brizzai/brizz-code/cmd/brizz-code/main.go:144.34,147.3 2 0
github.com/brizzai/brizz-code/cmd/brizz-code/main.go:149.2,149.55 1 0
github.com/brizzai/brizz-code/cmd/brizz-code/main.go:149.55,152.3 2 0
github.com/brizzai/brizz-code/cmd/brizz-code/main.go:154.2,154.56 1 0
github.com/brizzai/brizz-code/cmd/brizz-code/main.go:157.16,159.16 2 0
github.com/brizzai/brizz-code/cmd/brizz-code/main.go:159.16,162.3 2 0
github.com/brizzai/brizz-code/cmd/brizz-code/main.go:163.2,166.16 3 0
github.com/brizzai/brizz-code/cmd/brizz-code/main.go:166.16,169.3 2 0
github.com/brizzai/brizz-code/cmd/brizz-code/main.go:171.2,171.20 1 0
github.com/brizzai/brizz-code/cmd/brizz-code/main.go:171.20,174.3 2 0
github.com/brizzai/brizz-code/cmd/brizz-code/main.go:176.2,178.25 3 0
github.com/brizzai/brizz-code/cmd/brizz-code/main.go:178.25,181.24 2 0
github.com/brizzai/brizz-code/cmd/brizz-code/main.go:181.24,183.4 1 0
github.com/brizzai/brizz-code/cmd/brizz-code/main.go:184.3,184.80 1 0
github.com/brizzai/brizz-code/cmd/brizz-code/main.go:186.2,186.11 1 0
github.com/brizzai/brizz-code/cmd/brizz-code/main.go:189.33,191.16 2 0
github.com/brizzai/brizz-code/cmd/brizz-code/main.go:191.16,194.3 2 0
github.com/brizzai/brizz-code/cmd/brizz-code/main.go:195.2,198.16 3 0
github.com/brizzai/brizz-code/cmd/brizz-code/main.go:198.16,201.3 2 0
github.com/brizzai/brizz-code/cmd/brizz-code/main.go:204.2,205.25 2 0
github.com/brizzai/brizz-code/cmd/brizz-code/main.go:205.25,206.40 1 0
github.com/brizzai/brizz-code/cmd/brizz-code/main.go:206.40,207.20 1 0
github.com/brizzai/brizz-code/cmd/brizz-code/main.go:207.20,210.5 2 0
github.com/brizzai/brizz-code/cmd/brizz-code/main.go:211.4,211.13 1 0
github.com/brizzai/brizz-code/cmd/brizz-code/main.go:215.2,215.18 1 0
github.com/brizzai/brizz-code/cmd/brizz-code/main.go:215.18,218.3 2 0
github.com/brizzai/brizz-code/cmd/brizz-code/main.go:221.2,222.17 2 0
github.com/brizzai/brizz-code/cmd/brizz-code/main.go:222.17,224.3 1 0
github.com/brizzai/brizz-code/cmd/brizz-code/main.go:226.2,226.56 1 0
github.com/brizzai/brizz-code/cmd/brizz-code/main.go:226.56,229.3 2 0
github.com/brizzai/brizz-code/cmd/brizz-code/main.go:231.2,231.66 1 0
github.com/brizzai/brizz-code/cmd/brizz-code/main.go:234.18,238.16 4 0
github.com/brizzai/brizz-code/cmd/brizz-code/main.go:238.16,241.3 2 0
github.com/brizzai/brizz-code/cmd/brizz-code/main.go:242.2,242.18 1 0
github.com/brizzai/brizz-code/cmd/brizz-code/main.go:242.18,244.3 1 0
github.com/brizzai/brizz-code/cmd/brizz-code/main.go:244.8,246.3 1 0
github.com/brizzai/brizz-code/cmd/brizz-code/main.go:249.19,261.2 2 0
github.com/brizzai/brizz-code/cmd/brizz-code/main.go:263.37,264.35 1 0
github.com/brizzai/brizz-code/cmd/brizz-code/main.go:264.35,267.3 2 0
github.com/brizzai/brizz-code/cmd/brizz-code/main.go:268.2,269.16 2 0
github.com/brizzai/brizz-code/cmd/brizz-code/main.go:269.16,271.3 1 0
github.com/brizzai/brizz-code/cmd/brizz-code/main.go:272.2,272.12 1 0
github.com/brizzai/brizz-code/internal/update/update.go:37.25,40.2 2 0
github.com/brizzai/brizz-code/internal/update/update.go:43.25,46.16 3 0
github.com/brizzai/brizz-code/internal/update/update.go:46.16,48.3 1 0
github.com/brizzai/brizz-code/internal/update/update.go:49.2,50.16 2 0
github.com/brizzai/brizz-code/internal/update/update.go:50.16,52.3 1 0
github.com/brizzai/brizz-code/internal/update/update.go:53.2,53.49 1 0
github.com/brizzai/brizz-code/internal/update/update.go:57.22,61.2 3 0
github.com/brizzai/brizz-code/internal/update/update.go:64.23,65.53 1 0
github.com/brizzai/brizz-code/internal/update/update.go:65.53,67.3 1 0
github.com/brizzai/brizz-code/internal/update/update.go:69.2,70.16 2 0
github.com/brizzai/brizz-code/internal/update/update.go:70.16,71.51 1 0
github.com/brizzai/brizz-code/internal/update/update.go:71.51,73.4 1 0
github.com/brizzai/brizz-code/internal/update/update.go:75.2,75.11 1 0
github.com/brizzai/brizz-code/internal/update/update.go:79.49,83.16 3 0
github.com/brizzai/brizz-code/internal/update/update.go:83.16,85.3 1 0
github.com/brizzai/brizz-code/internal/update/update.go:86.2,87.37 2 0
github.com/brizzai/brizz-code/internal/update/update.go:87.37,89.3 1 0
github.com/brizzai/brizz-code/internal/update/update.go:91.2,92.16 2 0
github.com/brizzai/brizz-code/internal/update/update.go:92.16,94.3 1 0
github.com/brizzai/brizz-code/internal/update/update.go:95.2,97.28 2 0
github.com/brizzai/brizz-code/internal/update/update.go:97.28,99.3 1 0
github.com/brizzai/brizz-code/internal/update/update.go:101.2,102.68 2 0
github.com/brizzai/brizz-code/internal/update/update.go:102.68,104.3 1 0
github.com/brizzai/brizz-code/internal/update/update.go:105.2,105.22 1 0
github.com/brizzai/brizz-code/internal/update/update.go:110.57,112.16 2 0
github.com/brizzai/brizz-code/internal/update/update.go:112.16,114.3 1 0
github.com/brizzai/brizz-code/internal/update/update.go:116.2,119.23 3 0
github.com/brizzai/brizz-code/internal/update/update.go:119.23,121.3 1 0
github.com/brizzai/brizz-code/internal/update/update.go:123.2,123.29 1 0
github.com/brizzai/brizz-code/internal/update/update.go:128.52,130.16 2 0
github.com/brizzai/brizz-code/internal/update/update.go:130.16,132.3 1 0
github.com/brizzai/brizz-code/internal/update/update.go:134.2,136.23 3 0
github.com/brizzai/brizz-code/internal/update/update.go:136.23,139.3 2 0
github.com/brizzai/brizz-code/internal/update/update.go:141.2,146.35 4 0
github.com/brizzai/brizz-code/internal/update/update.go:146.35,147.28 1 0
github.com/brizzai/brizz-code/internal/update/update.go:147.28,149.9 2 0
github.com/brizzai/brizz-code/internal/update/update.go:152.2,152.20 1 0
github.com/brizzai/brizz-code/internal/update/update.go:152.20,154.3 1 0
github.com/brizzai/brizz-code/internal/update/update.go:157.2,159.16 3 0
github.com/brizzai/brizz-code/internal/update/update.go:159.16,161.3 1 0
github.com/brizzai/brizz-code/internal/update/update.go:162.2,163.37 2 0
github.com/brizzai/brizz-code/internal/update/update.go:163.37,165.3 1 0
github.com/brizzai/brizz-code/internal/update/update.go:167.2,168.16 2 0
github.com/brizzai/brizz-code/internal/update/update.go:168.16,170.3 1 0
github.com/brizzai/brizz-code/internal/update/update.go:171.2,173.28 2 0
github.com/brizzai/brizz-code/internal/update/update.go:173.28,175.3 1 0
github.com/brizzai/brizz-code/internal/update/update.go:178.2,179.16 2 0
github.com/brizzai/brizz-code/internal/update/update.go:179.16,181.3 1 0
github.com/brizzai/brizz-code/internal/update/update.go:184.2,185.16 2 0
github.com/brizzai/brizz-code/internal/update/update.go:185.16,187.3 1 0
github.com/brizzai/brizz-code/internal/update/update.go:188.2,189.16 2 0
github.com/brizzai/brizz-code/internal/update/update.go:189.16,191.3 1 0
github.com/brizzai/brizz-code/internal/update/update.go:194.2,196.16 3 0
github.com/brizzai/brizz-code/internal/update/update.go:196.16,198.3 1 0
github.com/brizzai/brizz-code/internal/update/update.go:199.2,201.49 2 0
github.com/brizzai/brizz-code/internal/update/update.go:201.49,205.3 3 0
github.com/brizzai/brizz-code/internal/update/update.go:206.2,208.48 2 0
github.com/brizzai/brizz-code/internal/update/update.go:208.48,211.3 2 0
github.com/brizzai/brizz-code/internal/update/update.go:213.2,213.52 1 0
github.com/brizzai/brizz-code/internal/update/update.go:213.52,216.3 2 0
github.com/brizzai/brizz-code/internal/update/update.go:218.2,219.29 2 0
github.com/brizzai/brizz-code/internal/update/update.go:223.49,225.16 2 0
github.com/brizzai/brizz-code/internal/update/update.go:225.16,227.3 1 0
github.com/brizzai/brizz-code/internal/update/update.go:228.2,231.6 3 0
github.com/brizzai/brizz-code/internal/update/update.go:231.6,233.20 2 0
github.com/brizzai/brizz-code/internal/update/update.go:233.20,234.9 1 0
github.com/brizzai/brizz-code/internal/update/update.go:236.3,236.17 1 0
github.com/brizzai/brizz-code/internal/update/update.go:236.17,238.4 1 0
github.com/brizzai/brizz-code/internal/update/update.go:239.3,239.77 1 0
github.com/brizzai/brizz-code/internal/update/update.go:239.77,241.4 1 0
github.com/brizzai/brizz-code/internal/update/update.go:243.2,243.66 1 0
